2023-05-26 19:40:07,059 INFO     Watching for file changes with StatReloader
2023-05-26 19:40:38,288 INFO     D:\SCI2\SCI\Lab4\mainapp\views.py changed, reloading.
2023-05-26 19:40:39,097 INFO     Watching for file changes with StatReloader
2023-05-26 19:42:49,609 INFO     D:\SCI2\SCI\Lab4\Lab4\settings.py changed, reloading.
2023-05-26 19:42:50,407 INFO     Watching for file changes with StatReloader
2023-05-26 19:47:28,079 INFO     D:\SCI2\SCI\Lab4\mainapp\views.py changed, reloading.
2023-05-26 19:47:28,709 INFO     Watching for file changes with StatReloader
2023-05-26 19:47:31,203 INFO     D:\SCI2\SCI\Lab4\mainapp\views.py changed, reloading.
2023-05-26 19:47:31,795 INFO     Watching for file changes with StatReloader
2023-05-26 19:47:33,813 INFO     somebody on the main page
2023-05-26 19:47:33,818 DEBUG    Starting new HTTPS connection (1): official-joke-api.appspot.com:443
2023-05-26 19:47:35,075 DEBUG    https://official-joke-api.appspot.com:443 "GET /random_joke HTTP/1.1" 200 None
2023-05-26 19:48:42,246 INFO     D:\SCI2\SCI\Lab4\mainapp\views.py changed, reloading.
2023-05-26 19:48:42,971 INFO     Watching for file changes with StatReloader
2023-05-26 19:49:01,924 INFO     D:\SCI2\SCI\Lab4\mainapp\views.py changed, reloading.
2023-05-26 19:49:02,540 INFO     Watching for file changes with StatReloader
2023-05-26 19:49:18,394 INFO     D:\SCI2\SCI\Lab4\mainapp\views.py changed, reloading.
2023-05-26 19:49:18,957 INFO     Watching for file changes with StatReloader
2023-05-26 19:50:00,413 INFO     D:\SCI2\SCI\Lab4\mainapp\views.py changed, reloading.
2023-05-26 19:50:00,984 INFO     Watching for file changes with StatReloader
2023-05-26 19:51:06,050 INFO     D:\SCI2\SCI\Lab4\mainapp\views.py changed, reloading.
2023-05-26 19:51:06,696 INFO     Watching for file changes with StatReloader
2023-05-26 19:51:17,425 INFO     D:\SCI2\SCI\Lab4\mainapp\views.py changed, reloading.
2023-05-26 19:51:18,075 INFO     Watching for file changes with StatReloader
2023-05-26 19:51:22,615 INFO     D:\SCI2\SCI\Lab4\mainapp\views.py changed, reloading.
2023-05-26 19:51:23,359 INFO     Watching for file changes with StatReloader
2023-05-26 19:51:35,109 INFO     D:\SCI2\SCI\Lab4\mainapp\views.py changed, reloading.
2023-05-26 19:51:35,762 INFO     Watching for file changes with StatReloader
2023-05-26 19:52:06,991 INFO     D:\SCI2\SCI\Lab4\mainapp\views.py changed, reloading.
2023-05-26 19:52:07,652 INFO     Watching for file changes with StatReloader
2023-05-26 19:52:15,294 INFO     D:\SCI2\SCI\Lab4\mainapp\views.py changed, reloading.
2023-05-26 19:52:15,965 INFO     Watching for file changes with StatReloader
2023-05-26 19:52:36,925 INFO     D:\SCI2\SCI\Lab4\mainapp\views.py changed, reloading.
2023-05-26 19:52:37,575 INFO     Watching for file changes with StatReloader
2023-05-26 19:52:47,278 INFO     D:\SCI2\SCI\Lab4\mainapp\views.py changed, reloading.
2023-05-26 19:52:47,979 INFO     Watching for file changes with StatReloader
2023-05-26 19:52:59,727 INFO     D:\SCI2\SCI\Lab4\mainapp\views.py changed, reloading.
2023-05-26 19:53:00,367 INFO     Watching for file changes with StatReloader
2023-05-26 19:53:06,952 INFO     D:\SCI2\SCI\Lab4\mainapp\views.py changed, reloading.
2023-05-26 19:53:07,567 INFO     Watching for file changes with StatReloader
2023-05-26 19:53:16,245 INFO     D:\SCI2\SCI\Lab4\mainapp\views.py changed, reloading.
2023-05-26 19:53:16,889 INFO     Watching for file changes with StatReloader
2023-05-26 19:53:23,497 INFO     D:\SCI2\SCI\Lab4\mainapp\views.py changed, reloading.
2023-05-26 19:53:24,189 INFO     Watching for file changes with StatReloader
2023-05-26 19:53:30,826 INFO     D:\SCI2\SCI\Lab4\mainapp\views.py changed, reloading.
2023-05-26 19:53:31,508 INFO     Watching for file changes with StatReloader
2023-05-26 19:53:37,111 INFO     D:\SCI2\SCI\Lab4\mainapp\views.py changed, reloading.
2023-05-26 19:53:37,744 INFO     Watching for file changes with StatReloader
2023-05-26 19:53:53,566 INFO     D:\SCI2\SCI\Lab4\mainapp\views.py changed, reloading.
2023-05-26 19:53:54,207 INFO     Watching for file changes with StatReloader
2023-05-26 19:54:01,858 INFO     D:\SCI2\SCI\Lab4\mainapp\views.py changed, reloading.
2023-05-26 19:54:02,535 INFO     Watching for file changes with StatReloader
2023-05-26 19:54:17,413 INFO     D:\SCI2\SCI\Lab4\mainapp\views.py changed, reloading.
2023-05-26 19:54:18,068 INFO     Watching for file changes with StatReloader
2023-05-26 19:54:34,960 INFO     D:\SCI2\SCI\Lab4\mainapp\views.py changed, reloading.
2023-05-26 19:54:35,593 INFO     Watching for file changes with StatReloader
2023-05-26 19:54:41,181 INFO     D:\SCI2\SCI\Lab4\mainapp\views.py changed, reloading.
2023-05-26 19:54:41,802 INFO     Watching for file changes with StatReloader
2023-05-26 20:39:23,758 INFO     Watching for file changes with StatReloader
2023-05-26 20:39:26,453 INFO     somebody on the main page
2023-05-26 20:39:26,460 DEBUG    Starting new HTTPS connection (1): official-joke-api.appspot.com:443
2023-05-26 20:39:27,671 DEBUG    https://official-joke-api.appspot.com:443 "GET /random_joke HTTP/1.1" 200 None
2023-05-26 20:39:30,141 INFO     somebody enter the staff page
2023-05-26 20:39:36,001 INFO     somebody enter the staff page
2023-05-26 20:40:29,154 INFO     D:\SCI2\SCI\Lab4\mainapp\views.py changed, reloading.
2023-05-26 20:40:29,783 INFO     Watching for file changes with StatReloader
2023-05-26 20:40:52,842 INFO     D:\SCI2\SCI\Lab4\Lab4\urls.py changed, reloading.
2023-05-26 20:40:53,404 INFO     Watching for file changes with StatReloader
2023-05-26 20:40:59,785 WARNING  Not Found: /searchuser
2023-05-26 20:41:19,648 INFO     D:\SCI2\SCI\Lab4\Lab4\urls.py changed, reloading.
2023-05-26 20:41:20,270 INFO     Watching for file changes with StatReloader
2023-05-26 20:41:21,862 INFO     somebody enter the staff page
2023-05-26 20:41:27,089 INFO     somebody enter the staff page
2023-05-26 20:42:02,327 INFO     somebody enter the staff page
2023-05-26 20:43:16,918 ERROR    Internal Server Error: /addmodel
Traceback (most recent call last):
  File "D:\Python 3\lib\site-packages\django\db\backends\utils.py", line 89, in _execute
    return self.cursor.execute(sql, params)
  File "D:\Python 3\lib\site-packages\django\db\backends\sqlite3\base.py", line 328, in execute
    return super().execute(query, params)
sqlite3.IntegrityError: NOT NULL constraint failed: mainapp_carmodel.brand

The above exception was the direct cause of the following exception:

Traceback (most recent call last):
  File "D:\Python 3\lib\site-packages\django\core\handlers\exception.py", line 55, in inner
    response = get_response(request)
  File "D:\Python 3\lib\site-packages\django\core\handlers\base.py", line 197, in _get_response
    response = wrapped_callback(request, *callback_args, **callback_kwargs)
  File "D:\SCI2\SCI\lab4\mainapp\views.py", line 39, in _
    return func(request)
  File "D:\SCI2\SCI\lab4\mainapp\views.py", line 372, in addmodel
    mod.save()
  File "D:\Python 3\lib\site-packages\django\db\models\base.py", line 814, in save
    self.save_base(
  File "D:\Python 3\lib\site-packages\django\db\models\base.py", line 877, in save_base
    updated = self._save_table(
  File "D:\Python 3\lib\site-packages\django\db\models\base.py", line 1020, in _save_table
    results = self._do_insert(
  File "D:\Python 3\lib\site-packages\django\db\models\base.py", line 1061, in _do_insert
    return manager._insert(
  File "D:\Python 3\lib\site-packages\django\db\models\manager.py", line 87, in manager_method
    return getattr(self.get_queryset(), name)(*args, **kwargs)
  File "D:\Python 3\lib\site-packages\django\db\models\query.py", line 1805, in _insert
    return query.get_compiler(using=using).execute_sql(returning_fields)
  File "D:\Python 3\lib\site-packages\django\db\models\sql\compiler.py", line 1820, in execute_sql
    cursor.execute(sql, params)
  File "D:\Python 3\lib\site-packages\django\db\backends\utils.py", line 102, in execute
    return super().execute(sql, params)
  File "D:\Python 3\lib\site-packages\django\db\backends\utils.py", line 67, in execute
    return self._execute_with_wrappers(
  File "D:\Python 3\lib\site-packages\django\db\backends\utils.py", line 80, in _execute_with_wrappers
    return executor(sql, params, many, context)
  File "D:\Python 3\lib\site-packages\django\db\backends\utils.py", line 84, in _execute
    with self.db.wrap_database_errors:
  File "D:\Python 3\lib\site-packages\django\db\utils.py", line 91, in __exit__
    raise dj_exc_value.with_traceback(traceback) from exc_value
  File "D:\Python 3\lib\site-packages\django\db\backends\utils.py", line 89, in _execute
    return self.cursor.execute(sql, params)
  File "D:\Python 3\lib\site-packages\django\db\backends\sqlite3\base.py", line 328, in execute
    return super().execute(query, params)
django.db.utils.IntegrityError: NOT NULL constraint failed: mainapp_carmodel.brand
2023-05-26 20:44:45,495 INFO     D:\SCI2\SCI\Lab4\mainapp\views.py changed, reloading.
2023-05-26 20:44:46,174 INFO     Watching for file changes with StatReloader
2023-05-26 20:44:51,891 INFO     D:\SCI2\SCI\Lab4\mainapp\views.py changed, reloading.
2023-05-26 20:44:52,558 INFO     Watching for file changes with StatReloader
2023-05-26 20:44:53,859 DEBUG    Adding auto model by brand None
2023-05-26 20:44:53,903 ERROR    Internal Server Error: /addmodel
Traceback (most recent call last):
  File "D:\Python 3\lib\site-packages\django\db\backends\utils.py", line 89, in _execute
    return self.cursor.execute(sql, params)
  File "D:\Python 3\lib\site-packages\django\db\backends\sqlite3\base.py", line 328, in execute
    return super().execute(query, params)
sqlite3.IntegrityError: NOT NULL constraint failed: mainapp_carmodel.brand

The above exception was the direct cause of the following exception:

Traceback (most recent call last):
  File "D:\Python 3\lib\site-packages\django\core\handlers\exception.py", line 55, in inner
    response = get_response(request)
  File "D:\Python 3\lib\site-packages\django\core\handlers\base.py", line 197, in _get_response
    response = wrapped_callback(request, *callback_args, **callback_kwargs)
  File "D:\SCI2\SCI\lab4\mainapp\views.py", line 39, in _
    return func(request)
  File "D:\SCI2\SCI\lab4\mainapp\views.py", line 373, in addmodel
    mod.save()
  File "D:\Python 3\lib\site-packages\django\db\models\base.py", line 814, in save
    self.save_base(
  File "D:\Python 3\lib\site-packages\django\db\models\base.py", line 877, in save_base
    updated = self._save_table(
  File "D:\Python 3\lib\site-packages\django\db\models\base.py", line 1020, in _save_table
    results = self._do_insert(
  File "D:\Python 3\lib\site-packages\django\db\models\base.py", line 1061, in _do_insert
    return manager._insert(
  File "D:\Python 3\lib\site-packages\django\db\models\manager.py", line 87, in manager_method
    return getattr(self.get_queryset(), name)(*args, **kwargs)
  File "D:\Python 3\lib\site-packages\django\db\models\query.py", line 1805, in _insert
    return query.get_compiler(using=using).execute_sql(returning_fields)
  File "D:\Python 3\lib\site-packages\django\db\models\sql\compiler.py", line 1820, in execute_sql
    cursor.execute(sql, params)
  File "D:\Python 3\lib\site-packages\django\db\backends\utils.py", line 102, in execute
    return super().execute(sql, params)
  File "D:\Python 3\lib\site-packages\django\db\backends\utils.py", line 67, in execute
    return self._execute_with_wrappers(
  File "D:\Python 3\lib\site-packages\django\db\backends\utils.py", line 80, in _execute_with_wrappers
    return executor(sql, params, many, context)
  File "D:\Python 3\lib\site-packages\django\db\backends\utils.py", line 84, in _execute
    with self.db.wrap_database_errors:
  File "D:\Python 3\lib\site-packages\django\db\utils.py", line 91, in __exit__
    raise dj_exc_value.with_traceback(traceback) from exc_value
  File "D:\Python 3\lib\site-packages\django\db\backends\utils.py", line 89, in _execute
    return self.cursor.execute(sql, params)
  File "D:\Python 3\lib\site-packages\django\db\backends\sqlite3\base.py", line 328, in execute
    return super().execute(query, params)
django.db.utils.IntegrityError: NOT NULL constraint failed: mainapp_carmodel.brand
2023-05-26 20:45:09,041 DEBUG    Adding auto model by brand None
2023-05-26 20:45:09,079 ERROR    Internal Server Error: /addmodel
Traceback (most recent call last):
  File "D:\Python 3\lib\site-packages\django\db\backends\utils.py", line 89, in _execute
    return self.cursor.execute(sql, params)
  File "D:\Python 3\lib\site-packages\django\db\backends\sqlite3\base.py", line 328, in execute
    return super().execute(query, params)
sqlite3.IntegrityError: NOT NULL constraint failed: mainapp_carmodel.brand

The above exception was the direct cause of the following exception:

Traceback (most recent call last):
  File "D:\Python 3\lib\site-packages\django\core\handlers\exception.py", line 55, in inner
    response = get_response(request)
  File "D:\Python 3\lib\site-packages\django\core\handlers\base.py", line 197, in _get_response
    response = wrapped_callback(request, *callback_args, **callback_kwargs)
  File "D:\SCI2\SCI\lab4\mainapp\views.py", line 39, in _
    return func(request)
  File "D:\SCI2\SCI\lab4\mainapp\views.py", line 373, in addmodel
    mod.save()
  File "D:\Python 3\lib\site-packages\django\db\models\base.py", line 814, in save
    self.save_base(
  File "D:\Python 3\lib\site-packages\django\db\models\base.py", line 877, in save_base
    updated = self._save_table(
  File "D:\Python 3\lib\site-packages\django\db\models\base.py", line 1020, in _save_table
    results = self._do_insert(
  File "D:\Python 3\lib\site-packages\django\db\models\base.py", line 1061, in _do_insert
    return manager._insert(
  File "D:\Python 3\lib\site-packages\django\db\models\manager.py", line 87, in manager_method
    return getattr(self.get_queryset(), name)(*args, **kwargs)
  File "D:\Python 3\lib\site-packages\django\db\models\query.py", line 1805, in _insert
    return query.get_compiler(using=using).execute_sql(returning_fields)
  File "D:\Python 3\lib\site-packages\django\db\models\sql\compiler.py", line 1820, in execute_sql
    cursor.execute(sql, params)
  File "D:\Python 3\lib\site-packages\django\db\backends\utils.py", line 102, in execute
    return super().execute(sql, params)
  File "D:\Python 3\lib\site-packages\django\db\backends\utils.py", line 67, in execute
    return self._execute_with_wrappers(
  File "D:\Python 3\lib\site-packages\django\db\backends\utils.py", line 80, in _execute_with_wrappers
    return executor(sql, params, many, context)
  File "D:\Python 3\lib\site-packages\django\db\backends\utils.py", line 84, in _execute
    with self.db.wrap_database_errors:
  File "D:\Python 3\lib\site-packages\django\db\utils.py", line 91, in __exit__
    raise dj_exc_value.with_traceback(traceback) from exc_value
  File "D:\Python 3\lib\site-packages\django\db\backends\utils.py", line 89, in _execute
    return self.cursor.execute(sql, params)
  File "D:\Python 3\lib\site-packages\django\db\backends\sqlite3\base.py", line 328, in execute
    return super().execute(query, params)
django.db.utils.IntegrityError: NOT NULL constraint failed: mainapp_carmodel.brand
2023-05-26 20:45:32,897 DEBUG    Adding auto model by brand None
2023-05-26 20:45:32,940 ERROR    Internal Server Error: /addmodel
Traceback (most recent call last):
  File "D:\Python 3\lib\site-packages\django\db\backends\utils.py", line 89, in _execute
    return self.cursor.execute(sql, params)
  File "D:\Python 3\lib\site-packages\django\db\backends\sqlite3\base.py", line 328, in execute
    return super().execute(query, params)
sqlite3.IntegrityError: NOT NULL constraint failed: mainapp_carmodel.brand

The above exception was the direct cause of the following exception:

Traceback (most recent call last):
  File "D:\Python 3\lib\site-packages\django\core\handlers\exception.py", line 55, in inner
    response = get_response(request)
  File "D:\Python 3\lib\site-packages\django\core\handlers\base.py", line 197, in _get_response
    response = wrapped_callback(request, *callback_args, **callback_kwargs)
  File "D:\SCI2\SCI\lab4\mainapp\views.py", line 39, in _
    return func(request)
  File "D:\SCI2\SCI\lab4\mainapp\views.py", line 373, in addmodel
    mod.save()
  File "D:\Python 3\lib\site-packages\django\db\models\base.py", line 814, in save
    self.save_base(
  File "D:\Python 3\lib\site-packages\django\db\models\base.py", line 877, in save_base
    updated = self._save_table(
  File "D:\Python 3\lib\site-packages\django\db\models\base.py", line 1020, in _save_table
    results = self._do_insert(
  File "D:\Python 3\lib\site-packages\django\db\models\base.py", line 1061, in _do_insert
    return manager._insert(
  File "D:\Python 3\lib\site-packages\django\db\models\manager.py", line 87, in manager_method
    return getattr(self.get_queryset(), name)(*args, **kwargs)
  File "D:\Python 3\lib\site-packages\django\db\models\query.py", line 1805, in _insert
    return query.get_compiler(using=using).execute_sql(returning_fields)
  File "D:\Python 3\lib\site-packages\django\db\models\sql\compiler.py", line 1820, in execute_sql
    cursor.execute(sql, params)
  File "D:\Python 3\lib\site-packages\django\db\backends\utils.py", line 102, in execute
    return super().execute(sql, params)
  File "D:\Python 3\lib\site-packages\django\db\backends\utils.py", line 67, in execute
    return self._execute_with_wrappers(
  File "D:\Python 3\lib\site-packages\django\db\backends\utils.py", line 80, in _execute_with_wrappers
    return executor(sql, params, many, context)
  File "D:\Python 3\lib\site-packages\django\db\backends\utils.py", line 84, in _execute
    with self.db.wrap_database_errors:
  File "D:\Python 3\lib\site-packages\django\db\utils.py", line 91, in __exit__
    raise dj_exc_value.with_traceback(traceback) from exc_value
  File "D:\Python 3\lib\site-packages\django\db\backends\utils.py", line 89, in _execute
    return self.cursor.execute(sql, params)
  File "D:\Python 3\lib\site-packages\django\db\backends\sqlite3\base.py", line 328, in execute
    return super().execute(query, params)
django.db.utils.IntegrityError: NOT NULL constraint failed: mainapp_carmodel.brand
2023-05-26 20:45:36,209 DEBUG    Adding auto model by brand None
2023-05-26 20:45:36,254 ERROR    Internal Server Error: /addmodel
Traceback (most recent call last):
  File "D:\Python 3\lib\site-packages\django\db\backends\utils.py", line 89, in _execute
    return self.cursor.execute(sql, params)
  File "D:\Python 3\lib\site-packages\django\db\backends\sqlite3\base.py", line 328, in execute
    return super().execute(query, params)
sqlite3.IntegrityError: NOT NULL constraint failed: mainapp_carmodel.brand

The above exception was the direct cause of the following exception:

Traceback (most recent call last):
  File "D:\Python 3\lib\site-packages\django\core\handlers\exception.py", line 55, in inner
    response = get_response(request)
  File "D:\Python 3\lib\site-packages\django\core\handlers\base.py", line 197, in _get_response
    response = wrapped_callback(request, *callback_args, **callback_kwargs)
  File "D:\SCI2\SCI\lab4\mainapp\views.py", line 39, in _
    return func(request)
  File "D:\SCI2\SCI\lab4\mainapp\views.py", line 373, in addmodel
    mod.save()
  File "D:\Python 3\lib\site-packages\django\db\models\base.py", line 814, in save
    self.save_base(
  File "D:\Python 3\lib\site-packages\django\db\models\base.py", line 877, in save_base
    updated = self._save_table(
  File "D:\Python 3\lib\site-packages\django\db\models\base.py", line 1020, in _save_table
    results = self._do_insert(
  File "D:\Python 3\lib\site-packages\django\db\models\base.py", line 1061, in _do_insert
    return manager._insert(
  File "D:\Python 3\lib\site-packages\django\db\models\manager.py", line 87, in manager_method
    return getattr(self.get_queryset(), name)(*args, **kwargs)
  File "D:\Python 3\lib\site-packages\django\db\models\query.py", line 1805, in _insert
    return query.get_compiler(using=using).execute_sql(returning_fields)
  File "D:\Python 3\lib\site-packages\django\db\models\sql\compiler.py", line 1820, in execute_sql
    cursor.execute(sql, params)
  File "D:\Python 3\lib\site-packages\django\db\backends\utils.py", line 102, in execute
    return super().execute(sql, params)
  File "D:\Python 3\lib\site-packages\django\db\backends\utils.py", line 67, in execute
    return self._execute_with_wrappers(
  File "D:\Python 3\lib\site-packages\django\db\backends\utils.py", line 80, in _execute_with_wrappers
    return executor(sql, params, many, context)
  File "D:\Python 3\lib\site-packages\django\db\backends\utils.py", line 84, in _execute
    with self.db.wrap_database_errors:
  File "D:\Python 3\lib\site-packages\django\db\utils.py", line 91, in __exit__
    raise dj_exc_value.with_traceback(traceback) from exc_value
  File "D:\Python 3\lib\site-packages\django\db\backends\utils.py", line 89, in _execute
    return self.cursor.execute(sql, params)
  File "D:\Python 3\lib\site-packages\django\db\backends\sqlite3\base.py", line 328, in execute
    return super().execute(query, params)
django.db.utils.IntegrityError: NOT NULL constraint failed: mainapp_carmodel.brand
2023-05-26 20:46:24,497 DEBUG    Adding auto model by brand BMW
2023-05-26 20:47:28,157 INFO     D:\SCI2\SCI\Lab4\mainapp\views.py changed, reloading.
2023-05-26 20:47:28,766 INFO     Watching for file changes with StatReloader
2023-05-27 16:47:52,589 INFO     Watching for file changes with StatReloader
2023-05-27 16:47:55,925 INFO     somebody on the main page
2023-05-27 16:47:55,933 DEBUG    Starting new HTTPS connection (1): official-joke-api.appspot.com:443
2023-05-27 16:47:57,090 DEBUG    https://official-joke-api.appspot.com:443 "GET /random_joke HTTP/1.1" 200 None
2023-05-27 16:49:20,557 INFO     D:\SCI2\SCI\Lab4\mainapp\views.py changed, reloading.
2023-05-27 16:49:21,748 INFO     Watching for file changes with StatReloader
2023-05-27 16:49:58,577 INFO     D:\SCI2\SCI\Lab4\mainapp\views.py changed, reloading.
2023-05-27 16:49:59,711 INFO     Watching for file changes with StatReloader
2023-05-27 16:50:05,350 ERROR    Internal Server Error: /delete
Traceback (most recent call last):
  File "D:\Python 3\lib\site-packages\django\core\handlers\exception.py", line 55, in inner
    response = get_response(request)
  File "D:\Python 3\lib\site-packages\django\core\handlers\base.py", line 197, in _get_response
    response = wrapped_callback(request, *callback_args, **callback_kwargs)
  File "D:\SCI2\SCI\lab4\mainapp\views.py", line 39, in _
    return func(request)
  File "D:\SCI2\SCI\lab4\mainapp\views.py", line 411, in delete
    AutoModel.objects.get(id=id).delete()
UnboundLocalError: local variable 'id' referenced before assignment
2023-05-27 16:50:28,312 INFO     D:\SCI2\SCI\Lab4\mainapp\views.py changed, reloading.
2023-05-27 16:50:29,311 INFO     Watching for file changes with StatReloader
2023-05-27 16:50:30,234 WARNING  Not Found: /autolist
2023-05-27 16:50:35,992 ERROR    Internal Server Error: /delete
Traceback (most recent call last):
  File "D:\Python 3\lib\site-packages\django\core\handlers\exception.py", line 55, in inner
    response = get_response(request)
  File "D:\Python 3\lib\site-packages\django\core\handlers\base.py", line 197, in _get_response
    response = wrapped_callback(request, *callback_args, **callback_kwargs)
  File "D:\SCI2\SCI\lab4\mainapp\views.py", line 39, in _
    return func(request)
  File "D:\SCI2\SCI\lab4\mainapp\views.py", line 411, in delete
    AutoModel.objects.get(id=id).delete()
  File "D:\Python 3\lib\site-packages\django\db\models\manager.py", line 87, in manager_method
    return getattr(self.get_queryset(), name)(*args, **kwargs)
  File "D:\Python 3\lib\site-packages\django\db\models\query.py", line 637, in get
    raise self.model.DoesNotExist(
mainapp.models.AutoModel.DoesNotExist: AutoModel matching query does not exist.
2023-05-27 16:51:04,535 ERROR    Internal Server Error: /delete
Traceback (most recent call last):
  File "D:\Python 3\lib\site-packages\django\core\handlers\exception.py", line 55, in inner
    response = get_response(request)
  File "D:\Python 3\lib\site-packages\django\core\handlers\base.py", line 197, in _get_response
    response = wrapped_callback(request, *callback_args, **callback_kwargs)
  File "D:\SCI2\SCI\lab4\mainapp\views.py", line 39, in _
    return func(request)
  File "D:\SCI2\SCI\lab4\mainapp\views.py", line 411, in delete
    AutoModel.objects.get(id=id).delete()
  File "D:\Python 3\lib\site-packages\django\db\models\manager.py", line 87, in manager_method
    return getattr(self.get_queryset(), name)(*args, **kwargs)
  File "D:\Python 3\lib\site-packages\django\db\models\query.py", line 637, in get
    raise self.model.DoesNotExist(
mainapp.models.AutoModel.DoesNotExist: AutoModel matching query does not exist.
2023-05-27 16:51:23,819 ERROR    Internal Server Error: /delete
Traceback (most recent call last):
  File "D:\Python 3\lib\site-packages\django\core\handlers\exception.py", line 55, in inner
    response = get_response(request)
  File "D:\Python 3\lib\site-packages\django\core\handlers\base.py", line 197, in _get_response
    response = wrapped_callback(request, *callback_args, **callback_kwargs)
  File "D:\SCI2\SCI\lab4\mainapp\views.py", line 39, in _
    return func(request)
  File "D:\SCI2\SCI\lab4\mainapp\views.py", line 411, in delete
    AutoModel.objects.get(id=id).delete()
  File "D:\Python 3\lib\site-packages\django\db\models\manager.py", line 87, in manager_method
    return getattr(self.get_queryset(), name)(*args, **kwargs)
  File "D:\Python 3\lib\site-packages\django\db\models\query.py", line 637, in get
    raise self.model.DoesNotExist(
mainapp.models.AutoModel.DoesNotExist: AutoModel matching query does not exist.
2023-05-27 16:51:39,824 ERROR    Internal Server Error: /delete
Traceback (most recent call last):
  File "D:\Python 3\lib\site-packages\django\core\handlers\exception.py", line 55, in inner
    response = get_response(request)
  File "D:\Python 3\lib\site-packages\django\core\handlers\base.py", line 197, in _get_response
    response = wrapped_callback(request, *callback_args, **callback_kwargs)
  File "D:\SCI2\SCI\lab4\mainapp\views.py", line 39, in _
    return func(request)
  File "D:\SCI2\SCI\lab4\mainapp\views.py", line 411, in delete
    AutoModel.objects.get(id=id).delete()
  File "D:\Python 3\lib\site-packages\django\db\models\manager.py", line 87, in manager_method
    return getattr(self.get_queryset(), name)(*args, **kwargs)
  File "D:\Python 3\lib\site-packages\django\db\models\query.py", line 637, in get
    raise self.model.DoesNotExist(
mainapp.models.AutoModel.DoesNotExist: AutoModel matching query does not exist.
2023-05-27 16:52:58,141 INFO     D:\SCI2\SCI\Lab4\mainapp\views.py changed, reloading.
2023-05-27 16:52:59,071 INFO     Watching for file changes with StatReloader
2023-05-27 16:53:56,924 INFO     D:\SCI2\SCI\Lab4\mainapp\views.py changed, reloading.
2023-05-27 16:53:58,072 INFO     Watching for file changes with StatReloader
2023-05-27 16:54:54,138 DEBUG    Adding auto model by brand Audi
2023-05-27 16:55:01,859 INFO     somebody on the main page
2023-05-27 16:55:01,871 DEBUG    Starting new HTTPS connection (1): official-joke-api.appspot.com:443
2023-05-27 16:55:03,059 DEBUG    https://official-joke-api.appspot.com:443 "GET /random_joke HTTP/1.1" 200 None
2023-05-27 17:07:34,378 INFO     Watching for file changes with StatReloader
2023-05-27 17:09:37,017 ERROR    Internal Server Error: /editauto
Traceback (most recent call last):
  File "D:\Python 3\lib\site-packages\django\core\handlers\exception.py", line 55, in inner
    response = get_response(request)
  File "D:\Python 3\lib\site-packages\django\core\handlers\base.py", line 197, in _get_response
    response = wrapped_callback(request, *callback_args, **callback_kwargs)
  File "D:\SCI2\SCI\lab4\mainapp\views.py", line 39, in _
    return func(request)
  File "D:\SCI2\SCI\lab4\mainapp\views.py", line 509, in editauto
    car = auto.carModel
UnboundLocalError: local variable 'auto' referenced before assignment
2023-05-27 17:10:21,046 INFO     D:\SCI2\SCI\Lab4\mainapp\views.py changed, reloading.
2023-05-27 17:10:21,886 INFO     Watching for file changes with StatReloader
2023-05-27 17:10:24,487 ERROR    Internal Server Error: /editauto
Traceback (most recent call last):
  File "D:\Python 3\lib\site-packages\django\core\handlers\exception.py", line 55, in inner
    response = get_response(request)
  File "D:\Python 3\lib\site-packages\django\core\handlers\base.py", line 197, in _get_response
    response = wrapped_callback(request, *callback_args, **callback_kwargs)
  File "D:\SCI2\SCI\lab4\mainapp\views.py", line 39, in _
    return func(request)
  File "D:\SCI2\SCI\lab4\mainapp\views.py", line 498, in editauto
    auto = AutoModel.objects.get(id=id)
  File "D:\Python 3\lib\site-packages\django\db\models\manager.py", line 87, in manager_method
    return getattr(self.get_queryset(), name)(*args, **kwargs)
  File "D:\Python 3\lib\site-packages\django\db\models\query.py", line 637, in get
    raise self.model.DoesNotExist(
mainapp.models.AutoModel.DoesNotExist: AutoModel matching query does not exist.
2023-05-27 17:11:28,852 ERROR    Internal Server Error: /editauto
Traceback (most recent call last):
  File "D:\Python 3\lib\site-packages\django\core\handlers\exception.py", line 55, in inner
    response = get_response(request)
  File "D:\Python 3\lib\site-packages\django\core\handlers\base.py", line 197, in _get_response
    response = wrapped_callback(request, *callback_args, **callback_kwargs)
  File "D:\SCI2\SCI\lab4\mainapp\views.py", line 39, in _
    return func(request)
  File "D:\SCI2\SCI\lab4\mainapp\views.py", line 498, in editauto
    auto = AutoModel.objects.get(id=id)
  File "D:\Python 3\lib\site-packages\django\db\models\manager.py", line 87, in manager_method
    return getattr(self.get_queryset(), name)(*args, **kwargs)
  File "D:\Python 3\lib\site-packages\django\db\models\query.py", line 637, in get
    raise self.model.DoesNotExist(
mainapp.models.AutoModel.DoesNotExist: AutoModel matching query does not exist.
2023-05-27 17:12:25,410 INFO     D:\SCI2\SCI\Lab4\mainapp\views.py changed, reloading.
2023-05-27 17:12:26,233 INFO     Watching for file changes with StatReloader
2023-05-27 17:12:55,544 INFO     D:\SCI2\SCI\Lab4\mainapp\views.py changed, reloading.
2023-05-27 17:12:56,583 INFO     Watching for file changes with StatReloader
2023-05-27 17:15:29,141 INFO     Watching for file changes with StatReloader
2023-05-27 17:19:07,608 INFO     somebody on the main page
2023-05-27 17:19:07,617 DEBUG    Starting new HTTPS connection (1): official-joke-api.appspot.com:443
2023-05-27 17:19:08,815 DEBUG    https://official-joke-api.appspot.com:443 "GET /random_joke HTTP/1.1" 200 None
2023-05-27 17:20:29,499 INFO     new client created
2023-05-27 17:27:38,351 INFO     D:\SCI2\SCI\Lab4\mainapp\views.py changed, reloading.
2023-05-27 17:27:38,965 INFO     Watching for file changes with StatReloader
2023-05-27 17:28:03,314 INFO     somebody on the main page
2023-05-27 17:28:03,319 DEBUG    Starting new HTTPS connection (1): official-joke-api.appspot.com:443
2023-05-27 17:28:04,481 DEBUG    https://official-joke-api.appspot.com:443 "GET /random_joke HTTP/1.1" 200 None
2023-05-27 17:28:04,482 DEBUG    Starting new HTTPS connection (1): catfact.ninja:443
2023-05-27 17:28:05,845 DEBUG    https://catfact.ninja:443 "GET /fact HTTP/1.1" 200 None
2023-05-27 17:28:40,255 INFO     D:\SCI2\SCI\Lab4\mainapp\views.py changed, reloading.
2023-05-27 17:28:40,936 INFO     Watching for file changes with StatReloader
2023-05-27 17:28:43,437 INFO     D:\SCI2\SCI\Lab4\mainapp\views.py changed, reloading.
2023-05-27 17:28:44,074 INFO     Watching for file changes with StatReloader
2023-05-27 17:28:45,552 INFO     somebody on the main page
2023-05-27 17:28:45,555 DEBUG    Starting new HTTPS connection (1): official-joke-api.appspot.com:443
2023-05-27 17:28:46,650 DEBUG    https://official-joke-api.appspot.com:443 "GET /random_joke HTTP/1.1" 200 None
2023-05-27 17:28:46,653 DEBUG    Starting new HTTPS connection (1): catfact.ninja:443
2023-05-27 17:28:47,102 DEBUG    https://catfact.ninja:443 "GET /fact HTTP/1.1" 200 None
2023-05-27 17:28:51,031 INFO     somebody on the main page
2023-05-27 17:28:51,034 DEBUG    Starting new HTTPS connection (1): official-joke-api.appspot.com:443
2023-05-27 17:28:52,170 DEBUG    https://official-joke-api.appspot.com:443 "GET /random_joke HTTP/1.1" 200 None
2023-05-27 17:28:52,175 DEBUG    Starting new HTTPS connection (1): catfact.ninja:443
2023-05-27 17:28:52,668 DEBUG    https://catfact.ninja:443 "GET /fact HTTP/1.1" 200 None
2023-05-27 17:29:00,184 INFO     D:\SCI2\SCI\Lab4\mainapp\views.py changed, reloading.
2023-05-27 17:29:00,808 INFO     Watching for file changes with StatReloader
2023-05-27 17:29:04,356 INFO     D:\SCI2\SCI\Lab4\mainapp\views.py changed, reloading.
2023-05-27 17:29:04,930 INFO     Watching for file changes with StatReloader
2023-05-27 17:29:06,580 INFO     somebody on the main page
2023-05-27 17:29:06,584 DEBUG    Starting new HTTPS connection (1): official-joke-api.appspot.com:443
2023-05-27 17:29:07,932 DEBUG    https://official-joke-api.appspot.com:443 "GET /random_joke HTTP/1.1" 200 None
2023-05-27 17:29:07,936 DEBUG    Starting new HTTPS connection (1): catfact.ninja:443
2023-05-27 17:29:08,366 DEBUG    https://catfact.ninja:443 "GET /fact HTTP/1.1" 200 None
