2023-05-26 19:40:07,059 INFO     Watching for file changes with StatReloader
2023-05-26 19:40:38,288 INFO     D:\SCI2\SCI\Lab4\mainapp\views.py changed, reloading.
2023-05-26 19:40:39,097 INFO     Watching for file changes with StatReloader
2023-05-26 19:42:49,609 INFO     D:\SCI2\SCI\Lab4\Lab4\settings.py changed, reloading.
2023-05-26 19:42:50,407 INFO     Watching for file changes with StatReloader
2023-05-26 19:47:28,079 INFO     D:\SCI2\SCI\Lab4\mainapp\views.py changed, reloading.
2023-05-26 19:47:28,709 INFO     Watching for file changes with StatReloader
2023-05-26 19:47:31,203 INFO     D:\SCI2\SCI\Lab4\mainapp\views.py changed, reloading.
2023-05-26 19:47:31,795 INFO     Watching for file changes with StatReloader
2023-05-26 19:47:33,813 INFO     somebody on the main page
2023-05-26 19:47:33,818 DEBUG    Starting new HTTPS connection (1): official-joke-api.appspot.com:443
2023-05-26 19:47:35,075 DEBUG    https://official-joke-api.appspot.com:443 "GET /random_joke HTTP/1.1" 200 None
2023-05-26 19:48:42,246 INFO     D:\SCI2\SCI\Lab4\mainapp\views.py changed, reloading.
2023-05-26 19:48:42,971 INFO     Watching for file changes with StatReloader
2023-05-26 19:49:01,924 INFO     D:\SCI2\SCI\Lab4\mainapp\views.py changed, reloading.
2023-05-26 19:49:02,540 INFO     Watching for file changes with StatReloader
2023-05-26 19:49:18,394 INFO     D:\SCI2\SCI\Lab4\mainapp\views.py changed, reloading.
2023-05-26 19:49:18,957 INFO     Watching for file changes with StatReloader
2023-05-26 19:50:00,413 INFO     D:\SCI2\SCI\Lab4\mainapp\views.py changed, reloading.
2023-05-26 19:50:00,984 INFO     Watching for file changes with StatReloader
2023-05-26 19:51:06,050 INFO     D:\SCI2\SCI\Lab4\mainapp\views.py changed, reloading.
2023-05-26 19:51:06,696 INFO     Watching for file changes with StatReloader
2023-05-26 19:51:17,425 INFO     D:\SCI2\SCI\Lab4\mainapp\views.py changed, reloading.
2023-05-26 19:51:18,075 INFO     Watching for file changes with StatReloader
2023-05-26 19:51:22,615 INFO     D:\SCI2\SCI\Lab4\mainapp\views.py changed, reloading.
2023-05-26 19:51:23,359 INFO     Watching for file changes with StatReloader
2023-05-26 19:51:35,109 INFO     D:\SCI2\SCI\Lab4\mainapp\views.py changed, reloading.
2023-05-26 19:51:35,762 INFO     Watching for file changes with StatReloader
2023-05-26 19:52:06,991 INFO     D:\SCI2\SCI\Lab4\mainapp\views.py changed, reloading.
2023-05-26 19:52:07,652 INFO     Watching for file changes with StatReloader
2023-05-26 19:52:15,294 INFO     D:\SCI2\SCI\Lab4\mainapp\views.py changed, reloading.
2023-05-26 19:52:15,965 INFO     Watching for file changes with StatReloader
2023-05-26 19:52:36,925 INFO     D:\SCI2\SCI\Lab4\mainapp\views.py changed, reloading.
2023-05-26 19:52:37,575 INFO     Watching for file changes with StatReloader
2023-05-26 19:52:47,278 INFO     D:\SCI2\SCI\Lab4\mainapp\views.py changed, reloading.
2023-05-26 19:52:47,979 INFO     Watching for file changes with StatReloader
2023-05-26 19:52:59,727 INFO     D:\SCI2\SCI\Lab4\mainapp\views.py changed, reloading.
2023-05-26 19:53:00,367 INFO     Watching for file changes with StatReloader
2023-05-26 19:53:06,952 INFO     D:\SCI2\SCI\Lab4\mainapp\views.py changed, reloading.
2023-05-26 19:53:07,567 INFO     Watching for file changes with StatReloader
2023-05-26 19:53:16,245 INFO     D:\SCI2\SCI\Lab4\mainapp\views.py changed, reloading.
2023-05-26 19:53:16,889 INFO     Watching for file changes with StatReloader
2023-05-26 19:53:23,497 INFO     D:\SCI2\SCI\Lab4\mainapp\views.py changed, reloading.
2023-05-26 19:53:24,189 INFO     Watching for file changes with StatReloader
2023-05-26 19:53:30,826 INFO     D:\SCI2\SCI\Lab4\mainapp\views.py changed, reloading.
2023-05-26 19:53:31,508 INFO     Watching for file changes with StatReloader
2023-05-26 19:53:37,111 INFO     D:\SCI2\SCI\Lab4\mainapp\views.py changed, reloading.
2023-05-26 19:53:37,744 INFO     Watching for file changes with StatReloader
2023-05-26 19:53:53,566 INFO     D:\SCI2\SCI\Lab4\mainapp\views.py changed, reloading.
2023-05-26 19:53:54,207 INFO     Watching for file changes with StatReloader
2023-05-26 19:54:01,858 INFO     D:\SCI2\SCI\Lab4\mainapp\views.py changed, reloading.
2023-05-26 19:54:02,535 INFO     Watching for file changes with StatReloader
2023-05-26 19:54:17,413 INFO     D:\SCI2\SCI\Lab4\mainapp\views.py changed, reloading.
2023-05-26 19:54:18,068 INFO     Watching for file changes with StatReloader
2023-05-26 19:54:34,960 INFO     D:\SCI2\SCI\Lab4\mainapp\views.py changed, reloading.
2023-05-26 19:54:35,593 INFO     Watching for file changes with StatReloader
2023-05-26 19:54:41,181 INFO     D:\SCI2\SCI\Lab4\mainapp\views.py changed, reloading.
2023-05-26 19:54:41,802 INFO     Watching for file changes with StatReloader
2023-05-26 20:39:23,758 INFO     Watching for file changes with StatReloader
2023-05-26 20:39:26,453 INFO     somebody on the main page
2023-05-26 20:39:26,460 DEBUG    Starting new HTTPS connection (1): official-joke-api.appspot.com:443
2023-05-26 20:39:27,671 DEBUG    https://official-joke-api.appspot.com:443 "GET /random_joke HTTP/1.1" 200 None
2023-05-26 20:39:30,141 INFO     somebody enter the staff page
2023-05-26 20:39:36,001 INFO     somebody enter the staff page
2023-05-26 20:40:29,154 INFO     D:\SCI2\SCI\Lab4\mainapp\views.py changed, reloading.
2023-05-26 20:40:29,783 INFO     Watching for file changes with StatReloader
2023-05-26 20:40:52,842 INFO     D:\SCI2\SCI\Lab4\Lab4\urls.py changed, reloading.
2023-05-26 20:40:53,404 INFO     Watching for file changes with StatReloader
2023-05-26 20:40:59,785 WARNING  Not Found: /searchuser
2023-05-26 20:41:19,648 INFO     D:\SCI2\SCI\Lab4\Lab4\urls.py changed, reloading.
2023-05-26 20:41:20,270 INFO     Watching for file changes with StatReloader
2023-05-26 20:41:21,862 INFO     somebody enter the staff page
2023-05-26 20:41:27,089 INFO     somebody enter the staff page
2023-05-26 20:42:02,327 INFO     somebody enter the staff page
2023-05-26 20:43:16,918 ERROR    Internal Server Error: /addmodel
Traceback (most recent call last):
  File "D:\Python 3\lib\site-packages\django\db\backends\utils.py", line 89, in _execute
    return self.cursor.execute(sql, params)
  File "D:\Python 3\lib\site-packages\django\db\backends\sqlite3\base.py", line 328, in execute
    return super().execute(query, params)
sqlite3.IntegrityError: NOT NULL constraint failed: mainapp_carmodel.brand

The above exception was the direct cause of the following exception:

Traceback (most recent call last):
  File "D:\Python 3\lib\site-packages\django\core\handlers\exception.py", line 55, in inner
    response = get_response(request)
  File "D:\Python 3\lib\site-packages\django\core\handlers\base.py", line 197, in _get_response
    response = wrapped_callback(request, *callback_args, **callback_kwargs)
  File "D:\SCI2\SCI\lab4\mainapp\views.py", line 39, in _
    return func(request)
  File "D:\SCI2\SCI\lab4\mainapp\views.py", line 372, in addmodel
    mod.save()
  File "D:\Python 3\lib\site-packages\django\db\models\base.py", line 814, in save
    self.save_base(
  File "D:\Python 3\lib\site-packages\django\db\models\base.py", line 877, in save_base
    updated = self._save_table(
  File "D:\Python 3\lib\site-packages\django\db\models\base.py", line 1020, in _save_table
    results = self._do_insert(
  File "D:\Python 3\lib\site-packages\django\db\models\base.py", line 1061, in _do_insert
    return manager._insert(
  File "D:\Python 3\lib\site-packages\django\db\models\manager.py", line 87, in manager_method
    return getattr(self.get_queryset(), name)(*args, **kwargs)
  File "D:\Python 3\lib\site-packages\django\db\models\query.py", line 1805, in _insert
    return query.get_compiler(using=using).execute_sql(returning_fields)
  File "D:\Python 3\lib\site-packages\django\db\models\sql\compiler.py", line 1820, in execute_sql
    cursor.execute(sql, params)
  File "D:\Python 3\lib\site-packages\django\db\backends\utils.py", line 102, in execute
    return super().execute(sql, params)
  File "D:\Python 3\lib\site-packages\django\db\backends\utils.py", line 67, in execute
    return self._execute_with_wrappers(
  File "D:\Python 3\lib\site-packages\django\db\backends\utils.py", line 80, in _execute_with_wrappers
    return executor(sql, params, many, context)
  File "D:\Python 3\lib\site-packages\django\db\backends\utils.py", line 84, in _execute
    with self.db.wrap_database_errors:
  File "D:\Python 3\lib\site-packages\django\db\utils.py", line 91, in __exit__
    raise dj_exc_value.with_traceback(traceback) from exc_value
  File "D:\Python 3\lib\site-packages\django\db\backends\utils.py", line 89, in _execute
    return self.cursor.execute(sql, params)
  File "D:\Python 3\lib\site-packages\django\db\backends\sqlite3\base.py", line 328, in execute
    return super().execute(query, params)
django.db.utils.IntegrityError: NOT NULL constraint failed: mainapp_carmodel.brand
2023-05-26 20:44:45,495 INFO     D:\SCI2\SCI\Lab4\mainapp\views.py changed, reloading.
2023-05-26 20:44:46,174 INFO     Watching for file changes with StatReloader
2023-05-26 20:44:51,891 INFO     D:\SCI2\SCI\Lab4\mainapp\views.py changed, reloading.
2023-05-26 20:44:52,558 INFO     Watching for file changes with StatReloader
2023-05-26 20:44:53,859 DEBUG    Adding auto model by brand None
2023-05-26 20:44:53,903 ERROR    Internal Server Error: /addmodel
Traceback (most recent call last):
  File "D:\Python 3\lib\site-packages\django\db\backends\utils.py", line 89, in _execute
    return self.cursor.execute(sql, params)
  File "D:\Python 3\lib\site-packages\django\db\backends\sqlite3\base.py", line 328, in execute
    return super().execute(query, params)
sqlite3.IntegrityError: NOT NULL constraint failed: mainapp_carmodel.brand

The above exception was the direct cause of the following exception:

Traceback (most recent call last):
  File "D:\Python 3\lib\site-packages\django\core\handlers\exception.py", line 55, in inner
    response = get_response(request)
  File "D:\Python 3\lib\site-packages\django\core\handlers\base.py", line 197, in _get_response
    response = wrapped_callback(request, *callback_args, **callback_kwargs)
  File "D:\SCI2\SCI\lab4\mainapp\views.py", line 39, in _
    return func(request)
  File "D:\SCI2\SCI\lab4\mainapp\views.py", line 373, in addmodel
    mod.save()
  File "D:\Python 3\lib\site-packages\django\db\models\base.py", line 814, in save
    self.save_base(
  File "D:\Python 3\lib\site-packages\django\db\models\base.py", line 877, in save_base
    updated = self._save_table(
  File "D:\Python 3\lib\site-packages\django\db\models\base.py", line 1020, in _save_table
    results = self._do_insert(
  File "D:\Python 3\lib\site-packages\django\db\models\base.py", line 1061, in _do_insert
    return manager._insert(
  File "D:\Python 3\lib\site-packages\django\db\models\manager.py", line 87, in manager_method
    return getattr(self.get_queryset(), name)(*args, **kwargs)
  File "D:\Python 3\lib\site-packages\django\db\models\query.py", line 1805, in _insert
    return query.get_compiler(using=using).execute_sql(returning_fields)
  File "D:\Python 3\lib\site-packages\django\db\models\sql\compiler.py", line 1820, in execute_sql
    cursor.execute(sql, params)
  File "D:\Python 3\lib\site-packages\django\db\backends\utils.py", line 102, in execute
    return super().execute(sql, params)
  File "D:\Python 3\lib\site-packages\django\db\backends\utils.py", line 67, in execute
    return self._execute_with_wrappers(
  File "D:\Python 3\lib\site-packages\django\db\backends\utils.py", line 80, in _execute_with_wrappers
    return executor(sql, params, many, context)
  File "D:\Python 3\lib\site-packages\django\db\backends\utils.py", line 84, in _execute
    with self.db.wrap_database_errors:
  File "D:\Python 3\lib\site-packages\django\db\utils.py", line 91, in __exit__
    raise dj_exc_value.with_traceback(traceback) from exc_value
  File "D:\Python 3\lib\site-packages\django\db\backends\utils.py", line 89, in _execute
    return self.cursor.execute(sql, params)
  File "D:\Python 3\lib\site-packages\django\db\backends\sqlite3\base.py", line 328, in execute
    return super().execute(query, params)
django.db.utils.IntegrityError: NOT NULL constraint failed: mainapp_carmodel.brand
2023-05-26 20:45:09,041 DEBUG    Adding auto model by brand None
2023-05-26 20:45:09,079 ERROR    Internal Server Error: /addmodel
Traceback (most recent call last):
  File "D:\Python 3\lib\site-packages\django\db\backends\utils.py", line 89, in _execute
    return self.cursor.execute(sql, params)
  File "D:\Python 3\lib\site-packages\django\db\backends\sqlite3\base.py", line 328, in execute
    return super().execute(query, params)
sqlite3.IntegrityError: NOT NULL constraint failed: mainapp_carmodel.brand

The above exception was the direct cause of the following exception:

Traceback (most recent call last):
  File "D:\Python 3\lib\site-packages\django\core\handlers\exception.py", line 55, in inner
    response = get_response(request)
  File "D:\Python 3\lib\site-packages\django\core\handlers\base.py", line 197, in _get_response
    response = wrapped_callback(request, *callback_args, **callback_kwargs)
  File "D:\SCI2\SCI\lab4\mainapp\views.py", line 39, in _
    return func(request)
  File "D:\SCI2\SCI\lab4\mainapp\views.py", line 373, in addmodel
    mod.save()
  File "D:\Python 3\lib\site-packages\django\db\models\base.py", line 814, in save
    self.save_base(
  File "D:\Python 3\lib\site-packages\django\db\models\base.py", line 877, in save_base
    updated = self._save_table(
  File "D:\Python 3\lib\site-packages\django\db\models\base.py", line 1020, in _save_table
    results = self._do_insert(
  File "D:\Python 3\lib\site-packages\django\db\models\base.py", line 1061, in _do_insert
    return manager._insert(
  File "D:\Python 3\lib\site-packages\django\db\models\manager.py", line 87, in manager_method
    return getattr(self.get_queryset(), name)(*args, **kwargs)
  File "D:\Python 3\lib\site-packages\django\db\models\query.py", line 1805, in _insert
    return query.get_compiler(using=using).execute_sql(returning_fields)
  File "D:\Python 3\lib\site-packages\django\db\models\sql\compiler.py", line 1820, in execute_sql
    cursor.execute(sql, params)
  File "D:\Python 3\lib\site-packages\django\db\backends\utils.py", line 102, in execute
    return super().execute(sql, params)
  File "D:\Python 3\lib\site-packages\django\db\backends\utils.py", line 67, in execute
    return self._execute_with_wrappers(
  File "D:\Python 3\lib\site-packages\django\db\backends\utils.py", line 80, in _execute_with_wrappers
    return executor(sql, params, many, context)
  File "D:\Python 3\lib\site-packages\django\db\backends\utils.py", line 84, in _execute
    with self.db.wrap_database_errors:
  File "D:\Python 3\lib\site-packages\django\db\utils.py", line 91, in __exit__
    raise dj_exc_value.with_traceback(traceback) from exc_value
  File "D:\Python 3\lib\site-packages\django\db\backends\utils.py", line 89, in _execute
    return self.cursor.execute(sql, params)
  File "D:\Python 3\lib\site-packages\django\db\backends\sqlite3\base.py", line 328, in execute
    return super().execute(query, params)
django.db.utils.IntegrityError: NOT NULL constraint failed: mainapp_carmodel.brand
2023-05-26 20:45:32,897 DEBUG    Adding auto model by brand None
2023-05-26 20:45:32,940 ERROR    Internal Server Error: /addmodel
Traceback (most recent call last):
  File "D:\Python 3\lib\site-packages\django\db\backends\utils.py", line 89, in _execute
    return self.cursor.execute(sql, params)
  File "D:\Python 3\lib\site-packages\django\db\backends\sqlite3\base.py", line 328, in execute
    return super().execute(query, params)
sqlite3.IntegrityError: NOT NULL constraint failed: mainapp_carmodel.brand

The above exception was the direct cause of the following exception:

Traceback (most recent call last):
  File "D:\Python 3\lib\site-packages\django\core\handlers\exception.py", line 55, in inner
    response = get_response(request)
  File "D:\Python 3\lib\site-packages\django\core\handlers\base.py", line 197, in _get_response
    response = wrapped_callback(request, *callback_args, **callback_kwargs)
  File "D:\SCI2\SCI\lab4\mainapp\views.py", line 39, in _
    return func(request)
  File "D:\SCI2\SCI\lab4\mainapp\views.py", line 373, in addmodel
    mod.save()
  File "D:\Python 3\lib\site-packages\django\db\models\base.py", line 814, in save
    self.save_base(
  File "D:\Python 3\lib\site-packages\django\db\models\base.py", line 877, in save_base
    updated = self._save_table(
  File "D:\Python 3\lib\site-packages\django\db\models\base.py", line 1020, in _save_table
    results = self._do_insert(
  File "D:\Python 3\lib\site-packages\django\db\models\base.py", line 1061, in _do_insert
    return manager._insert(
  File "D:\Python 3\lib\site-packages\django\db\models\manager.py", line 87, in manager_method
    return getattr(self.get_queryset(), name)(*args, **kwargs)
  File "D:\Python 3\lib\site-packages\django\db\models\query.py", line 1805, in _insert
    return query.get_compiler(using=using).execute_sql(returning_fields)
  File "D:\Python 3\lib\site-packages\django\db\models\sql\compiler.py", line 1820, in execute_sql
    cursor.execute(sql, params)
  File "D:\Python 3\lib\site-packages\django\db\backends\utils.py", line 102, in execute
    return super().execute(sql, params)
  File "D:\Python 3\lib\site-packages\django\db\backends\utils.py", line 67, in execute
    return self._execute_with_wrappers(
  File "D:\Python 3\lib\site-packages\django\db\backends\utils.py", line 80, in _execute_with_wrappers
    return executor(sql, params, many, context)
  File "D:\Python 3\lib\site-packages\django\db\backends\utils.py", line 84, in _execute
    with self.db.wrap_database_errors:
  File "D:\Python 3\lib\site-packages\django\db\utils.py", line 91, in __exit__
    raise dj_exc_value.with_traceback(traceback) from exc_value
  File "D:\Python 3\lib\site-packages\django\db\backends\utils.py", line 89, in _execute
    return self.cursor.execute(sql, params)
  File "D:\Python 3\lib\site-packages\django\db\backends\sqlite3\base.py", line 328, in execute
    return super().execute(query, params)
django.db.utils.IntegrityError: NOT NULL constraint failed: mainapp_carmodel.brand
2023-05-26 20:45:36,209 DEBUG    Adding auto model by brand None
2023-05-26 20:45:36,254 ERROR    Internal Server Error: /addmodel
Traceback (most recent call last):
  File "D:\Python 3\lib\site-packages\django\db\backends\utils.py", line 89, in _execute
    return self.cursor.execute(sql, params)
  File "D:\Python 3\lib\site-packages\django\db\backends\sqlite3\base.py", line 328, in execute
    return super().execute(query, params)
sqlite3.IntegrityError: NOT NULL constraint failed: mainapp_carmodel.brand

The above exception was the direct cause of the following exception:

Traceback (most recent call last):
  File "D:\Python 3\lib\site-packages\django\core\handlers\exception.py", line 55, in inner
    response = get_response(request)
  File "D:\Python 3\lib\site-packages\django\core\handlers\base.py", line 197, in _get_response
    response = wrapped_callback(request, *callback_args, **callback_kwargs)
  File "D:\SCI2\SCI\lab4\mainapp\views.py", line 39, in _
    return func(request)
  File "D:\SCI2\SCI\lab4\mainapp\views.py", line 373, in addmodel
    mod.save()
  File "D:\Python 3\lib\site-packages\django\db\models\base.py", line 814, in save
    self.save_base(
  File "D:\Python 3\lib\site-packages\django\db\models\base.py", line 877, in save_base
    updated = self._save_table(
  File "D:\Python 3\lib\site-packages\django\db\models\base.py", line 1020, in _save_table
    results = self._do_insert(
  File "D:\Python 3\lib\site-packages\django\db\models\base.py", line 1061, in _do_insert
    return manager._insert(
  File "D:\Python 3\lib\site-packages\django\db\models\manager.py", line 87, in manager_method
    return getattr(self.get_queryset(), name)(*args, **kwargs)
  File "D:\Python 3\lib\site-packages\django\db\models\query.py", line 1805, in _insert
    return query.get_compiler(using=using).execute_sql(returning_fields)
  File "D:\Python 3\lib\site-packages\django\db\models\sql\compiler.py", line 1820, in execute_sql
    cursor.execute(sql, params)
  File "D:\Python 3\lib\site-packages\django\db\backends\utils.py", line 102, in execute
    return super().execute(sql, params)
  File "D:\Python 3\lib\site-packages\django\db\backends\utils.py", line 67, in execute
    return self._execute_with_wrappers(
  File "D:\Python 3\lib\site-packages\django\db\backends\utils.py", line 80, in _execute_with_wrappers
    return executor(sql, params, many, context)
  File "D:\Python 3\lib\site-packages\django\db\backends\utils.py", line 84, in _execute
    with self.db.wrap_database_errors:
  File "D:\Python 3\lib\site-packages\django\db\utils.py", line 91, in __exit__
    raise dj_exc_value.with_traceback(traceback) from exc_value
  File "D:\Python 3\lib\site-packages\django\db\backends\utils.py", line 89, in _execute
    return self.cursor.execute(sql, params)
  File "D:\Python 3\lib\site-packages\django\db\backends\sqlite3\base.py", line 328, in execute
    return super().execute(query, params)
django.db.utils.IntegrityError: NOT NULL constraint failed: mainapp_carmodel.brand
2023-05-26 20:46:24,497 DEBUG    Adding auto model by brand BMW
2023-05-26 20:47:28,157 INFO     D:\SCI2\SCI\Lab4\mainapp\views.py changed, reloading.
2023-05-26 20:47:28,766 INFO     Watching for file changes with StatReloader
2023-05-27 16:47:52,589 INFO     Watching for file changes with StatReloader
2023-05-27 16:47:55,925 INFO     somebody on the main page
2023-05-27 16:47:55,933 DEBUG    Starting new HTTPS connection (1): official-joke-api.appspot.com:443
2023-05-27 16:47:57,090 DEBUG    https://official-joke-api.appspot.com:443 "GET /random_joke HTTP/1.1" 200 None
2023-05-27 16:49:20,557 INFO     D:\SCI2\SCI\Lab4\mainapp\views.py changed, reloading.
2023-05-27 16:49:21,748 INFO     Watching for file changes with StatReloader
2023-05-27 16:49:58,577 INFO     D:\SCI2\SCI\Lab4\mainapp\views.py changed, reloading.
2023-05-27 16:49:59,711 INFO     Watching for file changes with StatReloader
2023-05-27 16:50:05,350 ERROR    Internal Server Error: /delete
Traceback (most recent call last):
  File "D:\Python 3\lib\site-packages\django\core\handlers\exception.py", line 55, in inner
    response = get_response(request)
  File "D:\Python 3\lib\site-packages\django\core\handlers\base.py", line 197, in _get_response
    response = wrapped_callback(request, *callback_args, **callback_kwargs)
  File "D:\SCI2\SCI\lab4\mainapp\views.py", line 39, in _
    return func(request)
  File "D:\SCI2\SCI\lab4\mainapp\views.py", line 411, in delete
    AutoModel.objects.get(id=id).delete()
UnboundLocalError: local variable 'id' referenced before assignment
2023-05-27 16:50:28,312 INFO     D:\SCI2\SCI\Lab4\mainapp\views.py changed, reloading.
2023-05-27 16:50:29,311 INFO     Watching for file changes with StatReloader
2023-05-27 16:50:30,234 WARNING  Not Found: /autolist
2023-05-27 16:50:35,992 ERROR    Internal Server Error: /delete
Traceback (most recent call last):
  File "D:\Python 3\lib\site-packages\django\core\handlers\exception.py", line 55, in inner
    response = get_response(request)
  File "D:\Python 3\lib\site-packages\django\core\handlers\base.py", line 197, in _get_response
    response = wrapped_callback(request, *callback_args, **callback_kwargs)
  File "D:\SCI2\SCI\lab4\mainapp\views.py", line 39, in _
    return func(request)
  File "D:\SCI2\SCI\lab4\mainapp\views.py", line 411, in delete
    AutoModel.objects.get(id=id).delete()
  File "D:\Python 3\lib\site-packages\django\db\models\manager.py", line 87, in manager_method
    return getattr(self.get_queryset(), name)(*args, **kwargs)
  File "D:\Python 3\lib\site-packages\django\db\models\query.py", line 637, in get
    raise self.model.DoesNotExist(
mainapp.models.AutoModel.DoesNotExist: AutoModel matching query does not exist.
2023-05-27 16:51:04,535 ERROR    Internal Server Error: /delete
Traceback (most recent call last):
  File "D:\Python 3\lib\site-packages\django\core\handlers\exception.py", line 55, in inner
    response = get_response(request)
  File "D:\Python 3\lib\site-packages\django\core\handlers\base.py", line 197, in _get_response
    response = wrapped_callback(request, *callback_args, **callback_kwargs)
  File "D:\SCI2\SCI\lab4\mainapp\views.py", line 39, in _
    return func(request)
  File "D:\SCI2\SCI\lab4\mainapp\views.py", line 411, in delete
    AutoModel.objects.get(id=id).delete()
  File "D:\Python 3\lib\site-packages\django\db\models\manager.py", line 87, in manager_method
    return getattr(self.get_queryset(), name)(*args, **kwargs)
  File "D:\Python 3\lib\site-packages\django\db\models\query.py", line 637, in get
    raise self.model.DoesNotExist(
mainapp.models.AutoModel.DoesNotExist: AutoModel matching query does not exist.
2023-05-27 16:51:23,819 ERROR    Internal Server Error: /delete
Traceback (most recent call last):
  File "D:\Python 3\lib\site-packages\django\core\handlers\exception.py", line 55, in inner
    response = get_response(request)
  File "D:\Python 3\lib\site-packages\django\core\handlers\base.py", line 197, in _get_response
    response = wrapped_callback(request, *callback_args, **callback_kwargs)
  File "D:\SCI2\SCI\lab4\mainapp\views.py", line 39, in _
    return func(request)
  File "D:\SCI2\SCI\lab4\mainapp\views.py", line 411, in delete
    AutoModel.objects.get(id=id).delete()
  File "D:\Python 3\lib\site-packages\django\db\models\manager.py", line 87, in manager_method
    return getattr(self.get_queryset(), name)(*args, **kwargs)
  File "D:\Python 3\lib\site-packages\django\db\models\query.py", line 637, in get
    raise self.model.DoesNotExist(
mainapp.models.AutoModel.DoesNotExist: AutoModel matching query does not exist.
2023-05-27 16:51:39,824 ERROR    Internal Server Error: /delete
Traceback (most recent call last):
  File "D:\Python 3\lib\site-packages\django\core\handlers\exception.py", line 55, in inner
    response = get_response(request)
  File "D:\Python 3\lib\site-packages\django\core\handlers\base.py", line 197, in _get_response
    response = wrapped_callback(request, *callback_args, **callback_kwargs)
  File "D:\SCI2\SCI\lab4\mainapp\views.py", line 39, in _
    return func(request)
  File "D:\SCI2\SCI\lab4\mainapp\views.py", line 411, in delete
    AutoModel.objects.get(id=id).delete()
  File "D:\Python 3\lib\site-packages\django\db\models\manager.py", line 87, in manager_method
    return getattr(self.get_queryset(), name)(*args, **kwargs)
  File "D:\Python 3\lib\site-packages\django\db\models\query.py", line 637, in get
    raise self.model.DoesNotExist(
mainapp.models.AutoModel.DoesNotExist: AutoModel matching query does not exist.
2023-05-27 16:52:58,141 INFO     D:\SCI2\SCI\Lab4\mainapp\views.py changed, reloading.
2023-05-27 16:52:59,071 INFO     Watching for file changes with StatReloader
2023-05-27 16:53:56,924 INFO     D:\SCI2\SCI\Lab4\mainapp\views.py changed, reloading.
2023-05-27 16:53:58,072 INFO     Watching for file changes with StatReloader
2023-05-27 16:54:54,138 DEBUG    Adding auto model by brand Audi
2023-05-27 16:55:01,859 INFO     somebody on the main page
2023-05-27 16:55:01,871 DEBUG    Starting new HTTPS connection (1): official-joke-api.appspot.com:443
2023-05-27 16:55:03,059 DEBUG    https://official-joke-api.appspot.com:443 "GET /random_joke HTTP/1.1" 200 None
2023-05-27 17:07:34,378 INFO     Watching for file changes with StatReloader
2023-05-27 17:09:37,017 ERROR    Internal Server Error: /editauto
Traceback (most recent call last):
  File "D:\Python 3\lib\site-packages\django\core\handlers\exception.py", line 55, in inner
    response = get_response(request)
  File "D:\Python 3\lib\site-packages\django\core\handlers\base.py", line 197, in _get_response
    response = wrapped_callback(request, *callback_args, **callback_kwargs)
  File "D:\SCI2\SCI\lab4\mainapp\views.py", line 39, in _
    return func(request)
  File "D:\SCI2\SCI\lab4\mainapp\views.py", line 509, in editauto
    car = auto.carModel
UnboundLocalError: local variable 'auto' referenced before assignment
2023-05-27 17:10:21,046 INFO     D:\SCI2\SCI\Lab4\mainapp\views.py changed, reloading.
2023-05-27 17:10:21,886 INFO     Watching for file changes with StatReloader
2023-05-27 17:10:24,487 ERROR    Internal Server Error: /editauto
Traceback (most recent call last):
  File "D:\Python 3\lib\site-packages\django\core\handlers\exception.py", line 55, in inner
    response = get_response(request)
  File "D:\Python 3\lib\site-packages\django\core\handlers\base.py", line 197, in _get_response
    response = wrapped_callback(request, *callback_args, **callback_kwargs)
  File "D:\SCI2\SCI\lab4\mainapp\views.py", line 39, in _
    return func(request)
  File "D:\SCI2\SCI\lab4\mainapp\views.py", line 498, in editauto
    auto = AutoModel.objects.get(id=id)
  File "D:\Python 3\lib\site-packages\django\db\models\manager.py", line 87, in manager_method
    return getattr(self.get_queryset(), name)(*args, **kwargs)
  File "D:\Python 3\lib\site-packages\django\db\models\query.py", line 637, in get
    raise self.model.DoesNotExist(
mainapp.models.AutoModel.DoesNotExist: AutoModel matching query does not exist.
2023-05-27 17:11:28,852 ERROR    Internal Server Error: /editauto
Traceback (most recent call last):
  File "D:\Python 3\lib\site-packages\django\core\handlers\exception.py", line 55, in inner
    response = get_response(request)
  File "D:\Python 3\lib\site-packages\django\core\handlers\base.py", line 197, in _get_response
    response = wrapped_callback(request, *callback_args, **callback_kwargs)
  File "D:\SCI2\SCI\lab4\mainapp\views.py", line 39, in _
    return func(request)
  File "D:\SCI2\SCI\lab4\mainapp\views.py", line 498, in editauto
    auto = AutoModel.objects.get(id=id)
  File "D:\Python 3\lib\site-packages\django\db\models\manager.py", line 87, in manager_method
    return getattr(self.get_queryset(), name)(*args, **kwargs)
  File "D:\Python 3\lib\site-packages\django\db\models\query.py", line 637, in get
    raise self.model.DoesNotExist(
mainapp.models.AutoModel.DoesNotExist: AutoModel matching query does not exist.
2023-05-27 17:12:25,410 INFO     D:\SCI2\SCI\Lab4\mainapp\views.py changed, reloading.
2023-05-27 17:12:26,233 INFO     Watching for file changes with StatReloader
2023-05-27 17:12:55,544 INFO     D:\SCI2\SCI\Lab4\mainapp\views.py changed, reloading.
2023-05-27 17:12:56,583 INFO     Watching for file changes with StatReloader
2023-05-27 17:15:29,141 INFO     Watching for file changes with StatReloader
2023-05-27 17:19:07,608 INFO     somebody on the main page
2023-05-27 17:19:07,617 DEBUG    Starting new HTTPS connection (1): official-joke-api.appspot.com:443
2023-05-27 17:19:08,815 DEBUG    https://official-joke-api.appspot.com:443 "GET /random_joke HTTP/1.1" 200 None
2023-05-27 17:20:29,499 INFO     new client created
2023-05-27 17:27:38,351 INFO     D:\SCI2\SCI\Lab4\mainapp\views.py changed, reloading.
2023-05-27 17:27:38,965 INFO     Watching for file changes with StatReloader
2023-05-27 17:28:03,314 INFO     somebody on the main page
2023-05-27 17:28:03,319 DEBUG    Starting new HTTPS connection (1): official-joke-api.appspot.com:443
2023-05-27 17:28:04,481 DEBUG    https://official-joke-api.appspot.com:443 "GET /random_joke HTTP/1.1" 200 None
2023-05-27 17:28:04,482 DEBUG    Starting new HTTPS connection (1): catfact.ninja:443
2023-05-27 17:28:05,845 DEBUG    https://catfact.ninja:443 "GET /fact HTTP/1.1" 200 None
2023-05-27 17:28:40,255 INFO     D:\SCI2\SCI\Lab4\mainapp\views.py changed, reloading.
2023-05-27 17:28:40,936 INFO     Watching for file changes with StatReloader
2023-05-27 17:28:43,437 INFO     D:\SCI2\SCI\Lab4\mainapp\views.py changed, reloading.
2023-05-27 17:28:44,074 INFO     Watching for file changes with StatReloader
2023-05-27 17:28:45,552 INFO     somebody on the main page
2023-05-27 17:28:45,555 DEBUG    Starting new HTTPS connection (1): official-joke-api.appspot.com:443
2023-05-27 17:28:46,650 DEBUG    https://official-joke-api.appspot.com:443 "GET /random_joke HTTP/1.1" 200 None
2023-05-27 17:28:46,653 DEBUG    Starting new HTTPS connection (1): catfact.ninja:443
2023-05-27 17:28:47,102 DEBUG    https://catfact.ninja:443 "GET /fact HTTP/1.1" 200 None
2023-05-27 17:28:51,031 INFO     somebody on the main page
2023-05-27 17:28:51,034 DEBUG    Starting new HTTPS connection (1): official-joke-api.appspot.com:443
2023-05-27 17:28:52,170 DEBUG    https://official-joke-api.appspot.com:443 "GET /random_joke HTTP/1.1" 200 None
2023-05-27 17:28:52,175 DEBUG    Starting new HTTPS connection (1): catfact.ninja:443
2023-05-27 17:28:52,668 DEBUG    https://catfact.ninja:443 "GET /fact HTTP/1.1" 200 None
2023-05-27 17:29:00,184 INFO     D:\SCI2\SCI\Lab4\mainapp\views.py changed, reloading.
2023-05-27 17:29:00,808 INFO     Watching for file changes with StatReloader
2023-05-27 17:29:04,356 INFO     D:\SCI2\SCI\Lab4\mainapp\views.py changed, reloading.
2023-05-27 17:29:04,930 INFO     Watching for file changes with StatReloader
2023-05-27 17:29:06,580 INFO     somebody on the main page
2023-05-27 17:29:06,584 DEBUG    Starting new HTTPS connection (1): official-joke-api.appspot.com:443
2023-05-27 17:29:07,932 DEBUG    https://official-joke-api.appspot.com:443 "GET /random_joke HTTP/1.1" 200 None
2023-05-27 17:29:07,936 DEBUG    Starting new HTTPS connection (1): catfact.ninja:443
2023-05-27 17:29:08,366 DEBUG    https://catfact.ninja:443 "GET /fact HTTP/1.1" 200 None
2023-05-28 14:01:20,090 INFO     Watching for file changes with StatReloader
2023-05-28 14:01:22,734 INFO     somebody on the main page
2023-05-28 14:01:22,743 DEBUG    Starting new HTTPS connection (1): official-joke-api.appspot.com:443
2023-05-28 14:01:23,804 DEBUG    https://official-joke-api.appspot.com:443 "GET /random_joke HTTP/1.1" 200 None
2023-05-28 14:01:23,805 DEBUG    Starting new HTTPS connection (1): catfact.ninja:443
2023-05-28 14:01:24,441 DEBUG    https://catfact.ninja:443 "GET /fact HTTP/1.1" 200 None
2023-05-28 14:01:29,639 INFO     somebody enter the staff page
2023-05-28 14:01:43,670 INFO     somebody enter the staff page
2023-05-28 14:03:55,963 INFO     D:\SCI2\SCI\Lab4\mainapp\views.py changed, reloading.
2023-05-28 14:03:56,536 INFO     Watching for file changes with StatReloader
2023-05-28 14:04:00,847 INFO     somebody enter the staff page
2023-05-28 14:04:09,174 INFO     somebody enter the staff page
2023-05-28 14:04:09,185 DEBUG    phone +375(29)6814885
2023-05-28 14:04:46,456 INFO     D:\SCI2\SCI\Lab4\mainapp\views.py changed, reloading.
2023-05-28 14:04:47,049 INFO     Watching for file changes with StatReloader
2023-05-28 14:05:10,134 INFO     D:\SCI2\SCI\Lab4\mainapp\views.py changed, reloading.
2023-05-28 14:05:10,736 INFO     Watching for file changes with StatReloader
2023-05-28 14:05:11,116 INFO     somebody enter the staff page
2023-05-28 14:05:11,126 DEBUG    phone +375(29)6814885
2023-05-28 14:05:11,129 DEBUG    not existing user
2023-05-28 14:05:11,136 INFO     somebody enter the staff page
2023-05-28 14:05:41,987 INFO     D:\SCI2\SCI\Lab4\mainapp\views.py changed, reloading.
2023-05-28 14:05:42,624 INFO     Watching for file changes with StatReloader
2023-05-28 14:05:58,791 INFO     somebody enter the staff page
2023-05-28 14:05:58,802 DEBUG    phone +375(29)6814885
2023-05-28 14:05:58,806 DEBUG    not existing user Тимофеев Кир Андрейчич +375(29)6814885
2023-05-28 14:05:58,816 INFO     somebody enter the staff page
2023-05-28 14:10:20,735 INFO     D:\SCI2\SCI\Lab4\mainapp\views.py changed, reloading.
2023-05-28 14:10:21,322 INFO     Watching for file changes with StatReloader
2023-05-28 14:14:08,896 INFO     Watching for file changes with StatReloader
2023-05-28 14:14:11,008 INFO     somebody on the main page
2023-05-28 14:14:11,014 DEBUG    Starting new HTTPS connection (1): official-joke-api.appspot.com:443
2023-05-28 14:14:12,074 DEBUG    https://official-joke-api.appspot.com:443 "GET /random_joke HTTP/1.1" 200 None
2023-05-28 14:14:12,078 DEBUG    Starting new HTTPS connection (1): catfact.ninja:443
2023-05-28 14:14:12,525 DEBUG    https://catfact.ninja:443 "GET /fact HTTP/1.1" 200 None
2023-05-28 14:14:33,255 INFO     somebody enter the staff page
2023-05-28 14:14:41,378 INFO     somebody enter the staff page
2023-05-28 14:14:41,386 DEBUG    phone +375(29)6814885
2023-05-28 14:14:43,579 DEBUG    phone +375(29)6814885
2023-05-28 14:14:46,479 DEBUG    phone +375(29)6814885
2023-05-28 14:15:05,518 ERROR    Internal Server Error: /userinfo
Traceback (most recent call last):
  File "D:\Python 3\lib\site-packages\django\db\backends\utils.py", line 89, in _execute
    return self.cursor.execute(sql, params)
  File "D:\Python 3\lib\site-packages\django\db\backends\sqlite3\base.py", line 328, in execute
    return super().execute(query, params)
sqlite3.IntegrityError: UNIQUE constraint failed: mainapp_carmodel.id

The above exception was the direct cause of the following exception:

Traceback (most recent call last):
  File "D:\Python 3\lib\site-packages\django\core\handlers\exception.py", line 55, in inner
    response = get_response(request)
  File "D:\Python 3\lib\site-packages\django\core\handlers\base.py", line 197, in _get_response
    response = wrapped_callback(request, *callback_args, **callback_kwargs)
  File "D:\SCI2\SCI\lab4\mainapp\views.py", line 39, in _
    return func(request)
  File "D:\SCI2\SCI\lab4\mainapp\views.py", line 235, in userinfo
    return stopOrder(request)
  File "D:\SCI2\SCI\lab4\mainapp\views.py", line 39, in _
    return func(request)
  File "D:\SCI2\SCI\lab4\mainapp\views.py", line 252, in stopOrder
    ordr.auto.carModel.save(['usageCount'])
  File "D:\Python 3\lib\site-packages\django\db\models\base.py", line 814, in save
    self.save_base(
  File "D:\Python 3\lib\site-packages\django\db\models\base.py", line 877, in save_base
    updated = self._save_table(
  File "D:\Python 3\lib\site-packages\django\db\models\base.py", line 1020, in _save_table
    results = self._do_insert(
  File "D:\Python 3\lib\site-packages\django\db\models\base.py", line 1061, in _do_insert
    return manager._insert(
  File "D:\Python 3\lib\site-packages\django\db\models\manager.py", line 87, in manager_method
    return getattr(self.get_queryset(), name)(*args, **kwargs)
  File "D:\Python 3\lib\site-packages\django\db\models\query.py", line 1805, in _insert
    return query.get_compiler(using=using).execute_sql(returning_fields)
  File "D:\Python 3\lib\site-packages\django\db\models\sql\compiler.py", line 1820, in execute_sql
    cursor.execute(sql, params)
  File "D:\Python 3\lib\site-packages\django\db\backends\utils.py", line 102, in execute
    return super().execute(sql, params)
  File "D:\Python 3\lib\site-packages\django\db\backends\utils.py", line 67, in execute
    return self._execute_with_wrappers(
  File "D:\Python 3\lib\site-packages\django\db\backends\utils.py", line 80, in _execute_with_wrappers
    return executor(sql, params, many, context)
  File "D:\Python 3\lib\site-packages\django\db\backends\utils.py", line 84, in _execute
    with self.db.wrap_database_errors:
  File "D:\Python 3\lib\site-packages\django\db\utils.py", line 91, in __exit__
    raise dj_exc_value.with_traceback(traceback) from exc_value
  File "D:\Python 3\lib\site-packages\django\db\backends\utils.py", line 89, in _execute
    return self.cursor.execute(sql, params)
  File "D:\Python 3\lib\site-packages\django\db\backends\sqlite3\base.py", line 328, in execute
    return super().execute(query, params)
django.db.utils.IntegrityError: UNIQUE constraint failed: mainapp_carmodel.id
2023-05-28 14:16:05,584 ERROR    Internal Server Error: /userinfo
Traceback (most recent call last):
  File "D:\Python 3\lib\site-packages\django\db\backends\utils.py", line 89, in _execute
    return self.cursor.execute(sql, params)
  File "D:\Python 3\lib\site-packages\django\db\backends\sqlite3\base.py", line 328, in execute
    return super().execute(query, params)
sqlite3.IntegrityError: UNIQUE constraint failed: mainapp_carmodel.id

The above exception was the direct cause of the following exception:

Traceback (most recent call last):
  File "D:\Python 3\lib\site-packages\django\core\handlers\exception.py", line 55, in inner
    response = get_response(request)
  File "D:\Python 3\lib\site-packages\django\core\handlers\base.py", line 197, in _get_response
    response = wrapped_callback(request, *callback_args, **callback_kwargs)
  File "D:\SCI2\SCI\lab4\mainapp\views.py", line 39, in _
    return func(request)
  File "D:\SCI2\SCI\lab4\mainapp\views.py", line 235, in userinfo
    return stopOrder(request)
  File "D:\SCI2\SCI\lab4\mainapp\views.py", line 39, in _
    return func(request)
  File "D:\SCI2\SCI\lab4\mainapp\views.py", line 252, in stopOrder
    ordr.auto.carModel.save(['usageCount'])
  File "D:\Python 3\lib\site-packages\django\db\models\base.py", line 814, in save
    self.save_base(
  File "D:\Python 3\lib\site-packages\django\db\models\base.py", line 877, in save_base
    updated = self._save_table(
  File "D:\Python 3\lib\site-packages\django\db\models\base.py", line 1020, in _save_table
    results = self._do_insert(
  File "D:\Python 3\lib\site-packages\django\db\models\base.py", line 1061, in _do_insert
    return manager._insert(
  File "D:\Python 3\lib\site-packages\django\db\models\manager.py", line 87, in manager_method
    return getattr(self.get_queryset(), name)(*args, **kwargs)
  File "D:\Python 3\lib\site-packages\django\db\models\query.py", line 1805, in _insert
    return query.get_compiler(using=using).execute_sql(returning_fields)
  File "D:\Python 3\lib\site-packages\django\db\models\sql\compiler.py", line 1820, in execute_sql
    cursor.execute(sql, params)
  File "D:\Python 3\lib\site-packages\django\db\backends\utils.py", line 102, in execute
    return super().execute(sql, params)
  File "D:\Python 3\lib\site-packages\django\db\backends\utils.py", line 67, in execute
    return self._execute_with_wrappers(
  File "D:\Python 3\lib\site-packages\django\db\backends\utils.py", line 80, in _execute_with_wrappers
    return executor(sql, params, many, context)
  File "D:\Python 3\lib\site-packages\django\db\backends\utils.py", line 84, in _execute
    with self.db.wrap_database_errors:
  File "D:\Python 3\lib\site-packages\django\db\utils.py", line 91, in __exit__
    raise dj_exc_value.with_traceback(traceback) from exc_value
  File "D:\Python 3\lib\site-packages\django\db\backends\utils.py", line 89, in _execute
    return self.cursor.execute(sql, params)
  File "D:\Python 3\lib\site-packages\django\db\backends\sqlite3\base.py", line 328, in execute
    return super().execute(query, params)
django.db.utils.IntegrityError: UNIQUE constraint failed: mainapp_carmodel.id
2023-05-28 14:16:34,732 INFO     D:\SCI2\SCI\Lab4\mainapp\views.py changed, reloading.
2023-05-28 14:16:35,256 INFO     Watching for file changes with StatReloader
2023-05-28 14:16:38,318 ERROR    Internal Server Error: /userinfo
Traceback (most recent call last):
  File "D:\Python 3\lib\site-packages\django\db\backends\utils.py", line 89, in _execute
    return self.cursor.execute(sql, params)
  File "D:\Python 3\lib\site-packages\django\db\backends\sqlite3\base.py", line 328, in execute
    return super().execute(query, params)
sqlite3.IntegrityError: UNIQUE constraint failed: mainapp_carmodel.id

The above exception was the direct cause of the following exception:

Traceback (most recent call last):
  File "D:\Python 3\lib\site-packages\django\core\handlers\exception.py", line 55, in inner
    response = get_response(request)
  File "D:\Python 3\lib\site-packages\django\core\handlers\base.py", line 197, in _get_response
    response = wrapped_callback(request, *callback_args, **callback_kwargs)
  File "D:\SCI2\SCI\lab4\mainapp\views.py", line 39, in _
    return func(request)
  File "D:\SCI2\SCI\lab4\mainapp\views.py", line 235, in userinfo
    return stopOrder(request)
  File "D:\SCI2\SCI\lab4\mainapp\views.py", line 39, in _
    return func(request)
  File "D:\SCI2\SCI\lab4\mainapp\views.py", line 252, in stopOrder
    ordr.auto.carModel.save(['usageCount'])
  File "D:\Python 3\lib\site-packages\django\db\models\base.py", line 814, in save
    self.save_base(
  File "D:\Python 3\lib\site-packages\django\db\models\base.py", line 877, in save_base
    updated = self._save_table(
  File "D:\Python 3\lib\site-packages\django\db\models\base.py", line 1020, in _save_table
    results = self._do_insert(
  File "D:\Python 3\lib\site-packages\django\db\models\base.py", line 1061, in _do_insert
    return manager._insert(
  File "D:\Python 3\lib\site-packages\django\db\models\manager.py", line 87, in manager_method
    return getattr(self.get_queryset(), name)(*args, **kwargs)
  File "D:\Python 3\lib\site-packages\django\db\models\query.py", line 1805, in _insert
    return query.get_compiler(using=using).execute_sql(returning_fields)
  File "D:\Python 3\lib\site-packages\django\db\models\sql\compiler.py", line 1820, in execute_sql
    cursor.execute(sql, params)
  File "D:\Python 3\lib\site-packages\django\db\backends\utils.py", line 102, in execute
    return super().execute(sql, params)
  File "D:\Python 3\lib\site-packages\django\db\backends\utils.py", line 67, in execute
    return self._execute_with_wrappers(
  File "D:\Python 3\lib\site-packages\django\db\backends\utils.py", line 80, in _execute_with_wrappers
    return executor(sql, params, many, context)
  File "D:\Python 3\lib\site-packages\django\db\backends\utils.py", line 84, in _execute
    with self.db.wrap_database_errors:
  File "D:\Python 3\lib\site-packages\django\db\utils.py", line 91, in __exit__
    raise dj_exc_value.with_traceback(traceback) from exc_value
  File "D:\Python 3\lib\site-packages\django\db\backends\utils.py", line 89, in _execute
    return self.cursor.execute(sql, params)
  File "D:\Python 3\lib\site-packages\django\db\backends\sqlite3\base.py", line 328, in execute
    return super().execute(query, params)
django.db.utils.IntegrityError: UNIQUE constraint failed: mainapp_carmodel.id
2023-05-28 14:19:07,713 INFO     D:\SCI2\SCI\Lab4\mainapp\views.py changed, reloading.
2023-05-28 14:19:08,224 INFO     Watching for file changes with StatReloader
2023-05-28 14:19:13,376 DEBUG    phone +375(29)6814885
2023-05-28 14:19:16,914 INFO     D:\SCI2\SCI\Lab4\mainapp\views.py changed, reloading.
2023-05-28 14:19:17,435 INFO     Watching for file changes with StatReloader
2023-05-28 14:47:11,143 INFO     somebody on the main page
2023-05-28 14:47:11,150 DEBUG    Starting new HTTPS connection (1): official-joke-api.appspot.com:443
2023-05-28 14:47:12,210 DEBUG    https://official-joke-api.appspot.com:443 "GET /random_joke HTTP/1.1" 200 None
2023-05-28 14:47:12,219 DEBUG    Starting new HTTPS connection (1): catfact.ninja:443
2023-05-28 14:47:12,811 DEBUG    https://catfact.ninja:443 "GET /fact HTTP/1.1" 200 None
2023-05-28 14:47:22,243 INFO     somebody enter the staff page
2023-05-28 14:47:30,795 INFO     somebody enter the staff page
2023-05-28 14:47:30,803 DEBUG    phone +375(29)6814885
2023-05-28 14:47:32,997 DEBUG    phone +375(29)6814885
2023-05-28 14:47:37,179 DEBUG    phone +375(29)6814885
2023-05-28 14:47:39,304 DEBUG    phone +375(29)6814885
2023-05-28 14:48:01,327 INFO     somebody on the order page
2023-05-28 14:48:10,810 INFO     somebody on the order page
2023-05-29 12:34:49,391 INFO     Watching for file changes with StatReloader
2023-05-29 12:34:53,588 INFO     somebody on the main page
2023-05-29 12:34:53,595 DEBUG    Starting new HTTPS connection (1): official-joke-api.appspot.com:443
2023-05-29 12:34:57,771 DEBUG    https://official-joke-api.appspot.com:443 "GET /random_joke HTTP/1.1" 200 None
2023-05-29 12:34:57,775 DEBUG    Starting new HTTPS connection (1): catfact.ninja:443
2023-05-29 12:35:01,868 DEBUG    https://catfact.ninja:443 "GET /fact HTTP/1.1" 200 None
2023-05-30 13:07:40,100 INFO     Watching for file changes with StatReloader
2023-05-30 13:07:46,603 DEBUG    Adding auto model by brand Mercedes
2023-05-30 13:07:47,074 WARNING  Not Found: /favicon.ico
2023-05-30 13:07:51,911 DEBUG    Adding auto model by brand Mercedes
2023-05-30 13:07:55,759 DEBUG    Adding auto model by brand Mercedes
2023-05-30 13:15:00,216 DEBUG    Adding auto model by brand Mercedes
2023-05-30 14:11:02,983 INFO     Watching for file changes with StatReloader
2023-05-30 14:11:05,598 INFO     somebody on the main page
2023-05-30 14:11:05,643 DEBUG    Starting new HTTPS connection (1): official-joke-api.appspot.com:443
2023-05-30 14:11:10,195 DEBUG    https://official-joke-api.appspot.com:443 "GET /random_joke HTTP/1.1" 200 None
2023-05-30 14:11:10,236 DEBUG    Starting new HTTPS connection (1): catfact.ninja:443
2023-05-30 14:11:15,326 DEBUG    https://catfact.ninja:443 "GET /fact HTTP/1.1" 200 None
2023-05-30 14:11:33,197 INFO     somebody on the main page
2023-05-30 14:11:33,203 DEBUG    Starting new HTTPS connection (1): official-joke-api.appspot.com:443
2023-05-30 14:11:37,851 DEBUG    https://official-joke-api.appspot.com:443 "GET /random_joke HTTP/1.1" 200 None
2023-05-30 14:11:37,859 DEBUG    Starting new HTTPS connection (1): catfact.ninja:443
2023-05-30 14:11:42,462 DEBUG    https://catfact.ninja:443 "GET /fact HTTP/1.1" 200 None
2023-05-30 14:11:53,632 INFO     somebody on the main page
2023-05-30 14:11:53,637 DEBUG    Starting new HTTPS connection (1): official-joke-api.appspot.com:443
2023-05-30 14:11:58,145 DEBUG    https://official-joke-api.appspot.com:443 "GET /random_joke HTTP/1.1" 200 None
2023-05-30 14:11:58,151 DEBUG    Starting new HTTPS connection (1): catfact.ninja:443
2023-05-30 14:12:02,950 DEBUG    https://catfact.ninja:443 "GET /fact HTTP/1.1" 200 None
2023-05-30 14:12:44,294 INFO     somebody on the main page
2023-05-30 14:12:44,299 DEBUG    Starting new HTTPS connection (1): official-joke-api.appspot.com:443
2023-05-30 14:12:48,713 DEBUG    https://official-joke-api.appspot.com:443 "GET /random_joke HTTP/1.1" 200 None
2023-05-30 14:12:48,719 DEBUG    Starting new HTTPS connection (1): catfact.ninja:443
2023-05-30 14:12:53,835 DEBUG    https://catfact.ninja:443 "GET /fact HTTP/1.1" 200 None
2023-05-30 14:48:35,659 INFO     Watching for file changes with StatReloader
2023-05-30 14:48:37,893 INFO     somebody on the main page
2023-05-30 14:48:37,903 DEBUG    Starting new HTTPS connection (1): official-joke-api.appspot.com:443
2023-05-30 14:48:43,620 DEBUG    https://official-joke-api.appspot.com:443 "GET /random_joke HTTP/1.1" 200 None
2023-05-30 14:48:43,626 DEBUG    Starting new HTTPS connection (1): catfact.ninja:443
2023-05-30 14:48:48,211 DEBUG    https://catfact.ninja:443 "GET /fact HTTP/1.1" 200 None
2023-05-30 14:48:51,405 INFO     somebody on the main page
2023-05-30 14:48:51,410 DEBUG    Starting new HTTPS connection (1): official-joke-api.appspot.com:443
2023-05-30 14:48:56,060 DEBUG    https://official-joke-api.appspot.com:443 "GET /random_joke HTTP/1.1" 200 None
2023-05-30 14:48:56,135 DEBUG    Starting new HTTPS connection (1): catfact.ninja:443
2023-05-30 14:49:01,173 DEBUG    https://catfact.ninja:443 "GET /fact HTTP/1.1" 200 None
2023-05-30 15:20:20,823 INFO     D:\SCI2\SCI\Lab4\mainapp\models.py changed, reloading.
2023-05-30 15:20:21,883 INFO     Watching for file changes with StatReloader
2023-05-30 15:20:37,401 INFO     D:\SCI2\SCI\Lab4\mainapp\models.py changed, reloading.
2023-05-30 15:20:38,355 INFO     Watching for file changes with StatReloader
2023-05-30 15:21:33,701 INFO     D:\SCI2\SCI\Lab4\mainapp\views.py changed, reloading.
2023-05-30 15:21:34,781 INFO     Watching for file changes with StatReloader
2023-05-30 15:24:25,192 INFO     D:\SCI2\SCI\Lab4\manage.py changed, reloading.
2023-05-30 15:24:26,228 INFO     Watching for file changes with StatReloader
2023-05-30 15:24:30,165 INFO     D:\SCI2\SCI\Lab4\mainapp\models.py changed, reloading.
2023-05-30 15:24:31,464 INFO     Watching for file changes with StatReloader
2023-05-30 15:31:51,211 INFO     Watching for file changes with StatReloader
2023-05-30 15:31:54,589 INFO     somebody on the main page
2023-05-30 15:31:54,597 DEBUG    Starting new HTTPS connection (1): official-joke-api.appspot.com:443
2023-05-30 15:31:58,045 DEBUG    https://official-joke-api.appspot.com:443 "GET /random_joke HTTP/1.1" 200 None
2023-05-30 15:31:58,050 DEBUG    Starting new HTTPS connection (1): catfact.ninja:443
2023-05-30 15:32:01,671 DEBUG    https://catfact.ninja:443 "GET /fact HTTP/1.1" 200 None
2023-05-30 15:32:39,476 INFO     somebody on the main page
2023-05-30 15:32:39,482 DEBUG    Starting new HTTPS connection (1): official-joke-api.appspot.com:443
2023-05-30 15:32:42,909 DEBUG    https://official-joke-api.appspot.com:443 "GET /random_joke HTTP/1.1" 200 None
2023-05-30 15:32:42,917 DEBUG    Starting new HTTPS connection (1): catfact.ninja:443
2023-05-30 15:32:46,524 DEBUG    https://catfact.ninja:443 "GET /fact HTTP/1.1" 200 None
2023-05-30 15:36:40,434 INFO     new client created
2023-05-30 15:37:03,941 INFO     somebody on the main page
2023-05-30 15:37:03,946 DEBUG    Starting new HTTPS connection (1): official-joke-api.appspot.com:443
2023-05-30 15:37:08,163 DEBUG    https://official-joke-api.appspot.com:443 "GET /random_joke HTTP/1.1" 200 None
2023-05-30 15:37:08,176 DEBUG    Starting new HTTPS connection (1): catfact.ninja:443
2023-05-30 15:37:11,916 DEBUG    https://catfact.ninja:443 "GET /fact HTTP/1.1" 200 None
2023-05-30 15:38:08,152 INFO     somebody on the order page
2023-05-30 15:38:51,719 INFO     somebody on the order page
2023-05-30 15:38:51,750 INFO     somebody on the order page
2023-05-30 15:39:05,869 INFO     somebody on the order page
2023-05-30 15:39:05,887 INFO     somebody on the order page
2023-05-30 15:39:20,552 INFO     somebody on the order page
2023-05-30 15:39:38,012 INFO     somebody on the order page
2023-05-30 15:39:48,538 INFO     somebody on the order page
2023-05-30 15:39:48,561 INFO     somebody on the order page
2023-05-30 15:40:06,078 INFO     somebody on the order page
2023-05-30 15:40:30,888 INFO     somebody on the main page
2023-05-30 15:40:30,893 DEBUG    Starting new HTTPS connection (1): official-joke-api.appspot.com:443
2023-05-30 15:40:35,037 DEBUG    https://official-joke-api.appspot.com:443 "GET /random_joke HTTP/1.1" 200 None
2023-05-30 15:40:35,041 DEBUG    Starting new HTTPS connection (1): catfact.ninja:443
2023-05-30 15:40:38,749 DEBUG    https://catfact.ninja:443 "GET /fact HTTP/1.1" 200 None
2023-05-30 15:45:43,363 INFO     somebody on the main page
2023-05-30 15:45:43,367 DEBUG    Starting new HTTPS connection (1): official-joke-api.appspot.com:443
2023-05-30 15:45:47,609 DEBUG    https://official-joke-api.appspot.com:443 "GET /random_joke HTTP/1.1" 200 None
2023-05-30 15:45:47,615 DEBUG    Starting new HTTPS connection (1): catfact.ninja:443
2023-05-30 15:45:51,291 DEBUG    https://catfact.ninja:443 "GET /fact HTTP/1.1" 200 None
2023-05-30 15:46:13,750 INFO     somebody on the main page
2023-05-30 15:46:13,756 DEBUG    Starting new HTTPS connection (1): official-joke-api.appspot.com:443
2023-05-30 15:46:18,015 DEBUG    https://official-joke-api.appspot.com:443 "GET /random_joke HTTP/1.1" 200 None
2023-05-30 15:46:18,021 DEBUG    Starting new HTTPS connection (1): catfact.ninja:443
2023-05-30 15:46:21,602 DEBUG    https://catfact.ninja:443 "GET /fact HTTP/1.1" 200 None
2023-05-30 15:46:41,831 INFO     somebody enter the staff page
2023-05-30 15:47:17,675 INFO     somebody enter the staff page
2023-05-30 15:47:17,691 DEBUG    phone +375(29)1234567
2023-05-30 15:47:19,894 DEBUG    phone +375(29)1234567
2023-05-30 15:48:23,691 DEBUG    phone +375(29)1234567
2023-05-30 15:48:26,012 DEBUG    phone +375(29)1234567
2023-05-30 15:48:35,385 INFO     somebody on the main page
2023-05-30 15:48:35,391 DEBUG    Starting new HTTPS connection (1): official-joke-api.appspot.com:443
2023-05-30 15:48:39,370 INFO     somebody on the main page
2023-05-30 15:48:39,377 DEBUG    Starting new HTTPS connection (1): official-joke-api.appspot.com:443
2023-05-30 15:48:39,465 DEBUG    https://official-joke-api.appspot.com:443 "GET /random_joke HTTP/1.1" 200 None
2023-05-30 15:48:39,471 DEBUG    Starting new HTTPS connection (1): catfact.ninja:443
2023-05-30 15:48:40,455 DEBUG    https://official-joke-api.appspot.com:443 "GET /random_joke HTTP/1.1" 200 None
2023-05-30 15:48:40,463 DEBUG    Starting new HTTPS connection (1): catfact.ninja:443
2023-05-30 15:48:43,016 DEBUG    https://catfact.ninja:443 "GET /fact HTTP/1.1" 200 None
2023-05-30 15:48:43,018 DEBUG    https://catfact.ninja:443 "GET /fact HTTP/1.1" 200 None
2023-05-30 15:48:55,158 INFO     somebody on the main page
2023-05-30 15:48:55,164 DEBUG    Starting new HTTPS connection (1): official-joke-api.appspot.com:443
2023-05-30 15:48:59,385 DEBUG    https://official-joke-api.appspot.com:443 "GET /random_joke HTTP/1.1" 200 None
2023-05-30 15:48:59,391 DEBUG    Starting new HTTPS connection (1): catfact.ninja:443
2023-05-30 15:49:02,987 DEBUG    https://catfact.ninja:443 "GET /fact HTTP/1.1" 200 None
2023-05-30 15:49:24,557 INFO     somebody on the main page
2023-05-30 15:49:24,562 DEBUG    Starting new HTTPS connection (1): official-joke-api.appspot.com:443
2023-05-30 15:49:28,791 DEBUG    https://official-joke-api.appspot.com:443 "GET /random_joke HTTP/1.1" 200 None
2023-05-30 15:49:28,798 DEBUG    Starting new HTTPS connection (1): catfact.ninja:443
2023-05-30 15:49:32,341 DEBUG    https://catfact.ninja:443 "GET /fact HTTP/1.1" 200 None
2023-05-30 15:49:43,047 INFO     somebody on the main page
2023-05-30 15:49:43,053 DEBUG    Starting new HTTPS connection (1): official-joke-api.appspot.com:443
2023-05-30 15:49:47,223 DEBUG    https://official-joke-api.appspot.com:443 "GET /random_joke HTTP/1.1" 200 None
2023-05-30 15:49:47,230 DEBUG    Starting new HTTPS connection (1): catfact.ninja:443
2023-05-30 15:49:50,803 DEBUG    https://catfact.ninja:443 "GET /fact HTTP/1.1" 200 None
2023-05-31 15:15:34,468 INFO     D:\SCI2\SCI\Lab4\mainapp\views.py changed, reloading.
2023-09-05 20:18:10,268 INFO     Watching for file changes with StatReloader
2023-09-05 20:18:14,668 INFO     somebody on the main page
2023-09-05 20:18:14,682 DEBUG    Starting new HTTPS connection (1): official-joke-api.appspot.com:443
2023-09-05 20:18:16,089 ERROR    Internal Server Error: /main
Traceback (most recent call last):
  File "D:\Python 3\lib\site-packages\urllib3\connection.py", line 200, in _new_conn
    sock = connection.create_connection(
  File "D:\Python 3\lib\site-packages\urllib3\util\connection.py", line 60, in create_connection
    for res in socket.getaddrinfo(host, port, family, socket.SOCK_STREAM):
  File "D:\Python 3\lib\socket.py", line 955, in getaddrinfo
    for res in _socket.getaddrinfo(host, port, family, type, proto, flags):
socket.gaierror: [Errno 11001] getaddrinfo failed

The above exception was the direct cause of the following exception:

Traceback (most recent call last):
  File "D:\Python 3\lib\site-packages\urllib3\connectionpool.py", line 790, in urlopen
    response = self._make_request(
  File "D:\Python 3\lib\site-packages\urllib3\connectionpool.py", line 491, in _make_request
    raise new_e
  File "D:\Python 3\lib\site-packages\urllib3\connectionpool.py", line 467, in _make_request
    self._validate_conn(conn)
  File "D:\Python 3\lib\site-packages\urllib3\connectionpool.py", line 1092, in _validate_conn
    conn.connect()
  File "D:\Python 3\lib\site-packages\urllib3\connection.py", line 604, in connect
    self.sock = sock = self._new_conn()
  File "D:\Python 3\lib\site-packages\urllib3\connection.py", line 207, in _new_conn
    raise NameResolutionError(self.host, self, e) from e
urllib3.exceptions.NameResolutionError: <urllib3.connection.HTTPSConnection object at 0x000001EE08E994E0>: Failed to resolve 'official-joke-api.appspot.com' ([Errno 11001] getaddrinfo failed)

The above exception was the direct cause of the following exception:

Traceback (most recent call last):
  File "D:\Python 3\lib\site-packages\requests\adapters.py", line 486, in send
    resp = conn.urlopen(
  File "D:\Python 3\lib\site-packages\urllib3\connectionpool.py", line 844, in urlopen
    retries = retries.increment(
  File "D:\Python 3\lib\site-packages\urllib3\util\retry.py", line 515, in increment
    raise MaxRetryError(_pool, url, reason) from reason  # type: ignore[arg-type]
urllib3.exceptions.MaxRetryError: HTTPSConnectionPool(host='official-joke-api.appspot.com', port=443): Max retries exceeded with url: /random_joke (Caused by NameResolutionError("<urllib3.connection.HTTPSConnection object at 0x000001EE08E994E0>: Failed to resolve 'official-joke-api.appspot.com' ([Errno 11001] getaddrinfo failed)"))

During handling of the above exception, another exception occurred:

Traceback (most recent call last):
  File "D:\Python 3\lib\site-packages\django\core\handlers\exception.py", line 55, in inner
    response = get_response(request)
  File "D:\Python 3\lib\site-packages\django\core\handlers\base.py", line 197, in _get_response
    response = wrapped_callback(request, *callback_args, **callback_kwargs)
  File "D:\SCI2\SCI\Lab4\mainapp\views.py", line 53, in index
    resp = get("https://official-joke-api.appspot.com/random_joke")
  File "D:\Python 3\lib\site-packages\requests\api.py", line 73, in get
    return request("get", url, params=params, **kwargs)
  File "D:\Python 3\lib\site-packages\requests\api.py", line 59, in request
    return session.request(method=method, url=url, **kwargs)
  File "D:\Python 3\lib\site-packages\requests\sessions.py", line 587, in request
    resp = self.send(prep, **send_kwargs)
  File "D:\Python 3\lib\site-packages\requests\sessions.py", line 701, in send
    r = adapter.send(request, **kwargs)
  File "D:\Python 3\lib\site-packages\requests\adapters.py", line 519, in send
    raise ConnectionError(e, request=request)
requests.exceptions.ConnectionError: HTTPSConnectionPool(host='official-joke-api.appspot.com', port=443): Max retries exceeded with url: /random_joke (Caused by NameResolutionError("<urllib3.connection.HTTPSConnection object at 0x000001EE08E994E0>: Failed to resolve 'official-joke-api.appspot.com' ([Errno 11001] getaddrinfo failed)"))
2023-09-05 20:18:29,843 WARNING  Not Found: /favicon.ico
2023-09-05 20:18:54,129 INFO     somebody on the main page
2023-09-05 20:18:54,135 DEBUG    Starting new HTTPS connection (1): official-joke-api.appspot.com:443
2023-09-05 20:18:55,673 DEBUG    https://official-joke-api.appspot.com:443 "GET /random_joke HTTP/1.1" 200 None
2023-09-05 20:18:55,677 DEBUG    Starting new HTTPS connection (1): catfact.ninja:443
2023-09-05 20:18:56,861 DEBUG    https://catfact.ninja:443 "GET /fact HTTP/1.1" 200 None
2023-09-05 20:19:36,560 INFO     somebody on the main page
2023-09-05 20:19:36,562 DEBUG    Starting new HTTPS connection (1): official-joke-api.appspot.com:443
2023-09-05 20:19:37,755 DEBUG    https://official-joke-api.appspot.com:443 "GET /random_joke HTTP/1.1" 200 None
2023-09-05 20:19:37,760 DEBUG    Starting new HTTPS connection (1): catfact.ninja:443
2023-09-05 20:19:38,263 INFO     somebody on the main page
2023-09-05 20:19:38,267 DEBUG    Starting new HTTPS connection (1): official-joke-api.appspot.com:443
2023-09-05 20:19:38,345 DEBUG    https://catfact.ninja:443 "GET /fact HTTP/1.1" 200 None
2023-09-05 20:19:39,458 DEBUG    https://official-joke-api.appspot.com:443 "GET /random_joke HTTP/1.1" 200 None
2023-09-05 20:19:39,462 DEBUG    Starting new HTTPS connection (1): catfact.ninja:443
2023-09-05 20:19:40,110 DEBUG    https://catfact.ninja:443 "GET /fact HTTP/1.1" 200 None
2023-09-05 20:20:11,337 INFO     somebody on the main page
2023-09-05 20:20:11,341 DEBUG    Starting new HTTPS connection (1): official-joke-api.appspot.com:443
2023-09-05 20:20:32,492 ERROR    Internal Server Error: /main
Traceback (most recent call last):
  File "D:\Python 3\lib\site-packages\urllib3\connection.py", line 200, in _new_conn
    sock = connection.create_connection(
  File "D:\Python 3\lib\site-packages\urllib3\util\connection.py", line 85, in create_connection
    raise err
  File "D:\Python 3\lib\site-packages\urllib3\util\connection.py", line 73, in create_connection
    sock.connect(sa)
TimeoutError: [WinError 10060] Попытка установить соединение была безуспешной, т.к. от другого компьютера за требуемое время не получен нужный отклик, или было разорвано уже установленное соединение из-за неверного отклика уже подключенного компьютера

The above exception was the direct cause of the following exception:

Traceback (most recent call last):
  File "D:\Python 3\lib\site-packages\urllib3\connectionpool.py", line 790, in urlopen
    response = self._make_request(
  File "D:\Python 3\lib\site-packages\urllib3\connectionpool.py", line 491, in _make_request
    raise new_e
  File "D:\Python 3\lib\site-packages\urllib3\connectionpool.py", line 467, in _make_request
    self._validate_conn(conn)
  File "D:\Python 3\lib\site-packages\urllib3\connectionpool.py", line 1092, in _validate_conn
    conn.connect()
  File "D:\Python 3\lib\site-packages\urllib3\connection.py", line 604, in connect
    self.sock = sock = self._new_conn()
  File "D:\Python 3\lib\site-packages\urllib3\connection.py", line 209, in _new_conn
    raise ConnectTimeoutError(
urllib3.exceptions.ConnectTimeoutError: (<urllib3.connection.HTTPSConnection object at 0x000001EE08E9A170>, 'Connection to official-joke-api.appspot.com timed out. (connect timeout=None)')

The above exception was the direct cause of the following exception:

Traceback (most recent call last):
  File "D:\Python 3\lib\site-packages\requests\adapters.py", line 486, in send
    resp = conn.urlopen(
  File "D:\Python 3\lib\site-packages\urllib3\connectionpool.py", line 844, in urlopen
    retries = retries.increment(
  File "D:\Python 3\lib\site-packages\urllib3\util\retry.py", line 515, in increment
    raise MaxRetryError(_pool, url, reason) from reason  # type: ignore[arg-type]
urllib3.exceptions.MaxRetryError: HTTPSConnectionPool(host='official-joke-api.appspot.com', port=443): Max retries exceeded with url: /random_joke (Caused by ConnectTimeoutError(<urllib3.connection.HTTPSConnection object at 0x000001EE08E9A170>, 'Connection to official-joke-api.appspot.com timed out. (connect timeout=None)'))

During handling of the above exception, another exception occurred:

Traceback (most recent call last):
  File "D:\Python 3\lib\site-packages\django\core\handlers\exception.py", line 55, in inner
    response = get_response(request)
  File "D:\Python 3\lib\site-packages\django\core\handlers\base.py", line 197, in _get_response
    response = wrapped_callback(request, *callback_args, **callback_kwargs)
  File "D:\SCI2\SCI\Lab4\mainapp\views.py", line 53, in index
    resp = get("https://official-joke-api.appspot.com/random_joke")
  File "D:\Python 3\lib\site-packages\requests\api.py", line 73, in get
    return request("get", url, params=params, **kwargs)
  File "D:\Python 3\lib\site-packages\requests\api.py", line 59, in request
    return session.request(method=method, url=url, **kwargs)
  File "D:\Python 3\lib\site-packages\requests\sessions.py", line 587, in request
    resp = self.send(prep, **send_kwargs)
  File "D:\Python 3\lib\site-packages\requests\sessions.py", line 701, in send
    r = adapter.send(request, **kwargs)
  File "D:\Python 3\lib\site-packages\requests\adapters.py", line 507, in send
    raise ConnectTimeout(e, request=request)
requests.exceptions.ConnectTimeout: HTTPSConnectionPool(host='official-joke-api.appspot.com', port=443): Max retries exceeded with url: /random_joke (Caused by ConnectTimeoutError(<urllib3.connection.HTTPSConnection object at 0x000001EE08E9A170>, 'Connection to official-joke-api.appspot.com timed out. (connect timeout=None)'))
2023-09-05 21:21:29,040 INFO     somebody on the main page
2023-09-05 21:21:29,044 DEBUG    Starting new HTTPS connection (1): official-joke-api.appspot.com:443
2023-09-05 21:21:30,391 DEBUG    https://official-joke-api.appspot.com:443 "GET /random_joke HTTP/1.1" 200 None
2023-09-05 21:21:30,394 DEBUG    Starting new HTTPS connection (1): catfact.ninja:443
2023-09-05 21:21:30,885 DEBUG    https://catfact.ninja:443 "GET /fact HTTP/1.1" 200 None
2023-09-06 16:25:02,602 INFO     Watching for file changes with StatReloader
2023-09-06 16:25:11,862 INFO     somebody on the main page
2023-09-06 16:25:11,908 DEBUG    Starting new HTTPS connection (1): official-joke-api.appspot.com:443
2023-09-06 16:25:12,765 ERROR    Internal Server Error: /main
Traceback (most recent call last):
  File "D:\Python 3\lib\site-packages\urllib3\connection.py", line 200, in _new_conn
    sock = connection.create_connection(
  File "D:\Python 3\lib\site-packages\urllib3\util\connection.py", line 60, in create_connection
    for res in socket.getaddrinfo(host, port, family, socket.SOCK_STREAM):
  File "D:\Python 3\lib\socket.py", line 955, in getaddrinfo
    for res in _socket.getaddrinfo(host, port, family, type, proto, flags):
socket.gaierror: [Errno 11001] getaddrinfo failed

The above exception was the direct cause of the following exception:

Traceback (most recent call last):
  File "D:\Python 3\lib\site-packages\urllib3\connectionpool.py", line 790, in urlopen
    response = self._make_request(
  File "D:\Python 3\lib\site-packages\urllib3\connectionpool.py", line 491, in _make_request
    raise new_e
  File "D:\Python 3\lib\site-packages\urllib3\connectionpool.py", line 467, in _make_request
    self._validate_conn(conn)
  File "D:\Python 3\lib\site-packages\urllib3\connectionpool.py", line 1092, in _validate_conn
    conn.connect()
  File "D:\Python 3\lib\site-packages\urllib3\connection.py", line 604, in connect
    self.sock = sock = self._new_conn()
  File "D:\Python 3\lib\site-packages\urllib3\connection.py", line 207, in _new_conn
    raise NameResolutionError(self.host, self, e) from e
urllib3.exceptions.NameResolutionError: <urllib3.connection.HTTPSConnection object at 0x0000016301F55BD0>: Failed to resolve 'official-joke-api.appspot.com' ([Errno 11001] getaddrinfo failed)

The above exception was the direct cause of the following exception:

Traceback (most recent call last):
  File "D:\Python 3\lib\site-packages\requests\adapters.py", line 486, in send
    resp = conn.urlopen(
  File "D:\Python 3\lib\site-packages\urllib3\connectionpool.py", line 844, in urlopen
    retries = retries.increment(
  File "D:\Python 3\lib\site-packages\urllib3\util\retry.py", line 515, in increment
    raise MaxRetryError(_pool, url, reason) from reason  # type: ignore[arg-type]
urllib3.exceptions.MaxRetryError: HTTPSConnectionPool(host='official-joke-api.appspot.com', port=443): Max retries exceeded with url: /random_joke (Caused by NameResolutionError("<urllib3.connection.HTTPSConnection object at 0x0000016301F55BD0>: Failed to resolve 'official-joke-api.appspot.com' ([Errno 11001] getaddrinfo failed)"))

During handling of the above exception, another exception occurred:

Traceback (most recent call last):
  File "D:\Python 3\lib\site-packages\django\core\handlers\exception.py", line 55, in inner
    response = get_response(request)
  File "D:\Python 3\lib\site-packages\django\core\handlers\base.py", line 197, in _get_response
    response = wrapped_callback(request, *callback_args, **callback_kwargs)
  File "D:\SCI2\SCI\Lab4\mainapp\views.py", line 53, in index
    resp = get("https://official-joke-api.appspot.com/random_joke")
  File "D:\Python 3\lib\site-packages\requests\api.py", line 73, in get
    return request("get", url, params=params, **kwargs)
  File "D:\Python 3\lib\site-packages\requests\api.py", line 59, in request
    return session.request(method=method, url=url, **kwargs)
  File "D:\Python 3\lib\site-packages\requests\sessions.py", line 587, in request
    resp = self.send(prep, **send_kwargs)
  File "D:\Python 3\lib\site-packages\requests\sessions.py", line 701, in send
    r = adapter.send(request, **kwargs)
  File "D:\Python 3\lib\site-packages\requests\adapters.py", line 519, in send
    raise ConnectionError(e, request=request)
requests.exceptions.ConnectionError: HTTPSConnectionPool(host='official-joke-api.appspot.com', port=443): Max retries exceeded with url: /random_joke (Caused by NameResolutionError("<urllib3.connection.HTTPSConnection object at 0x0000016301F55BD0>: Failed to resolve 'official-joke-api.appspot.com' ([Errno 11001] getaddrinfo failed)"))
2023-09-06 16:25:27,806 INFO     somebody on the main page
2023-09-06 16:25:27,809 DEBUG    Starting new HTTPS connection (1): official-joke-api.appspot.com:443
2023-09-06 16:25:27,909 ERROR    Internal Server Error: /main
Traceback (most recent call last):
  File "D:\Python 3\lib\site-packages\urllib3\connection.py", line 200, in _new_conn
    sock = connection.create_connection(
  File "D:\Python 3\lib\site-packages\urllib3\util\connection.py", line 60, in create_connection
    for res in socket.getaddrinfo(host, port, family, socket.SOCK_STREAM):
  File "D:\Python 3\lib\socket.py", line 955, in getaddrinfo
    for res in _socket.getaddrinfo(host, port, family, type, proto, flags):
socket.gaierror: [Errno 11001] getaddrinfo failed

The above exception was the direct cause of the following exception:

Traceback (most recent call last):
  File "D:\Python 3\lib\site-packages\urllib3\connectionpool.py", line 790, in urlopen
    response = self._make_request(
  File "D:\Python 3\lib\site-packages\urllib3\connectionpool.py", line 491, in _make_request
    raise new_e
  File "D:\Python 3\lib\site-packages\urllib3\connectionpool.py", line 467, in _make_request
    self._validate_conn(conn)
  File "D:\Python 3\lib\site-packages\urllib3\connectionpool.py", line 1092, in _validate_conn
    conn.connect()
  File "D:\Python 3\lib\site-packages\urllib3\connection.py", line 604, in connect
    self.sock = sock = self._new_conn()
  File "D:\Python 3\lib\site-packages\urllib3\connection.py", line 207, in _new_conn
    raise NameResolutionError(self.host, self, e) from e
urllib3.exceptions.NameResolutionError: <urllib3.connection.HTTPSConnection object at 0x0000016301FC4E20>: Failed to resolve 'official-joke-api.appspot.com' ([Errno 11001] getaddrinfo failed)

The above exception was the direct cause of the following exception:

Traceback (most recent call last):
  File "D:\Python 3\lib\site-packages\requests\adapters.py", line 486, in send
    resp = conn.urlopen(
  File "D:\Python 3\lib\site-packages\urllib3\connectionpool.py", line 844, in urlopen
    retries = retries.increment(
  File "D:\Python 3\lib\site-packages\urllib3\util\retry.py", line 515, in increment
    raise MaxRetryError(_pool, url, reason) from reason  # type: ignore[arg-type]
urllib3.exceptions.MaxRetryError: HTTPSConnectionPool(host='official-joke-api.appspot.com', port=443): Max retries exceeded with url: /random_joke (Caused by NameResolutionError("<urllib3.connection.HTTPSConnection object at 0x0000016301FC4E20>: Failed to resolve 'official-joke-api.appspot.com' ([Errno 11001] getaddrinfo failed)"))

During handling of the above exception, another exception occurred:

Traceback (most recent call last):
  File "D:\Python 3\lib\site-packages\django\core\handlers\exception.py", line 55, in inner
    response = get_response(request)
  File "D:\Python 3\lib\site-packages\django\core\handlers\base.py", line 197, in _get_response
    response = wrapped_callback(request, *callback_args, **callback_kwargs)
  File "D:\SCI2\SCI\Lab4\mainapp\views.py", line 53, in index
    resp = get("https://official-joke-api.appspot.com/random_joke")
  File "D:\Python 3\lib\site-packages\requests\api.py", line 73, in get
    return request("get", url, params=params, **kwargs)
  File "D:\Python 3\lib\site-packages\requests\api.py", line 59, in request
    return session.request(method=method, url=url, **kwargs)
  File "D:\Python 3\lib\site-packages\requests\sessions.py", line 587, in request
    resp = self.send(prep, **send_kwargs)
  File "D:\Python 3\lib\site-packages\requests\sessions.py", line 701, in send
    r = adapter.send(request, **kwargs)
  File "D:\Python 3\lib\site-packages\requests\adapters.py", line 519, in send
    raise ConnectionError(e, request=request)
requests.exceptions.ConnectionError: HTTPSConnectionPool(host='official-joke-api.appspot.com', port=443): Max retries exceeded with url: /random_joke (Caused by NameResolutionError("<urllib3.connection.HTTPSConnection object at 0x0000016301FC4E20>: Failed to resolve 'official-joke-api.appspot.com' ([Errno 11001] getaddrinfo failed)"))
2023-09-06 16:25:29,110 INFO     somebody on the main page
2023-09-06 16:25:29,112 DEBUG    Starting new HTTPS connection (1): official-joke-api.appspot.com:443
2023-09-06 16:25:29,658 WARNING  Not Found: /favicon.ico
2023-09-06 16:25:30,512 DEBUG    https://official-joke-api.appspot.com:443 "GET /random_joke HTTP/1.1" 200 None
2023-09-06 16:25:30,519 DEBUG    Starting new HTTPS connection (1): catfact.ninja:443
2023-09-06 16:25:32,098 DEBUG    https://catfact.ninja:443 "GET /fact HTTP/1.1" 200 None
2023-09-06 16:25:55,000 INFO     somebody on the main page
2023-09-06 16:25:55,007 DEBUG    Starting new HTTPS connection (1): official-joke-api.appspot.com:443
2023-09-06 16:25:56,195 DEBUG    https://official-joke-api.appspot.com:443 "GET /random_joke HTTP/1.1" 200 None
2023-09-06 16:25:56,202 DEBUG    Starting new HTTPS connection (1): catfact.ninja:443
2023-09-06 16:25:56,790 DEBUG    https://catfact.ninja:443 "GET /fact HTTP/1.1" 200 None
2023-09-09 13:59:40,705 INFO     Watching for file changes with StatReloader
2023-09-09 13:59:43,876 INFO     somebody on the main page
2023-09-09 13:59:43,886 DEBUG    Starting new HTTPS connection (1): official-joke-api.appspot.com:443
2023-09-09 13:59:45,021 DEBUG    https://official-joke-api.appspot.com:443 "GET /random_joke HTTP/1.1" 200 None
2023-09-09 13:59:45,027 DEBUG    Starting new HTTPS connection (1): catfact.ninja:443
2023-09-09 13:59:45,672 DEBUG    https://catfact.ninja:443 "GET /fact HTTP/1.1" 200 None
2023-09-09 13:59:46,064 WARNING  Not Found: /favicon.ico
2023-09-09 14:21:21,831 INFO     somebody on the main page
2023-09-09 14:21:21,833 DEBUG    Starting new HTTPS connection (1): official-joke-api.appspot.com:443
2023-09-09 14:21:22,138 DEBUG    https://official-joke-api.appspot.com:443 "GET /random_joke HTTP/1.1" 200 None
2023-09-09 14:21:22,141 DEBUG    Starting new HTTPS connection (1): catfact.ninja:443
2023-09-09 14:21:22,599 DEBUG    https://catfact.ninja:443 "GET /fact HTTP/1.1" 200 None
2023-09-09 17:23:13,122 INFO     Watching for file changes with StatReloader
2023-09-09 17:23:15,821 INFO     somebody on the main page
2023-09-09 17:23:15,829 DEBUG    Starting new HTTPS connection (1): official-joke-api.appspot.com:443
2023-09-09 17:23:16,191 DEBUG    https://official-joke-api.appspot.com:443 "GET /random_joke HTTP/1.1" 200 None
2023-09-09 17:23:16,196 DEBUG    Starting new HTTPS connection (1): catfact.ninja:443
2023-09-09 17:23:16,845 DEBUG    https://catfact.ninja:443 "GET /fact HTTP/1.1" 200 None
2023-09-09 17:24:28,158 INFO     Watching for file changes with StatReloader
2023-09-09 17:24:30,200 INFO     somebody on the main page
2023-09-09 17:24:30,206 DEBUG    Starting new HTTPS connection (1): official-joke-api.appspot.com:443
2023-09-09 17:24:31,291 DEBUG    https://official-joke-api.appspot.com:443 "GET /random_joke HTTP/1.1" 200 None
2023-09-09 17:24:31,293 DEBUG    Starting new HTTPS connection (1): catfact.ninja:443
2023-09-09 17:24:32,006 DEBUG    https://catfact.ninja:443 "GET /fact HTTP/1.1" 200 None
2023-09-09 17:28:12,291 INFO     Watching for file changes with StatReloader
2023-09-09 17:28:14,276 INFO     somebody on the main page
2023-09-09 17:28:14,282 DEBUG    Starting new HTTPS connection (1): official-joke-api.appspot.com:443
2023-09-09 17:28:15,346 DEBUG    https://official-joke-api.appspot.com:443 "GET /random_joke HTTP/1.1" 200 None
2023-09-09 17:28:15,350 DEBUG    Starting new HTTPS connection (1): catfact.ninja:443
2023-09-09 17:28:15,953 DEBUG    https://catfact.ninja:443 "GET /fact HTTP/1.1" 200 None
2023-09-09 17:28:25,419 INFO     somebody on the main page
2023-09-09 17:28:25,422 DEBUG    Starting new HTTPS connection (1): official-joke-api.appspot.com:443
2023-09-09 17:28:26,446 INFO     somebody on the main page
2023-09-09 17:28:26,451 DEBUG    Starting new HTTPS connection (1): official-joke-api.appspot.com:443
2023-09-09 17:28:26,488 DEBUG    https://official-joke-api.appspot.com:443 "GET /random_joke HTTP/1.1" 200 None
2023-09-09 17:28:26,496 DEBUG    Starting new HTTPS connection (1): catfact.ninja:443
2023-09-09 17:28:27,012 DEBUG    https://catfact.ninja:443 "GET /fact HTTP/1.1" 200 None
2023-09-09 17:28:27,627 DEBUG    https://official-joke-api.appspot.com:443 "GET /random_joke HTTP/1.1" 200 None
2023-09-09 17:28:27,635 DEBUG    Starting new HTTPS connection (1): catfact.ninja:443
2023-09-09 17:28:28,241 DEBUG    https://catfact.ninja:443 "GET /fact HTTP/1.1" 200 None
2023-09-09 17:28:30,067 INFO     somebody on the main page
2023-09-09 17:28:30,074 DEBUG    Starting new HTTPS connection (1): official-joke-api.appspot.com:443
2023-09-09 17:28:31,131 DEBUG    https://official-joke-api.appspot.com:443 "GET /random_joke HTTP/1.1" 200 None
2023-09-09 17:28:31,137 DEBUG    Starting new HTTPS connection (1): catfact.ninja:443
2023-09-09 17:28:31,564 DEBUG    https://catfact.ninja:443 "GET /fact HTTP/1.1" 200 None
2023-09-09 17:29:32,723 INFO     somebody on the main page
2023-09-09 17:29:32,728 DEBUG    Starting new HTTPS connection (1): official-joke-api.appspot.com:443
2023-09-09 17:29:33,881 DEBUG    https://official-joke-api.appspot.com:443 "GET /random_joke HTTP/1.1" 200 None
2023-09-09 17:29:33,886 DEBUG    Starting new HTTPS connection (1): catfact.ninja:443
2023-09-09 17:29:34,350 DEBUG    https://catfact.ninja:443 "GET /fact HTTP/1.1" 200 None
2023-09-09 17:33:18,768 INFO     Watching for file changes with StatReloader
2023-09-09 17:47:25,877 ERROR    Internal Server Error: /news
Traceback (most recent call last):
  File "D:\Python 3\lib\site-packages\django\template\base.py", line 505, in parse
    compile_func = self.tags[command]
KeyError: 'static'

During handling of the above exception, another exception occurred:

Traceback (most recent call last):
  File "D:\Python 3\lib\site-packages\django\core\handlers\exception.py", line 55, in inner
    response = get_response(request)
  File "D:\Python 3\lib\site-packages\django\core\handlers\base.py", line 197, in _get_response
    response = wrapped_callback(request, *callback_args, **callback_kwargs)
  File "D:\SCI2\SCI\Lab4\mainapp\views.py", line 517, in news
    return render(request, "news.html")
  File "D:\Python 3\lib\site-packages\django\shortcuts.py", line 24, in render
    content = loader.render_to_string(template_name, context, request, using=using)
  File "D:\Python 3\lib\site-packages\django\template\loader.py", line 61, in render_to_string
    template = get_template(template_name, using=using)
  File "D:\Python 3\lib\site-packages\django\template\loader.py", line 15, in get_template
    return engine.get_template(template_name)
  File "D:\Python 3\lib\site-packages\django\template\backends\django.py", line 33, in get_template
    return Template(self.engine.get_template(template_name), self)
  File "D:\Python 3\lib\site-packages\django\template\engine.py", line 175, in get_template
    template, origin = self.find_template(template_name)
  File "D:\Python 3\lib\site-packages\django\template\engine.py", line 157, in find_template
    template = loader.get_template(name, skip=skip)
  File "D:\Python 3\lib\site-packages\django\template\loaders\cached.py", line 57, in get_template
    template = super().get_template(template_name, skip)
  File "D:\Python 3\lib\site-packages\django\template\loaders\base.py", line 28, in get_template
    return Template(
  File "D:\Python 3\lib\site-packages\django\template\base.py", line 154, in __init__
    self.nodelist = self.compile_nodelist()
  File "D:\Python 3\lib\site-packages\django\template\base.py", line 200, in compile_nodelist
    return parser.parse()
  File "D:\Python 3\lib\site-packages\django\template\base.py", line 513, in parse
    raise self.error(token, e)
  File "D:\Python 3\lib\site-packages\django\template\base.py", line 511, in parse
    compiled_result = compile_func(self, token)
  File "D:\Python 3\lib\site-packages\django\template\loader_tags.py", line 293, in do_extends
    nodelist = parser.parse()
  File "D:\Python 3\lib\site-packages\django\template\base.py", line 513, in parse
    raise self.error(token, e)
  File "D:\Python 3\lib\site-packages\django\template\base.py", line 511, in parse
    compiled_result = compile_func(self, token)
  File "D:\Python 3\lib\site-packages\django\template\loader_tags.py", line 232, in do_block
    nodelist = parser.parse(("endblock",))
  File "D:\Python 3\lib\site-packages\django\template\base.py", line 507, in parse
    self.invalid_block_tag(token, command, parse_until)
  File "D:\Python 3\lib\site-packages\django\template\base.py", line 558, in invalid_block_tag
    raise self.error(
django.template.exceptions.TemplateSyntaxError: Invalid block tag on line 9: 'static', expected 'endblock'. Did you forget to register or load this tag?
2023-09-09 18:08:32,696 INFO     Watching for file changes with StatReloader
2023-09-09 18:08:34,823 INFO     somebody on the main page
2023-09-09 18:08:34,830 DEBUG    Starting new HTTPS connection (1): official-joke-api.appspot.com:443
2023-09-09 18:08:35,954 DEBUG    https://official-joke-api.appspot.com:443 "GET /random_joke HTTP/1.1" 200 None
2023-09-09 18:08:35,959 DEBUG    Starting new HTTPS connection (1): catfact.ninja:443
2023-09-09 18:08:37,098 DEBUG    https://catfact.ninja:443 "GET /fact HTTP/1.1" 200 None
2023-09-09 18:19:26,187 INFO     somebody on the main page
2023-09-09 18:19:26,193 DEBUG    Starting new HTTPS connection (1): official-joke-api.appspot.com:443
2023-09-09 18:19:26,554 DEBUG    https://official-joke-api.appspot.com:443 "GET /random_joke HTTP/1.1" 200 None
2023-09-09 18:19:26,560 DEBUG    Starting new HTTPS connection (1): catfact.ninja:443
2023-09-09 18:19:27,515 DEBUG    https://catfact.ninja:443 "GET /fact HTTP/1.1" 200 None
2023-09-09 18:34:05,345 INFO     D:\SCI2\SCI\Lab4\mainapp\views.py changed, reloading.
2023-09-09 18:34:06,168 INFO     Watching for file changes with StatReloader
2023-09-09 18:34:26,595 INFO     D:\SCI2\SCI\Lab4\Lab4\urls.py changed, reloading.
2023-09-09 18:34:27,389 INFO     Watching for file changes with StatReloader
2023-09-10 13:53:40,566 INFO     Watching for file changes with StatReloader
2023-09-10 13:53:48,653 INFO     somebody on the main page
2023-09-10 13:53:48,659 DEBUG    Starting new HTTPS connection (1): official-joke-api.appspot.com:443
2023-09-10 13:53:49,743 DEBUG    https://official-joke-api.appspot.com:443 "GET /random_joke HTTP/1.1" 200 None
2023-09-10 13:53:49,745 DEBUG    Starting new HTTPS connection (1): catfact.ninja:443
2023-09-10 13:53:50,231 DEBUG    https://catfact.ninja:443 "GET /fact HTTP/1.1" 200 None
2023-09-10 13:53:50,487 WARNING  Not Found: /favicon.ico
2023-09-10 13:54:08,781 INFO     somebody on the main page
2023-09-10 13:54:08,783 DEBUG    Starting new HTTPS connection (1): official-joke-api.appspot.com:443
2023-09-10 13:54:09,796 DEBUG    https://official-joke-api.appspot.com:443 "GET /random_joke HTTP/1.1" 200 None
2023-09-10 13:54:09,798 DEBUG    Starting new HTTPS connection (1): catfact.ninja:443
2023-09-10 13:54:10,180 DEBUG    https://catfact.ninja:443 "GET /fact HTTP/1.1" 200 None
2023-09-10 13:59:44,865 INFO     Watching for file changes with StatReloader
2023-09-10 13:59:47,098 INFO     somebody on the main page
2023-09-10 13:59:47,102 DEBUG    Starting new HTTPS connection (1): official-joke-api.appspot.com:443
2023-09-10 13:59:48,180 DEBUG    https://official-joke-api.appspot.com:443 "GET /random_joke HTTP/1.1" 200 None
2023-09-10 13:59:48,183 DEBUG    Starting new HTTPS connection (1): catfact.ninja:443
2023-09-10 13:59:48,609 DEBUG    https://catfact.ninja:443 "GET /fact HTTP/1.1" 200 None
2023-09-10 14:02:42,828 ERROR    Internal Server Error: /reviews
Traceback (most recent call last):
  File "D:\Python 3\lib\site-packages\django\template\base.py", line 505, in parse
    compile_func = self.tags[command]
KeyError: 'static'

During handling of the above exception, another exception occurred:

Traceback (most recent call last):
  File "D:\Python 3\lib\site-packages\django\core\handlers\exception.py", line 55, in inner
    response = get_response(request)
  File "D:\Python 3\lib\site-packages\django\core\handlers\base.py", line 197, in _get_response
    response = wrapped_callback(request, *callback_args, **callback_kwargs)
  File "D:\SCI2\SCI\Lab4\mainapp\views.py", line 520, in reviews
    return render(request, "reviews.html", {"title":'Отзывы'})
  File "D:\Python 3\lib\site-packages\django\shortcuts.py", line 24, in render
    content = loader.render_to_string(template_name, context, request, using=using)
  File "D:\Python 3\lib\site-packages\django\template\loader.py", line 61, in render_to_string
    template = get_template(template_name, using=using)
  File "D:\Python 3\lib\site-packages\django\template\loader.py", line 15, in get_template
    return engine.get_template(template_name)
  File "D:\Python 3\lib\site-packages\django\template\backends\django.py", line 33, in get_template
    return Template(self.engine.get_template(template_name), self)
  File "D:\Python 3\lib\site-packages\django\template\engine.py", line 175, in get_template
    template, origin = self.find_template(template_name)
  File "D:\Python 3\lib\site-packages\django\template\engine.py", line 157, in find_template
    template = loader.get_template(name, skip=skip)
  File "D:\Python 3\lib\site-packages\django\template\loaders\cached.py", line 57, in get_template
    template = super().get_template(template_name, skip)
  File "D:\Python 3\lib\site-packages\django\template\loaders\base.py", line 28, in get_template
    return Template(
  File "D:\Python 3\lib\site-packages\django\template\base.py", line 154, in __init__
    self.nodelist = self.compile_nodelist()
  File "D:\Python 3\lib\site-packages\django\template\base.py", line 200, in compile_nodelist
    return parser.parse()
  File "D:\Python 3\lib\site-packages\django\template\base.py", line 513, in parse
    raise self.error(token, e)
  File "D:\Python 3\lib\site-packages\django\template\base.py", line 511, in parse
    compiled_result = compile_func(self, token)
  File "D:\Python 3\lib\site-packages\django\template\loader_tags.py", line 293, in do_extends
    nodelist = parser.parse()
  File "D:\Python 3\lib\site-packages\django\template\base.py", line 513, in parse
    raise self.error(token, e)
  File "D:\Python 3\lib\site-packages\django\template\base.py", line 511, in parse
    compiled_result = compile_func(self, token)
  File "D:\Python 3\lib\site-packages\django\template\loader_tags.py", line 232, in do_block
    nodelist = parser.parse(("endblock",))
  File "D:\Python 3\lib\site-packages\django\template\base.py", line 507, in parse
    self.invalid_block_tag(token, command, parse_until)
  File "D:\Python 3\lib\site-packages\django\template\base.py", line 558, in invalid_block_tag
    raise self.error(
django.template.exceptions.TemplateSyntaxError: Invalid block tag on line 10: 'static', expected 'endblock'. Did you forget to register or load this tag?
2023-09-10 14:05:43,444 INFO     Watching for file changes with StatReloader
2023-09-10 14:08:19,249 INFO     D:\SCI2\SCI\Lab4\mainapp\views.py changed, reloading.
2023-09-10 14:08:19,894 INFO     Watching for file changes with StatReloader
2023-09-10 14:08:20,701 ERROR    Internal Server Error: /discounts
Traceback (most recent call last):
  File "D:\Python 3\lib\site-packages\django\core\handlers\exception.py", line 55, in inner
    response = get_response(request)
  File "D:\Python 3\lib\site-packages\django\core\handlers\base.py", line 197, in _get_response
    response = wrapped_callback(request, *callback_args, **callback_kwargs)
  File "D:\SCI2\SCI\Lab4\mainapp\views.py", line 526, in discounts
    return render(request, "discounts.html", {"title":'Акции'})
  File "D:\Python 3\lib\site-packages\django\shortcuts.py", line 24, in render
    content = loader.render_to_string(template_name, context, request, using=using)
  File "D:\Python 3\lib\site-packages\django\template\loader.py", line 61, in render_to_string
    template = get_template(template_name, using=using)
  File "D:\Python 3\lib\site-packages\django\template\loader.py", line 15, in get_template
    return engine.get_template(template_name)
  File "D:\Python 3\lib\site-packages\django\template\backends\django.py", line 33, in get_template
    return Template(self.engine.get_template(template_name), self)
  File "D:\Python 3\lib\site-packages\django\template\engine.py", line 175, in get_template
    template, origin = self.find_template(template_name)
  File "D:\Python 3\lib\site-packages\django\template\engine.py", line 157, in find_template
    template = loader.get_template(name, skip=skip)
  File "D:\Python 3\lib\site-packages\django\template\loaders\cached.py", line 57, in get_template
    template = super().get_template(template_name, skip)
  File "D:\Python 3\lib\site-packages\django\template\loaders\base.py", line 28, in get_template
    return Template(
  File "D:\Python 3\lib\site-packages\django\template\base.py", line 154, in __init__
    self.nodelist = self.compile_nodelist()
  File "D:\Python 3\lib\site-packages\django\template\base.py", line 200, in compile_nodelist
    return parser.parse()
  File "D:\Python 3\lib\site-packages\django\template\base.py", line 513, in parse
    raise self.error(token, e)
  File "D:\Python 3\lib\site-packages\django\template\base.py", line 511, in parse
    compiled_result = compile_func(self, token)
  File "D:\Python 3\lib\site-packages\django\template\loader_tags.py", line 295, in do_extends
    raise TemplateSyntaxError(
django.template.exceptions.TemplateSyntaxError: 'extends' cannot appear more than once in the same template
2023-09-10 14:08:22,458 ERROR    Internal Server Error: /discounts
Traceback (most recent call last):
  File "D:\Python 3\lib\site-packages\django\core\handlers\exception.py", line 55, in inner
    response = get_response(request)
  File "D:\Python 3\lib\site-packages\django\core\handlers\base.py", line 197, in _get_response
    response = wrapped_callback(request, *callback_args, **callback_kwargs)
  File "D:\SCI2\SCI\Lab4\mainapp\views.py", line 526, in discounts
    return render(request, "discounts.html", {"title":'Акции'})
  File "D:\Python 3\lib\site-packages\django\shortcuts.py", line 24, in render
    content = loader.render_to_string(template_name, context, request, using=using)
  File "D:\Python 3\lib\site-packages\django\template\loader.py", line 61, in render_to_string
    template = get_template(template_name, using=using)
  File "D:\Python 3\lib\site-packages\django\template\loader.py", line 15, in get_template
    return engine.get_template(template_name)
  File "D:\Python 3\lib\site-packages\django\template\backends\django.py", line 33, in get_template
    return Template(self.engine.get_template(template_name), self)
  File "D:\Python 3\lib\site-packages\django\template\engine.py", line 175, in get_template
    template, origin = self.find_template(template_name)
  File "D:\Python 3\lib\site-packages\django\template\engine.py", line 157, in find_template
    template = loader.get_template(name, skip=skip)
  File "D:\Python 3\lib\site-packages\django\template\loaders\cached.py", line 57, in get_template
    template = super().get_template(template_name, skip)
  File "D:\Python 3\lib\site-packages\django\template\loaders\base.py", line 28, in get_template
    return Template(
  File "D:\Python 3\lib\site-packages\django\template\base.py", line 154, in __init__
    self.nodelist = self.compile_nodelist()
  File "D:\Python 3\lib\site-packages\django\template\base.py", line 200, in compile_nodelist
    return parser.parse()
  File "D:\Python 3\lib\site-packages\django\template\base.py", line 513, in parse
    raise self.error(token, e)
  File "D:\Python 3\lib\site-packages\django\template\base.py", line 511, in parse
    compiled_result = compile_func(self, token)
  File "D:\Python 3\lib\site-packages\django\template\loader_tags.py", line 295, in do_extends
    raise TemplateSyntaxError(
django.template.exceptions.TemplateSyntaxError: 'extends' cannot appear more than once in the same template
2023-09-10 14:08:41,901 ERROR    Internal Server Error: /discounts
Traceback (most recent call last):
  File "D:\Python 3\lib\site-packages\django\core\handlers\exception.py", line 55, in inner
    response = get_response(request)
  File "D:\Python 3\lib\site-packages\django\core\handlers\base.py", line 197, in _get_response
    response = wrapped_callback(request, *callback_args, **callback_kwargs)
  File "D:\SCI2\SCI\Lab4\mainapp\views.py", line 526, in discounts
    return render(request, "discounts.html", {"title":'Акции'})
  File "D:\Python 3\lib\site-packages\django\shortcuts.py", line 24, in render
    content = loader.render_to_string(template_name, context, request, using=using)
  File "D:\Python 3\lib\site-packages\django\template\loader.py", line 61, in render_to_string
    template = get_template(template_name, using=using)
  File "D:\Python 3\lib\site-packages\django\template\loader.py", line 15, in get_template
    return engine.get_template(template_name)
  File "D:\Python 3\lib\site-packages\django\template\backends\django.py", line 33, in get_template
    return Template(self.engine.get_template(template_name), self)
  File "D:\Python 3\lib\site-packages\django\template\engine.py", line 175, in get_template
    template, origin = self.find_template(template_name)
  File "D:\Python 3\lib\site-packages\django\template\engine.py", line 157, in find_template
    template = loader.get_template(name, skip=skip)
  File "D:\Python 3\lib\site-packages\django\template\loaders\cached.py", line 57, in get_template
    template = super().get_template(template_name, skip)
  File "D:\Python 3\lib\site-packages\django\template\loaders\base.py", line 28, in get_template
    return Template(
  File "D:\Python 3\lib\site-packages\django\template\base.py", line 154, in __init__
    self.nodelist = self.compile_nodelist()
  File "D:\Python 3\lib\site-packages\django\template\base.py", line 200, in compile_nodelist
    return parser.parse()
  File "D:\Python 3\lib\site-packages\django\template\base.py", line 513, in parse
    raise self.error(token, e)
  File "D:\Python 3\lib\site-packages\django\template\base.py", line 511, in parse
    compiled_result = compile_func(self, token)
  File "D:\Python 3\lib\site-packages\django\template\loader_tags.py", line 295, in do_extends
    raise TemplateSyntaxError(
django.template.exceptions.TemplateSyntaxError: 'extends' cannot appear more than once in the same template
2023-09-10 14:08:43,136 ERROR    Internal Server Error: /discounts
Traceback (most recent call last):
  File "D:\Python 3\lib\site-packages\django\core\handlers\exception.py", line 55, in inner
    response = get_response(request)
  File "D:\Python 3\lib\site-packages\django\core\handlers\base.py", line 197, in _get_response
    response = wrapped_callback(request, *callback_args, **callback_kwargs)
  File "D:\SCI2\SCI\Lab4\mainapp\views.py", line 526, in discounts
    return render(request, "discounts.html", {"title":'Акции'})
  File "D:\Python 3\lib\site-packages\django\shortcuts.py", line 24, in render
    content = loader.render_to_string(template_name, context, request, using=using)
  File "D:\Python 3\lib\site-packages\django\template\loader.py", line 61, in render_to_string
    template = get_template(template_name, using=using)
  File "D:\Python 3\lib\site-packages\django\template\loader.py", line 15, in get_template
    return engine.get_template(template_name)
  File "D:\Python 3\lib\site-packages\django\template\backends\django.py", line 33, in get_template
    return Template(self.engine.get_template(template_name), self)
  File "D:\Python 3\lib\site-packages\django\template\engine.py", line 175, in get_template
    template, origin = self.find_template(template_name)
  File "D:\Python 3\lib\site-packages\django\template\engine.py", line 157, in find_template
    template = loader.get_template(name, skip=skip)
  File "D:\Python 3\lib\site-packages\django\template\loaders\cached.py", line 57, in get_template
    template = super().get_template(template_name, skip)
  File "D:\Python 3\lib\site-packages\django\template\loaders\base.py", line 28, in get_template
    return Template(
  File "D:\Python 3\lib\site-packages\django\template\base.py", line 154, in __init__
    self.nodelist = self.compile_nodelist()
  File "D:\Python 3\lib\site-packages\django\template\base.py", line 200, in compile_nodelist
    return parser.parse()
  File "D:\Python 3\lib\site-packages\django\template\base.py", line 513, in parse
    raise self.error(token, e)
  File "D:\Python 3\lib\site-packages\django\template\base.py", line 511, in parse
    compiled_result = compile_func(self, token)
  File "D:\Python 3\lib\site-packages\django\template\loader_tags.py", line 295, in do_extends
    raise TemplateSyntaxError(
django.template.exceptions.TemplateSyntaxError: 'extends' cannot appear more than once in the same template
2023-09-10 14:13:08,210 INFO     Watching for file changes with StatReloader
2023-09-10 15:02:17,151 ERROR    Internal Server Error: /discounts
Traceback (most recent call last):
  File "D:\Python 3\lib\site-packages\django\template\base.py", line 505, in parse
    compile_func = self.tags[command]
KeyError: 'static'

During handling of the above exception, another exception occurred:

Traceback (most recent call last):
  File "D:\Python 3\lib\site-packages\django\core\handlers\exception.py", line 55, in inner
    response = get_response(request)
  File "D:\Python 3\lib\site-packages\django\core\handlers\base.py", line 197, in _get_response
    response = wrapped_callback(request, *callback_args, **callback_kwargs)
  File "D:\SCI2\SCI\Lab4\mainapp\views.py", line 526, in discounts
    return render(request, "discounts.html", {"title":'Акции'})
  File "D:\Python 3\lib\site-packages\django\shortcuts.py", line 24, in render
    content = loader.render_to_string(template_name, context, request, using=using)
  File "D:\Python 3\lib\site-packages\django\template\loader.py", line 61, in render_to_string
    template = get_template(template_name, using=using)
  File "D:\Python 3\lib\site-packages\django\template\loader.py", line 15, in get_template
    return engine.get_template(template_name)
  File "D:\Python 3\lib\site-packages\django\template\backends\django.py", line 33, in get_template
    return Template(self.engine.get_template(template_name), self)
  File "D:\Python 3\lib\site-packages\django\template\engine.py", line 175, in get_template
    template, origin = self.find_template(template_name)
  File "D:\Python 3\lib\site-packages\django\template\engine.py", line 157, in find_template
    template = loader.get_template(name, skip=skip)
  File "D:\Python 3\lib\site-packages\django\template\loaders\cached.py", line 57, in get_template
    template = super().get_template(template_name, skip)
  File "D:\Python 3\lib\site-packages\django\template\loaders\base.py", line 28, in get_template
    return Template(
  File "D:\Python 3\lib\site-packages\django\template\base.py", line 154, in __init__
    self.nodelist = self.compile_nodelist()
  File "D:\Python 3\lib\site-packages\django\template\base.py", line 200, in compile_nodelist
    return parser.parse()
  File "D:\Python 3\lib\site-packages\django\template\base.py", line 513, in parse
    raise self.error(token, e)
  File "D:\Python 3\lib\site-packages\django\template\base.py", line 511, in parse
    compiled_result = compile_func(self, token)
  File "D:\Python 3\lib\site-packages\django\template\loader_tags.py", line 293, in do_extends
    nodelist = parser.parse()
  File "D:\Python 3\lib\site-packages\django\template\base.py", line 513, in parse
    raise self.error(token, e)
  File "D:\Python 3\lib\site-packages\django\template\base.py", line 511, in parse
    compiled_result = compile_func(self, token)
  File "D:\Python 3\lib\site-packages\django\template\loader_tags.py", line 232, in do_block
    nodelist = parser.parse(("endblock",))
  File "D:\Python 3\lib\site-packages\django\template\base.py", line 507, in parse
    self.invalid_block_tag(token, command, parse_until)
  File "D:\Python 3\lib\site-packages\django\template\base.py", line 558, in invalid_block_tag
    raise self.error(
django.template.exceptions.TemplateSyntaxError: Invalid block tag on line 10: 'static', expected 'endblock'. Did you forget to register or load this tag?
2023-09-10 15:34:57,573 INFO     D:\SCI2\SCI\Lab4\mainapp\views.py changed, reloading.
2023-09-10 15:34:58,904 INFO     Watching for file changes with StatReloader
2023-09-10 15:35:02,521 INFO     D:\SCI2\SCI\Lab4\mainapp\views.py changed, reloading.
2023-09-10 15:35:03,226 INFO     Watching for file changes with StatReloader
2023-09-10 15:43:18,706 INFO     D:\SCI2\SCI\Lab4\mainapp\views.py changed, reloading.
2023-09-10 15:43:19,414 INFO     Watching for file changes with StatReloader
2023-09-10 15:43:34,724 INFO     somebody on the main page
2023-09-10 15:43:34,727 DEBUG    Starting new HTTPS connection (1): official-joke-api.appspot.com:443
2023-09-10 15:43:35,801 DEBUG    https://official-joke-api.appspot.com:443 "GET /random_joke HTTP/1.1" 200 None
2023-09-10 15:43:35,802 DEBUG    Starting new HTTPS connection (1): catfact.ninja:443
2023-09-10 15:43:36,238 DEBUG    https://catfact.ninja:443 "GET /fact HTTP/1.1" 200 None
2023-09-10 15:43:49,879 INFO     somebody on the main page
2023-09-10 15:43:49,881 DEBUG    Starting new HTTPS connection (1): official-joke-api.appspot.com:443
2023-09-10 15:43:50,161 DEBUG    https://official-joke-api.appspot.com:443 "GET /random_joke HTTP/1.1" 200 None
2023-09-10 15:43:50,164 DEBUG    Starting new HTTPS connection (1): catfact.ninja:443
2023-09-10 15:43:50,572 DEBUG    https://catfact.ninja:443 "GET /fact HTTP/1.1" 200 None
2023-09-10 16:31:14,660 INFO     D:\SCI2\SCI\Lab4\mainapp\views.py changed, reloading.
2023-09-10 16:31:15,258 INFO     Watching for file changes with StatReloader
2023-09-10 16:36:41,255 INFO     Watching for file changes with StatReloader
2023-09-10 16:49:54,075 INFO     somebody on the main page
2023-09-10 16:49:54,080 DEBUG    Starting new HTTPS connection (1): official-joke-api.appspot.com:443
2023-09-10 16:49:55,150 DEBUG    https://official-joke-api.appspot.com:443 "GET /random_joke HTTP/1.1" 200 None
2023-09-10 16:49:55,153 DEBUG    Starting new HTTPS connection (1): catfact.ninja:443
2023-09-10 16:49:56,126 DEBUG    https://catfact.ninja:443 "GET /fact HTTP/1.1" 200 None
2023-09-10 16:52:11,047 INFO     somebody on the main page
2023-09-10 16:52:11,050 DEBUG    Starting new HTTPS connection (1): official-joke-api.appspot.com:443
2023-09-10 16:52:12,095 DEBUG    https://official-joke-api.appspot.com:443 "GET /random_joke HTTP/1.1" 200 None
2023-09-10 16:52:12,096 DEBUG    Starting new HTTPS connection (1): catfact.ninja:443
2023-09-10 16:52:12,659 DEBUG    https://catfact.ninja:443 "GET /fact HTTP/1.1" 200 None
2023-09-10 16:53:15,791 INFO     somebody on the main page
2023-09-10 16:53:15,793 DEBUG    Starting new HTTPS connection (1): official-joke-api.appspot.com:443
2023-09-10 16:53:16,812 DEBUG    https://official-joke-api.appspot.com:443 "GET /random_joke HTTP/1.1" 200 None
2023-09-10 16:53:16,814 DEBUG    Starting new HTTPS connection (1): catfact.ninja:443
2023-09-10 16:53:17,212 DEBUG    https://catfact.ninja:443 "GET /fact HTTP/1.1" 200 None
2023-09-10 17:15:21,471 INFO     Watching for file changes with StatReloader
2023-09-10 17:15:23,568 INFO     somebody on the main page
2023-09-10 17:15:23,571 DEBUG    Starting new HTTPS connection (1): official-joke-api.appspot.com:443
2023-09-10 17:15:24,702 DEBUG    https://official-joke-api.appspot.com:443 "GET /random_joke HTTP/1.1" 200 None
2023-09-10 17:15:24,705 DEBUG    Starting new HTTPS connection (1): catfact.ninja:443
2023-09-10 17:15:25,138 DEBUG    https://catfact.ninja:443 "GET /fact HTTP/1.1" 200 None
2023-09-10 17:15:25,276 WARNING  Not Found: /images/icon.png
2023-09-10 17:16:35,976 INFO     somebody on the main page
2023-09-10 17:16:35,978 DEBUG    Starting new HTTPS connection (1): official-joke-api.appspot.com:443
2023-09-10 17:16:37,034 DEBUG    https://official-joke-api.appspot.com:443 "GET /random_joke HTTP/1.1" 200 None
2023-09-10 17:16:37,037 DEBUG    Starting new HTTPS connection (1): catfact.ninja:443
2023-09-10 17:16:37,429 DEBUG    https://catfact.ninja:443 "GET /fact HTTP/1.1" 200 None
2023-09-10 17:17:08,094 INFO     somebody on the main page
2023-09-10 17:17:08,097 DEBUG    Starting new HTTPS connection (1): official-joke-api.appspot.com:443
2023-09-10 17:17:09,123 DEBUG    https://official-joke-api.appspot.com:443 "GET /random_joke HTTP/1.1" 200 None
2023-09-10 17:17:09,125 DEBUG    Starting new HTTPS connection (1): catfact.ninja:443
2023-09-10 17:17:09,524 DEBUG    https://catfact.ninja:443 "GET /fact HTTP/1.1" 200 None
2023-09-11 14:16:25,989 INFO     Watching for file changes with StatReloader
2023-09-11 14:16:29,108 INFO     somebody on the main page
2023-09-11 14:16:29,117 DEBUG    Starting new HTTPS connection (1): official-joke-api.appspot.com:443
2023-09-11 14:16:30,244 DEBUG    https://official-joke-api.appspot.com:443 "GET /random_joke HTTP/1.1" 200 None
2023-09-11 14:16:30,248 DEBUG    Starting new HTTPS connection (1): catfact.ninja:443
2023-09-11 14:16:30,861 DEBUG    https://catfact.ninja:443 "GET /fact HTTP/1.1" 200 None
2023-09-11 14:16:30,973 INFO     somebody on the main page
2023-09-11 14:16:30,977 DEBUG    Starting new HTTPS connection (1): official-joke-api.appspot.com:443
2023-09-11 14:16:32,034 DEBUG    https://official-joke-api.appspot.com:443 "GET /random_joke HTTP/1.1" 200 None
2023-09-11 14:16:32,038 DEBUG    Starting new HTTPS connection (1): catfact.ninja:443
2023-09-11 14:16:32,840 DEBUG    https://catfact.ninja:443 "GET /fact HTTP/1.1" 200 None
2023-09-11 14:16:35,065 INFO     somebody on the main page
2023-09-11 14:16:35,070 DEBUG    Starting new HTTPS connection (1): official-joke-api.appspot.com:443
2023-09-11 14:16:36,179 DEBUG    https://official-joke-api.appspot.com:443 "GET /random_joke HTTP/1.1" 200 None
2023-09-11 14:16:36,185 DEBUG    Starting new HTTPS connection (1): catfact.ninja:443
2023-09-11 14:16:36,736 DEBUG    https://catfact.ninja:443 "GET /fact HTTP/1.1" 200 None
2023-09-11 14:17:03,009 INFO     somebody on the main page
2023-09-11 14:17:03,014 DEBUG    Starting new HTTPS connection (1): official-joke-api.appspot.com:443
2023-09-11 14:17:04,339 DEBUG    https://official-joke-api.appspot.com:443 "GET /random_joke HTTP/1.1" 200 None
2023-09-11 14:17:04,344 DEBUG    Starting new HTTPS connection (1): catfact.ninja:443
2023-09-11 14:17:05,067 DEBUG    https://catfact.ninja:443 "GET /fact HTTP/1.1" 200 None
2023-09-11 14:17:29,027 INFO     somebody on the main page
2023-09-11 14:17:29,032 DEBUG    Starting new HTTPS connection (1): official-joke-api.appspot.com:443
2023-09-11 14:17:30,161 DEBUG    https://official-joke-api.appspot.com:443 "GET /random_joke HTTP/1.1" 200 None
2023-09-11 14:17:30,167 DEBUG    Starting new HTTPS connection (1): catfact.ninja:443
2023-09-11 14:17:30,759 DEBUG    https://catfact.ninja:443 "GET /fact HTTP/1.1" 200 None
2023-09-11 14:17:36,692 INFO     somebody on the main page
2023-09-11 14:17:36,697 DEBUG    Starting new HTTPS connection (1): official-joke-api.appspot.com:443
2023-09-11 14:17:37,928 DEBUG    https://official-joke-api.appspot.com:443 "GET /random_joke HTTP/1.1" 200 None
2023-09-11 14:17:37,934 DEBUG    Starting new HTTPS connection (1): catfact.ninja:443
2023-09-11 14:17:38,458 DEBUG    https://catfact.ninja:443 "GET /fact HTTP/1.1" 200 None
2023-09-11 14:17:50,429 INFO     somebody on the main page
2023-09-11 14:17:50,432 DEBUG    Starting new HTTPS connection (1): official-joke-api.appspot.com:443
2023-09-11 14:17:51,504 DEBUG    https://official-joke-api.appspot.com:443 "GET /random_joke HTTP/1.1" 200 None
2023-09-11 14:17:51,511 DEBUG    Starting new HTTPS connection (1): catfact.ninja:443
2023-09-11 14:17:52,162 DEBUG    https://catfact.ninja:443 "GET /fact HTTP/1.1" 200 None
2023-09-11 14:20:56,120 INFO     Watching for file changes with StatReloader
2023-09-11 14:20:58,080 INFO     somebody on the main page
2023-09-11 14:20:58,088 DEBUG    Starting new HTTPS connection (1): official-joke-api.appspot.com:443
2023-09-11 14:20:59,247 DEBUG    https://official-joke-api.appspot.com:443 "GET /random_joke HTTP/1.1" 200 None
2023-09-11 14:20:59,252 DEBUG    Starting new HTTPS connection (1): catfact.ninja:443
2023-09-11 14:20:59,867 DEBUG    https://catfact.ninja:443 "GET /fact HTTP/1.1" 200 None
2023-09-11 14:24:21,722 INFO     somebody on the main page
2023-09-11 14:24:21,725 DEBUG    Starting new HTTPS connection (1): official-joke-api.appspot.com:443
2023-09-11 14:24:22,918 DEBUG    https://official-joke-api.appspot.com:443 "GET /random_joke HTTP/1.1" 200 None
2023-09-11 14:24:22,922 DEBUG    Starting new HTTPS connection (1): catfact.ninja:443
2023-09-11 14:24:23,842 DEBUG    https://catfact.ninja:443 "GET /fact HTTP/1.1" 200 None
2023-09-11 14:30:43,508 INFO     somebody on the main page
2023-09-11 14:30:43,515 DEBUG    Starting new HTTPS connection (1): official-joke-api.appspot.com:443
2023-09-11 14:30:43,933 DEBUG    https://official-joke-api.appspot.com:443 "GET /random_joke HTTP/1.1" 200 None
2023-09-11 14:30:43,939 DEBUG    Starting new HTTPS connection (1): catfact.ninja:443
2023-09-11 14:30:44,404 DEBUG    https://catfact.ninja:443 "GET /fact HTTP/1.1" 200 None
2023-09-11 14:31:40,709 INFO     somebody on the main page
2023-09-11 14:31:40,716 DEBUG    Starting new HTTPS connection (1): official-joke-api.appspot.com:443
2023-09-11 14:31:41,804 DEBUG    https://official-joke-api.appspot.com:443 "GET /random_joke HTTP/1.1" 200 None
2023-09-11 14:31:41,811 DEBUG    Starting new HTTPS connection (1): catfact.ninja:443
2023-09-11 14:31:42,227 DEBUG    https://catfact.ninja:443 "GET /fact HTTP/1.1" 200 None
2023-09-11 14:32:00,918 INFO     somebody on the main page
2023-09-11 14:32:00,923 DEBUG    Starting new HTTPS connection (1): official-joke-api.appspot.com:443
2023-09-11 14:32:02,090 DEBUG    https://official-joke-api.appspot.com:443 "GET /random_joke HTTP/1.1" 200 None
2023-09-11 14:32:02,097 DEBUG    Starting new HTTPS connection (1): catfact.ninja:443
2023-09-11 14:32:02,588 DEBUG    https://catfact.ninja:443 "GET /fact HTTP/1.1" 200 None
2023-09-11 14:32:30,857 INFO     somebody on the main page
2023-09-11 14:32:30,862 DEBUG    Starting new HTTPS connection (1): official-joke-api.appspot.com:443
2023-09-11 14:32:31,990 DEBUG    https://official-joke-api.appspot.com:443 "GET /random_joke HTTP/1.1" 200 None
2023-09-11 14:32:31,996 DEBUG    Starting new HTTPS connection (1): catfact.ninja:443
2023-09-11 14:32:32,575 DEBUG    https://catfact.ninja:443 "GET /fact HTTP/1.1" 200 None
2023-09-11 14:32:34,940 INFO     somebody on the main page
2023-09-11 14:32:34,944 DEBUG    Starting new HTTPS connection (1): official-joke-api.appspot.com:443
2023-09-11 14:32:36,073 DEBUG    https://official-joke-api.appspot.com:443 "GET /random_joke HTTP/1.1" 200 None
2023-09-11 14:32:36,078 DEBUG    Starting new HTTPS connection (1): catfact.ninja:443
2023-09-11 14:32:36,686 DEBUG    https://catfact.ninja:443 "GET /fact HTTP/1.1" 200 None
2023-09-11 14:32:49,233 INFO     somebody on the main page
2023-09-11 14:32:49,238 DEBUG    Starting new HTTPS connection (1): official-joke-api.appspot.com:443
2023-09-11 14:32:49,589 DEBUG    https://official-joke-api.appspot.com:443 "GET /random_joke HTTP/1.1" 200 None
2023-09-11 14:32:49,594 DEBUG    Starting new HTTPS connection (1): catfact.ninja:443
2023-09-11 14:32:50,086 DEBUG    https://catfact.ninja:443 "GET /fact HTTP/1.1" 200 None
2023-09-11 14:32:52,680 INFO     somebody on the main page
2023-09-11 14:32:52,684 DEBUG    Starting new HTTPS connection (1): official-joke-api.appspot.com:443
2023-09-11 14:32:53,786 DEBUG    https://official-joke-api.appspot.com:443 "GET /random_joke HTTP/1.1" 200 None
2023-09-11 14:32:53,793 DEBUG    Starting new HTTPS connection (1): catfact.ninja:443
2023-09-11 14:32:54,504 DEBUG    https://catfact.ninja:443 "GET /fact HTTP/1.1" 200 None
2023-09-11 14:33:03,123 INFO     somebody on the main page
2023-09-11 14:33:03,129 DEBUG    Starting new HTTPS connection (1): official-joke-api.appspot.com:443
2023-09-11 14:33:04,235 DEBUG    https://official-joke-api.appspot.com:443 "GET /random_joke HTTP/1.1" 200 None
2023-09-11 14:33:04,241 DEBUG    Starting new HTTPS connection (1): catfact.ninja:443
2023-09-11 14:33:04,946 DEBUG    https://catfact.ninja:443 "GET /fact HTTP/1.1" 200 None
2023-09-11 14:33:56,703 INFO     somebody on the main page
2023-09-11 14:33:56,707 DEBUG    Starting new HTTPS connection (1): official-joke-api.appspot.com:443
2023-09-11 14:33:57,072 DEBUG    https://official-joke-api.appspot.com:443 "GET /random_joke HTTP/1.1" 200 None
2023-09-11 14:33:57,078 DEBUG    Starting new HTTPS connection (1): catfact.ninja:443
2023-09-11 14:33:57,694 DEBUG    https://catfact.ninja:443 "GET /fact HTTP/1.1" 200 None
2023-09-11 14:34:25,971 INFO     somebody on the main page
2023-09-11 14:34:25,976 DEBUG    Starting new HTTPS connection (1): official-joke-api.appspot.com:443
2023-09-11 14:34:27,070 DEBUG    https://official-joke-api.appspot.com:443 "GET /random_joke HTTP/1.1" 200 None
2023-09-11 14:34:27,076 DEBUG    Starting new HTTPS connection (1): catfact.ninja:443
2023-09-11 14:34:27,573 DEBUG    https://catfact.ninja:443 "GET /fact HTTP/1.1" 200 None
2023-09-11 14:35:12,830 INFO     somebody on the main page
2023-09-11 14:35:12,835 DEBUG    Starting new HTTPS connection (1): official-joke-api.appspot.com:443
2023-09-11 14:35:13,974 DEBUG    https://official-joke-api.appspot.com:443 "GET /random_joke HTTP/1.1" 200 None
2023-09-11 14:35:13,980 DEBUG    Starting new HTTPS connection (1): catfact.ninja:443
2023-09-11 14:35:15,386 DEBUG    https://catfact.ninja:443 "GET /fact HTTP/1.1" 200 None
2023-09-11 15:55:42,821 INFO     somebody on the main page
2023-09-11 15:55:42,827 DEBUG    Starting new HTTPS connection (1): official-joke-api.appspot.com:443
2023-09-11 15:55:46,976 DEBUG    https://official-joke-api.appspot.com:443 "GET /random_joke HTTP/1.1" 200 None
2023-09-11 15:55:46,982 DEBUG    Starting new HTTPS connection (1): catfact.ninja:443
2023-09-11 15:55:51,922 DEBUG    https://catfact.ninja:443 "GET /fact HTTP/1.1" 200 None
2023-09-11 15:57:08,302 INFO     somebody on the main page
2023-09-11 15:57:08,306 DEBUG    Starting new HTTPS connection (1): official-joke-api.appspot.com:443
2023-09-11 15:57:11,751 DEBUG    https://official-joke-api.appspot.com:443 "GET /random_joke HTTP/1.1" 200 None
2023-09-11 15:57:11,754 DEBUG    Starting new HTTPS connection (1): catfact.ninja:443
2023-09-11 15:57:15,357 DEBUG    https://catfact.ninja:443 "GET /fact HTTP/1.1" 200 None
2023-09-11 15:57:18,736 WARNING  Not Found: /audi.com
2023-09-11 15:57:35,143 INFO     somebody on the main page
2023-09-11 15:57:35,148 DEBUG    Starting new HTTPS connection (1): official-joke-api.appspot.com:443
2023-09-11 15:57:39,512 DEBUG    https://official-joke-api.appspot.com:443 "GET /random_joke HTTP/1.1" 200 None
2023-09-11 15:57:39,514 DEBUG    Starting new HTTPS connection (1): catfact.ninja:443
2023-09-11 15:57:46,198 DEBUG    https://catfact.ninja:443 "GET /fact HTTP/1.1" 200 None
2023-09-11 15:58:09,223 INFO     somebody on the main page
2023-09-11 15:58:09,228 DEBUG    Starting new HTTPS connection (1): official-joke-api.appspot.com:443
2023-09-11 15:58:13,428 DEBUG    https://official-joke-api.appspot.com:443 "GET /random_joke HTTP/1.1" 200 None
2023-09-11 15:58:13,434 DEBUG    Starting new HTTPS connection (1): catfact.ninja:443
2023-09-11 15:58:17,011 DEBUG    https://catfact.ninja:443 "GET /fact HTTP/1.1" 200 None
2023-09-11 15:58:54,454 INFO     somebody on the main page
2023-09-11 15:58:54,458 DEBUG    Starting new HTTPS connection (1): official-joke-api.appspot.com:443
2023-09-11 15:58:58,588 DEBUG    https://official-joke-api.appspot.com:443 "GET /random_joke HTTP/1.1" 200 None
2023-09-11 15:58:58,593 DEBUG    Starting new HTTPS connection (1): catfact.ninja:443
2023-09-11 15:59:02,274 DEBUG    https://catfact.ninja:443 "GET /fact HTTP/1.1" 200 None
2023-09-11 16:01:44,779 INFO     somebody on the main page
2023-09-11 16:01:44,782 DEBUG    Starting new HTTPS connection (1): official-joke-api.appspot.com:443
2023-09-11 16:01:48,979 DEBUG    https://official-joke-api.appspot.com:443 "GET /random_joke HTTP/1.1" 200 None
2023-09-11 16:01:48,984 DEBUG    Starting new HTTPS connection (1): catfact.ninja:443
2023-09-11 16:01:52,668 DEBUG    https://catfact.ninja:443 "GET /fact HTTP/1.1" 200 None
2023-09-11 16:12:29,488 INFO     somebody on the main page
2023-09-11 16:12:29,495 DEBUG    Starting new HTTPS connection (1): official-joke-api.appspot.com:443
2023-09-11 16:12:32,972 DEBUG    https://official-joke-api.appspot.com:443 "GET /random_joke HTTP/1.1" 200 None
2023-09-11 16:12:32,979 DEBUG    Starting new HTTPS connection (1): catfact.ninja:443
2023-09-11 16:12:36,559 DEBUG    https://catfact.ninja:443 "GET /fact HTTP/1.1" 200 None
2023-09-11 16:16:31,921 INFO     somebody on the main page
2023-09-11 16:16:31,927 DEBUG    Starting new HTTPS connection (1): official-joke-api.appspot.com:443
2023-09-11 16:16:36,174 DEBUG    https://official-joke-api.appspot.com:443 "GET /random_joke HTTP/1.1" 200 None
2023-09-11 16:16:36,178 DEBUG    Starting new HTTPS connection (1): catfact.ninja:443
2023-09-11 16:16:39,761 DEBUG    https://catfact.ninja:443 "GET /fact HTTP/1.1" 200 None
2023-09-11 16:16:47,209 INFO     somebody on the main page
2023-09-11 16:16:47,214 DEBUG    Starting new HTTPS connection (1): official-joke-api.appspot.com:443
2023-09-11 16:16:51,431 DEBUG    https://official-joke-api.appspot.com:443 "GET /random_joke HTTP/1.1" 200 None
2023-09-11 16:16:51,434 DEBUG    Starting new HTTPS connection (1): catfact.ninja:443
2023-09-11 16:16:55,016 DEBUG    https://catfact.ninja:443 "GET /fact HTTP/1.1" 200 None
2023-09-11 16:18:59,419 INFO     somebody on the main page
2023-09-11 16:18:59,423 DEBUG    Starting new HTTPS connection (1): official-joke-api.appspot.com:443
2023-09-11 16:19:03,734 DEBUG    https://official-joke-api.appspot.com:443 "GET /random_joke HTTP/1.1" 200 None
2023-09-11 16:19:03,740 DEBUG    Starting new HTTPS connection (1): catfact.ninja:443
2023-09-11 16:19:07,421 DEBUG    https://catfact.ninja:443 "GET /fact HTTP/1.1" 200 None
2023-09-11 16:38:50,857 INFO     somebody on the main page
2023-09-11 16:38:50,860 DEBUG    Starting new HTTPS connection (1): official-joke-api.appspot.com:443
2023-09-11 16:38:55,159 DEBUG    https://official-joke-api.appspot.com:443 "GET /random_joke HTTP/1.1" 200 None
2023-09-11 16:38:55,164 DEBUG    Starting new HTTPS connection (1): catfact.ninja:443
2023-09-11 16:38:58,639 DEBUG    https://catfact.ninja:443 "GET /fact HTTP/1.1" 200 None
2023-09-11 16:40:43,585 INFO     somebody on the main page
2023-09-11 16:40:43,589 DEBUG    Starting new HTTPS connection (1): official-joke-api.appspot.com:443
2023-09-11 16:40:47,084 DEBUG    https://official-joke-api.appspot.com:443 "GET /random_joke HTTP/1.1" 200 None
2023-09-11 16:40:47,088 DEBUG    Starting new HTTPS connection (1): catfact.ninja:443
2023-09-11 16:40:51,688 DEBUG    https://catfact.ninja:443 "GET /fact HTTP/1.1" 200 None
2023-09-11 16:40:51,865 WARNING  Not Found: /ad.png
2023-09-11 16:41:28,257 INFO     somebody on the main page
2023-09-11 16:41:28,260 DEBUG    Starting new HTTPS connection (1): official-joke-api.appspot.com:443
2023-09-11 16:41:32,443 DEBUG    https://official-joke-api.appspot.com:443 "GET /random_joke HTTP/1.1" 200 None
2023-09-11 16:41:32,447 DEBUG    Starting new HTTPS connection (1): catfact.ninja:443
2023-09-11 16:41:37,166 DEBUG    https://catfact.ninja:443 "GET /fact HTTP/1.1" 200 None
2023-09-11 16:42:07,938 INFO     somebody on the main page
2023-09-11 16:42:07,942 DEBUG    Starting new HTTPS connection (1): official-joke-api.appspot.com:443
2023-09-11 16:42:12,110 DEBUG    https://official-joke-api.appspot.com:443 "GET /random_joke HTTP/1.1" 200 None
2023-09-11 16:42:12,114 DEBUG    Starting new HTTPS connection (1): catfact.ninja:443
2023-09-11 16:42:15,863 DEBUG    https://catfact.ninja:443 "GET /fact HTTP/1.1" 200 None
2023-09-11 16:42:54,641 INFO     somebody on the main page
2023-09-11 16:42:54,645 DEBUG    Starting new HTTPS connection (1): official-joke-api.appspot.com:443
2023-09-11 16:42:58,869 DEBUG    https://official-joke-api.appspot.com:443 "GET /random_joke HTTP/1.1" 200 None
2023-09-11 16:42:58,874 DEBUG    Starting new HTTPS connection (1): catfact.ninja:443
2023-09-11 16:43:02,459 DEBUG    https://catfact.ninja:443 "GET /fact HTTP/1.1" 200 None
2023-09-11 16:43:05,948 INFO     somebody on the main page
2023-09-11 16:43:05,953 DEBUG    Starting new HTTPS connection (1): official-joke-api.appspot.com:443
2023-09-11 16:43:10,060 DEBUG    https://official-joke-api.appspot.com:443 "GET /random_joke HTTP/1.1" 200 None
2023-09-11 16:43:10,065 DEBUG    Starting new HTTPS connection (1): catfact.ninja:443
2023-09-11 16:43:13,721 DEBUG    https://catfact.ninja:443 "GET /fact HTTP/1.1" 200 None
2023-09-11 16:43:21,560 INFO     somebody on the main page
2023-09-11 16:43:21,563 DEBUG    Starting new HTTPS connection (1): official-joke-api.appspot.com:443
2023-09-11 16:43:25,739 DEBUG    https://official-joke-api.appspot.com:443 "GET /random_joke HTTP/1.1" 200 None
2023-09-11 16:43:25,743 DEBUG    Starting new HTTPS connection (1): catfact.ninja:443
2023-09-11 16:43:29,284 DEBUG    https://catfact.ninja:443 "GET /fact HTTP/1.1" 200 None
2023-09-11 16:43:57,371 INFO     somebody on the main page
2023-09-11 16:43:57,375 DEBUG    Starting new HTTPS connection (1): official-joke-api.appspot.com:443
2023-09-11 16:44:01,543 DEBUG    https://official-joke-api.appspot.com:443 "GET /random_joke HTTP/1.1" 200 None
2023-09-11 16:44:01,547 DEBUG    Starting new HTTPS connection (1): catfact.ninja:443
2023-09-11 16:44:05,112 DEBUG    https://catfact.ninja:443 "GET /fact HTTP/1.1" 200 None
2023-09-11 16:44:12,952 INFO     somebody on the main page
2023-09-11 16:44:12,956 DEBUG    Starting new HTTPS connection (1): official-joke-api.appspot.com:443
2023-09-11 16:44:17,104 DEBUG    https://official-joke-api.appspot.com:443 "GET /random_joke HTTP/1.1" 200 None
2023-09-11 16:44:17,108 DEBUG    Starting new HTTPS connection (1): catfact.ninja:443
2023-09-11 16:44:20,792 DEBUG    https://catfact.ninja:443 "GET /fact HTTP/1.1" 200 None
2023-09-11 16:55:23,311 INFO     D:\SCI2\SCI\Lab4\mainapp\views.py changed, reloading.
2023-09-11 16:55:24,481 INFO     Watching for file changes with StatReloader
2023-09-12 20:17:34,546 INFO     Watching for file changes with StatReloader
2023-09-12 20:17:36,838 INFO     somebody on the main page
2023-09-12 20:17:36,841 DEBUG    Starting new HTTPS connection (1): official-joke-api.appspot.com:443
2023-09-12 20:17:37,994 DEBUG    https://official-joke-api.appspot.com:443 "GET /random_joke HTTP/1.1" 200 None
2023-09-12 20:17:38,033 DEBUG    Starting new HTTPS connection (1): catfact.ninja:443
2023-09-12 20:17:38,746 DEBUG    https://catfact.ninja:443 "GET /fact HTTP/1.1" 200 None
2023-09-12 20:17:45,871 WARNING  Forbidden (CSRF token missing.): /reviews
2023-09-12 20:17:46,332 WARNING  Not Found: /favicon.ico
2023-09-12 20:21:05,762 INFO     D:\SCI2\SCI\Lab4\mainapp\views.py changed, reloading.
2023-09-12 20:21:07,087 INFO     Watching for file changes with StatReloader
2023-09-12 20:23:19,229 INFO     D:\SCI2\SCI\Lab4\mainapp\views.py changed, reloading.
2023-09-12 20:23:20,251 INFO     Watching for file changes with StatReloader
2023-09-12 20:27:06,419 INFO     D:\SCI2\SCI\Lab4\mainapp\views.py changed, reloading.
2023-09-12 20:27:07,462 INFO     Watching for file changes with StatReloader
2023-09-12 20:27:12,192 ERROR    Internal Server Error: /reviews
Traceback (most recent call last):
  File "D:\Python 3\lib\site-packages\django\utils\datastructures.py", line 84, in __getitem__
    list_ = super().__getitem__(key)
KeyError: 'grade'

During handling of the above exception, another exception occurred:

Traceback (most recent call last):
  File "D:\Python 3\lib\site-packages\django\core\handlers\exception.py", line 55, in inner
    response = get_response(request)
  File "D:\Python 3\lib\site-packages\django\core\handlers\base.py", line 197, in _get_response
    response = wrapped_callback(request, *callback_args, **callback_kwargs)
  File "D:\SCI2\SCI\lab4\mainapp\views.py", line 523, in reviews
    print(f'{request.POST["grade"]}/5')
  File "D:\Python 3\lib\site-packages\django\utils\datastructures.py", line 86, in __getitem__
    raise MultiValueDictKeyError(key)
django.utils.datastructures.MultiValueDictKeyError: 'grade'
2023-09-12 20:52:50,842 INFO     D:\SCI2\SCI\Lab4\mainapp\views.py changed, reloading.
2023-09-12 20:52:52,123 INFO     Watching for file changes with StatReloader
2023-09-12 20:53:31,731 INFO     D:\SCI2\SCI\Lab4\Lab4\urls.py changed, reloading.
2023-09-12 20:53:32,839 INFO     Watching for file changes with StatReloader
2023-09-13 14:19:01,758 INFO     Watching for file changes with StatReloader
2023-09-13 14:19:07,101 INFO     somebody on the main page
2023-09-13 14:19:07,108 DEBUG    Starting new HTTPS connection (1): official-joke-api.appspot.com:443
2023-09-13 14:19:08,207 DEBUG    https://official-joke-api.appspot.com:443 "GET /random_joke HTTP/1.1" 200 None
2023-09-13 14:19:08,212 DEBUG    Starting new HTTPS connection (1): catfact.ninja:443
2023-09-13 14:19:09,461 DEBUG    https://catfact.ninja:443 "GET /fact HTTP/1.1" 200 None
2023-09-13 14:26:25,035 ERROR    Internal Server Error: /funnypage
Traceback (most recent call last):
  File "D:\Python 3\lib\site-packages\django\template\base.py", line 505, in parse
    compile_func = self.tags[command]
KeyError: 'static'

During handling of the above exception, another exception occurred:

Traceback (most recent call last):
  File "D:\Python 3\lib\site-packages\django\core\handlers\exception.py", line 55, in inner
    response = get_response(request)
  File "D:\Python 3\lib\site-packages\django\core\handlers\base.py", line 197, in _get_response
    response = wrapped_callback(request, *callback_args, **callback_kwargs)
  File "D:\SCI2\SCI\lab4\mainapp\views.py", line 550, in funnypage
    return render(request, "funnypage.html")
  File "D:\Python 3\lib\site-packages\django\shortcuts.py", line 24, in render
    content = loader.render_to_string(template_name, context, request, using=using)
  File "D:\Python 3\lib\site-packages\django\template\loader.py", line 61, in render_to_string
    template = get_template(template_name, using=using)
  File "D:\Python 3\lib\site-packages\django\template\loader.py", line 15, in get_template
    return engine.get_template(template_name)
  File "D:\Python 3\lib\site-packages\django\template\backends\django.py", line 33, in get_template
    return Template(self.engine.get_template(template_name), self)
  File "D:\Python 3\lib\site-packages\django\template\engine.py", line 175, in get_template
    template, origin = self.find_template(template_name)
  File "D:\Python 3\lib\site-packages\django\template\engine.py", line 157, in find_template
    template = loader.get_template(name, skip=skip)
  File "D:\Python 3\lib\site-packages\django\template\loaders\cached.py", line 57, in get_template
    template = super().get_template(template_name, skip)
  File "D:\Python 3\lib\site-packages\django\template\loaders\base.py", line 28, in get_template
    return Template(
  File "D:\Python 3\lib\site-packages\django\template\base.py", line 154, in __init__
    self.nodelist = self.compile_nodelist()
  File "D:\Python 3\lib\site-packages\django\template\base.py", line 200, in compile_nodelist
    return parser.parse()
  File "D:\Python 3\lib\site-packages\django\template\base.py", line 513, in parse
    raise self.error(token, e)
  File "D:\Python 3\lib\site-packages\django\template\base.py", line 511, in parse
    compiled_result = compile_func(self, token)
  File "D:\Python 3\lib\site-packages\django\template\loader_tags.py", line 293, in do_extends
    nodelist = parser.parse()
  File "D:\Python 3\lib\site-packages\django\template\base.py", line 513, in parse
    raise self.error(token, e)
  File "D:\Python 3\lib\site-packages\django\template\base.py", line 511, in parse
    compiled_result = compile_func(self, token)
  File "D:\Python 3\lib\site-packages\django\template\loader_tags.py", line 232, in do_block
    nodelist = parser.parse(("endblock",))
  File "D:\Python 3\lib\site-packages\django\template\base.py", line 507, in parse
    self.invalid_block_tag(token, command, parse_until)
  File "D:\Python 3\lib\site-packages\django\template\base.py", line 558, in invalid_block_tag
    raise self.error(
django.template.exceptions.TemplateSyntaxError: Invalid block tag on line 17: 'static', expected 'endblock'. Did you forget to register or load this tag?
2023-09-13 14:27:38,304 ERROR    Internal Server Error: /funnypage
Traceback (most recent call last):
  File "D:\Python 3\lib\site-packages\django\template\base.py", line 505, in parse
    compile_func = self.tags[command]
KeyError: 'static'

During handling of the above exception, another exception occurred:

Traceback (most recent call last):
  File "D:\Python 3\lib\site-packages\django\core\handlers\exception.py", line 55, in inner
    response = get_response(request)
  File "D:\Python 3\lib\site-packages\django\core\handlers\base.py", line 197, in _get_response
    response = wrapped_callback(request, *callback_args, **callback_kwargs)
  File "D:\SCI2\SCI\lab4\mainapp\views.py", line 550, in funnypage
    return render(request, "funnypage.html")
  File "D:\Python 3\lib\site-packages\django\shortcuts.py", line 24, in render
    content = loader.render_to_string(template_name, context, request, using=using)
  File "D:\Python 3\lib\site-packages\django\template\loader.py", line 61, in render_to_string
    template = get_template(template_name, using=using)
  File "D:\Python 3\lib\site-packages\django\template\loader.py", line 15, in get_template
    return engine.get_template(template_name)
  File "D:\Python 3\lib\site-packages\django\template\backends\django.py", line 33, in get_template
    return Template(self.engine.get_template(template_name), self)
  File "D:\Python 3\lib\site-packages\django\template\engine.py", line 175, in get_template
    template, origin = self.find_template(template_name)
  File "D:\Python 3\lib\site-packages\django\template\engine.py", line 157, in find_template
    template = loader.get_template(name, skip=skip)
  File "D:\Python 3\lib\site-packages\django\template\loaders\cached.py", line 57, in get_template
    template = super().get_template(template_name, skip)
  File "D:\Python 3\lib\site-packages\django\template\loaders\base.py", line 28, in get_template
    return Template(
  File "D:\Python 3\lib\site-packages\django\template\base.py", line 154, in __init__
    self.nodelist = self.compile_nodelist()
  File "D:\Python 3\lib\site-packages\django\template\base.py", line 200, in compile_nodelist
    return parser.parse()
  File "D:\Python 3\lib\site-packages\django\template\base.py", line 513, in parse
    raise self.error(token, e)
  File "D:\Python 3\lib\site-packages\django\template\base.py", line 511, in parse
    compiled_result = compile_func(self, token)
  File "D:\Python 3\lib\site-packages\django\template\loader_tags.py", line 293, in do_extends
    nodelist = parser.parse()
  File "D:\Python 3\lib\site-packages\django\template\base.py", line 513, in parse
    raise self.error(token, e)
  File "D:\Python 3\lib\site-packages\django\template\base.py", line 511, in parse
    compiled_result = compile_func(self, token)
  File "D:\Python 3\lib\site-packages\django\template\loader_tags.py", line 232, in do_block
    nodelist = parser.parse(("endblock",))
  File "D:\Python 3\lib\site-packages\django\template\base.py", line 507, in parse
    self.invalid_block_tag(token, command, parse_until)
  File "D:\Python 3\lib\site-packages\django\template\base.py", line 558, in invalid_block_tag
    raise self.error(
django.template.exceptions.TemplateSyntaxError: Invalid block tag on line 17: 'static', expected 'endblock'. Did you forget to register or load this tag?
2023-09-13 14:27:39,546 ERROR    Internal Server Error: /funnypage
Traceback (most recent call last):
  File "D:\Python 3\lib\site-packages\django\template\base.py", line 505, in parse
    compile_func = self.tags[command]
KeyError: 'static'

During handling of the above exception, another exception occurred:

Traceback (most recent call last):
  File "D:\Python 3\lib\site-packages\django\core\handlers\exception.py", line 55, in inner
    response = get_response(request)
  File "D:\Python 3\lib\site-packages\django\core\handlers\base.py", line 197, in _get_response
    response = wrapped_callback(request, *callback_args, **callback_kwargs)
  File "D:\SCI2\SCI\lab4\mainapp\views.py", line 550, in funnypage
    return render(request, "funnypage.html")
  File "D:\Python 3\lib\site-packages\django\shortcuts.py", line 24, in render
    content = loader.render_to_string(template_name, context, request, using=using)
  File "D:\Python 3\lib\site-packages\django\template\loader.py", line 61, in render_to_string
    template = get_template(template_name, using=using)
  File "D:\Python 3\lib\site-packages\django\template\loader.py", line 15, in get_template
    return engine.get_template(template_name)
  File "D:\Python 3\lib\site-packages\django\template\backends\django.py", line 33, in get_template
    return Template(self.engine.get_template(template_name), self)
  File "D:\Python 3\lib\site-packages\django\template\engine.py", line 175, in get_template
    template, origin = self.find_template(template_name)
  File "D:\Python 3\lib\site-packages\django\template\engine.py", line 157, in find_template
    template = loader.get_template(name, skip=skip)
  File "D:\Python 3\lib\site-packages\django\template\loaders\cached.py", line 57, in get_template
    template = super().get_template(template_name, skip)
  File "D:\Python 3\lib\site-packages\django\template\loaders\base.py", line 28, in get_template
    return Template(
  File "D:\Python 3\lib\site-packages\django\template\base.py", line 154, in __init__
    self.nodelist = self.compile_nodelist()
  File "D:\Python 3\lib\site-packages\django\template\base.py", line 200, in compile_nodelist
    return parser.parse()
  File "D:\Python 3\lib\site-packages\django\template\base.py", line 513, in parse
    raise self.error(token, e)
  File "D:\Python 3\lib\site-packages\django\template\base.py", line 511, in parse
    compiled_result = compile_func(self, token)
  File "D:\Python 3\lib\site-packages\django\template\loader_tags.py", line 293, in do_extends
    nodelist = parser.parse()
  File "D:\Python 3\lib\site-packages\django\template\base.py", line 513, in parse
    raise self.error(token, e)
  File "D:\Python 3\lib\site-packages\django\template\base.py", line 511, in parse
    compiled_result = compile_func(self, token)
  File "D:\Python 3\lib\site-packages\django\template\loader_tags.py", line 232, in do_block
    nodelist = parser.parse(("endblock",))
  File "D:\Python 3\lib\site-packages\django\template\base.py", line 507, in parse
    self.invalid_block_tag(token, command, parse_until)
  File "D:\Python 3\lib\site-packages\django\template\base.py", line 558, in invalid_block_tag
    raise self.error(
django.template.exceptions.TemplateSyntaxError: Invalid block tag on line 17: 'static', expected 'endblock'. Did you forget to register or load this tag?
2023-09-13 14:28:07,356 ERROR    Internal Server Error: /funnypage
Traceback (most recent call last):
  File "D:\Python 3\lib\site-packages\django\template\base.py", line 505, in parse
    compile_func = self.tags[command]
KeyError: 'static'

During handling of the above exception, another exception occurred:

Traceback (most recent call last):
  File "D:\Python 3\lib\site-packages\django\core\handlers\exception.py", line 55, in inner
    response = get_response(request)
  File "D:\Python 3\lib\site-packages\django\core\handlers\base.py", line 197, in _get_response
    response = wrapped_callback(request, *callback_args, **callback_kwargs)
  File "D:\SCI2\SCI\lab4\mainapp\views.py", line 550, in funnypage
    return render(request, "funnypage.html")
  File "D:\Python 3\lib\site-packages\django\shortcuts.py", line 24, in render
    content = loader.render_to_string(template_name, context, request, using=using)
  File "D:\Python 3\lib\site-packages\django\template\loader.py", line 61, in render_to_string
    template = get_template(template_name, using=using)
  File "D:\Python 3\lib\site-packages\django\template\loader.py", line 15, in get_template
    return engine.get_template(template_name)
  File "D:\Python 3\lib\site-packages\django\template\backends\django.py", line 33, in get_template
    return Template(self.engine.get_template(template_name), self)
  File "D:\Python 3\lib\site-packages\django\template\engine.py", line 175, in get_template
    template, origin = self.find_template(template_name)
  File "D:\Python 3\lib\site-packages\django\template\engine.py", line 157, in find_template
    template = loader.get_template(name, skip=skip)
  File "D:\Python 3\lib\site-packages\django\template\loaders\cached.py", line 57, in get_template
    template = super().get_template(template_name, skip)
  File "D:\Python 3\lib\site-packages\django\template\loaders\base.py", line 28, in get_template
    return Template(
  File "D:\Python 3\lib\site-packages\django\template\base.py", line 154, in __init__
    self.nodelist = self.compile_nodelist()
  File "D:\Python 3\lib\site-packages\django\template\base.py", line 200, in compile_nodelist
    return parser.parse()
  File "D:\Python 3\lib\site-packages\django\template\base.py", line 513, in parse
    raise self.error(token, e)
  File "D:\Python 3\lib\site-packages\django\template\base.py", line 511, in parse
    compiled_result = compile_func(self, token)
  File "D:\Python 3\lib\site-packages\django\template\loader_tags.py", line 293, in do_extends
    nodelist = parser.parse()
  File "D:\Python 3\lib\site-packages\django\template\base.py", line 513, in parse
    raise self.error(token, e)
  File "D:\Python 3\lib\site-packages\django\template\base.py", line 511, in parse
    compiled_result = compile_func(self, token)
  File "D:\Python 3\lib\site-packages\django\template\loader_tags.py", line 232, in do_block
    nodelist = parser.parse(("endblock",))
  File "D:\Python 3\lib\site-packages\django\template\base.py", line 507, in parse
    self.invalid_block_tag(token, command, parse_until)
  File "D:\Python 3\lib\site-packages\django\template\base.py", line 558, in invalid_block_tag
    raise self.error(
django.template.exceptions.TemplateSyntaxError: Invalid block tag on line 17: 'static', expected 'endblock'. Did you forget to register or load this tag?
2023-09-13 14:28:08,023 ERROR    Internal Server Error: /funnypage
Traceback (most recent call last):
  File "D:\Python 3\lib\site-packages\django\template\base.py", line 505, in parse
    compile_func = self.tags[command]
KeyError: 'static'

During handling of the above exception, another exception occurred:

Traceback (most recent call last):
  File "D:\Python 3\lib\site-packages\django\core\handlers\exception.py", line 55, in inner
    response = get_response(request)
  File "D:\Python 3\lib\site-packages\django\core\handlers\base.py", line 197, in _get_response
    response = wrapped_callback(request, *callback_args, **callback_kwargs)
  File "D:\SCI2\SCI\lab4\mainapp\views.py", line 550, in funnypage
    return render(request, "funnypage.html")
  File "D:\Python 3\lib\site-packages\django\shortcuts.py", line 24, in render
    content = loader.render_to_string(template_name, context, request, using=using)
  File "D:\Python 3\lib\site-packages\django\template\loader.py", line 61, in render_to_string
    template = get_template(template_name, using=using)
  File "D:\Python 3\lib\site-packages\django\template\loader.py", line 15, in get_template
    return engine.get_template(template_name)
  File "D:\Python 3\lib\site-packages\django\template\backends\django.py", line 33, in get_template
    return Template(self.engine.get_template(template_name), self)
  File "D:\Python 3\lib\site-packages\django\template\engine.py", line 175, in get_template
    template, origin = self.find_template(template_name)
  File "D:\Python 3\lib\site-packages\django\template\engine.py", line 157, in find_template
    template = loader.get_template(name, skip=skip)
  File "D:\Python 3\lib\site-packages\django\template\loaders\cached.py", line 57, in get_template
    template = super().get_template(template_name, skip)
  File "D:\Python 3\lib\site-packages\django\template\loaders\base.py", line 28, in get_template
    return Template(
  File "D:\Python 3\lib\site-packages\django\template\base.py", line 154, in __init__
    self.nodelist = self.compile_nodelist()
  File "D:\Python 3\lib\site-packages\django\template\base.py", line 200, in compile_nodelist
    return parser.parse()
  File "D:\Python 3\lib\site-packages\django\template\base.py", line 513, in parse
    raise self.error(token, e)
  File "D:\Python 3\lib\site-packages\django\template\base.py", line 511, in parse
    compiled_result = compile_func(self, token)
  File "D:\Python 3\lib\site-packages\django\template\loader_tags.py", line 293, in do_extends
    nodelist = parser.parse()
  File "D:\Python 3\lib\site-packages\django\template\base.py", line 513, in parse
    raise self.error(token, e)
  File "D:\Python 3\lib\site-packages\django\template\base.py", line 511, in parse
    compiled_result = compile_func(self, token)
  File "D:\Python 3\lib\site-packages\django\template\loader_tags.py", line 232, in do_block
    nodelist = parser.parse(("endblock",))
  File "D:\Python 3\lib\site-packages\django\template\base.py", line 507, in parse
    self.invalid_block_tag(token, command, parse_until)
  File "D:\Python 3\lib\site-packages\django\template\base.py", line 558, in invalid_block_tag
    raise self.error(
django.template.exceptions.TemplateSyntaxError: Invalid block tag on line 17: 'static', expected 'endblock'. Did you forget to register or load this tag?
2023-09-13 14:28:08,229 ERROR    Internal Server Error: /funnypage
Traceback (most recent call last):
  File "D:\Python 3\lib\site-packages\django\template\base.py", line 505, in parse
    compile_func = self.tags[command]
KeyError: 'static'

During handling of the above exception, another exception occurred:

Traceback (most recent call last):
  File "D:\Python 3\lib\site-packages\django\core\handlers\exception.py", line 55, in inner
    response = get_response(request)
  File "D:\Python 3\lib\site-packages\django\core\handlers\base.py", line 197, in _get_response
    response = wrapped_callback(request, *callback_args, **callback_kwargs)
  File "D:\SCI2\SCI\lab4\mainapp\views.py", line 550, in funnypage
    return render(request, "funnypage.html")
  File "D:\Python 3\lib\site-packages\django\shortcuts.py", line 24, in render
    content = loader.render_to_string(template_name, context, request, using=using)
  File "D:\Python 3\lib\site-packages\django\template\loader.py", line 61, in render_to_string
    template = get_template(template_name, using=using)
  File "D:\Python 3\lib\site-packages\django\template\loader.py", line 15, in get_template
    return engine.get_template(template_name)
  File "D:\Python 3\lib\site-packages\django\template\backends\django.py", line 33, in get_template
    return Template(self.engine.get_template(template_name), self)
  File "D:\Python 3\lib\site-packages\django\template\engine.py", line 175, in get_template
    template, origin = self.find_template(template_name)
  File "D:\Python 3\lib\site-packages\django\template\engine.py", line 157, in find_template
    template = loader.get_template(name, skip=skip)
  File "D:\Python 3\lib\site-packages\django\template\loaders\cached.py", line 57, in get_template
    template = super().get_template(template_name, skip)
  File "D:\Python 3\lib\site-packages\django\template\loaders\base.py", line 28, in get_template
    return Template(
  File "D:\Python 3\lib\site-packages\django\template\base.py", line 154, in __init__
    self.nodelist = self.compile_nodelist()
  File "D:\Python 3\lib\site-packages\django\template\base.py", line 200, in compile_nodelist
    return parser.parse()
  File "D:\Python 3\lib\site-packages\django\template\base.py", line 513, in parse
    raise self.error(token, e)
  File "D:\Python 3\lib\site-packages\django\template\base.py", line 511, in parse
    compiled_result = compile_func(self, token)
  File "D:\Python 3\lib\site-packages\django\template\loader_tags.py", line 293, in do_extends
    nodelist = parser.parse()
  File "D:\Python 3\lib\site-packages\django\template\base.py", line 513, in parse
    raise self.error(token, e)
  File "D:\Python 3\lib\site-packages\django\template\base.py", line 511, in parse
    compiled_result = compile_func(self, token)
  File "D:\Python 3\lib\site-packages\django\template\loader_tags.py", line 232, in do_block
    nodelist = parser.parse(("endblock",))
  File "D:\Python 3\lib\site-packages\django\template\base.py", line 507, in parse
    self.invalid_block_tag(token, command, parse_until)
  File "D:\Python 3\lib\site-packages\django\template\base.py", line 558, in invalid_block_tag
    raise self.error(
django.template.exceptions.TemplateSyntaxError: Invalid block tag on line 17: 'static', expected 'endblock'. Did you forget to register or load this tag?
2023-09-13 14:28:08,421 ERROR    Internal Server Error: /funnypage
Traceback (most recent call last):
  File "D:\Python 3\lib\site-packages\django\template\base.py", line 505, in parse
    compile_func = self.tags[command]
KeyError: 'static'

During handling of the above exception, another exception occurred:

Traceback (most recent call last):
  File "D:\Python 3\lib\site-packages\django\core\handlers\exception.py", line 55, in inner
    response = get_response(request)
  File "D:\Python 3\lib\site-packages\django\core\handlers\base.py", line 197, in _get_response
    response = wrapped_callback(request, *callback_args, **callback_kwargs)
  File "D:\SCI2\SCI\lab4\mainapp\views.py", line 550, in funnypage
    return render(request, "funnypage.html")
  File "D:\Python 3\lib\site-packages\django\shortcuts.py", line 24, in render
    content = loader.render_to_string(template_name, context, request, using=using)
  File "D:\Python 3\lib\site-packages\django\template\loader.py", line 61, in render_to_string
    template = get_template(template_name, using=using)
  File "D:\Python 3\lib\site-packages\django\template\loader.py", line 15, in get_template
    return engine.get_template(template_name)
  File "D:\Python 3\lib\site-packages\django\template\backends\django.py", line 33, in get_template
    return Template(self.engine.get_template(template_name), self)
  File "D:\Python 3\lib\site-packages\django\template\engine.py", line 175, in get_template
    template, origin = self.find_template(template_name)
  File "D:\Python 3\lib\site-packages\django\template\engine.py", line 157, in find_template
    template = loader.get_template(name, skip=skip)
  File "D:\Python 3\lib\site-packages\django\template\loaders\cached.py", line 57, in get_template
    template = super().get_template(template_name, skip)
  File "D:\Python 3\lib\site-packages\django\template\loaders\base.py", line 28, in get_template
    return Template(
  File "D:\Python 3\lib\site-packages\django\template\base.py", line 154, in __init__
    self.nodelist = self.compile_nodelist()
  File "D:\Python 3\lib\site-packages\django\template\base.py", line 200, in compile_nodelist
    return parser.parse()
  File "D:\Python 3\lib\site-packages\django\template\base.py", line 513, in parse
    raise self.error(token, e)
  File "D:\Python 3\lib\site-packages\django\template\base.py", line 511, in parse
    compiled_result = compile_func(self, token)
  File "D:\Python 3\lib\site-packages\django\template\loader_tags.py", line 293, in do_extends
    nodelist = parser.parse()
  File "D:\Python 3\lib\site-packages\django\template\base.py", line 513, in parse
    raise self.error(token, e)
  File "D:\Python 3\lib\site-packages\django\template\base.py", line 511, in parse
    compiled_result = compile_func(self, token)
  File "D:\Python 3\lib\site-packages\django\template\loader_tags.py", line 232, in do_block
    nodelist = parser.parse(("endblock",))
  File "D:\Python 3\lib\site-packages\django\template\base.py", line 507, in parse
    self.invalid_block_tag(token, command, parse_until)
  File "D:\Python 3\lib\site-packages\django\template\base.py", line 558, in invalid_block_tag
    raise self.error(
django.template.exceptions.TemplateSyntaxError: Invalid block tag on line 17: 'static', expected 'endblock'. Did you forget to register or load this tag?
2023-09-13 14:28:08,642 ERROR    Internal Server Error: /funnypage
Traceback (most recent call last):
  File "D:\Python 3\lib\site-packages\django\template\base.py", line 505, in parse
    compile_func = self.tags[command]
KeyError: 'static'

During handling of the above exception, another exception occurred:

Traceback (most recent call last):
  File "D:\Python 3\lib\site-packages\django\core\handlers\exception.py", line 55, in inner
    response = get_response(request)
  File "D:\Python 3\lib\site-packages\django\core\handlers\base.py", line 197, in _get_response
    response = wrapped_callback(request, *callback_args, **callback_kwargs)
  File "D:\SCI2\SCI\lab4\mainapp\views.py", line 550, in funnypage
    return render(request, "funnypage.html")
  File "D:\Python 3\lib\site-packages\django\shortcuts.py", line 24, in render
    content = loader.render_to_string(template_name, context, request, using=using)
  File "D:\Python 3\lib\site-packages\django\template\loader.py", line 61, in render_to_string
    template = get_template(template_name, using=using)
  File "D:\Python 3\lib\site-packages\django\template\loader.py", line 15, in get_template
    return engine.get_template(template_name)
  File "D:\Python 3\lib\site-packages\django\template\backends\django.py", line 33, in get_template
    return Template(self.engine.get_template(template_name), self)
  File "D:\Python 3\lib\site-packages\django\template\engine.py", line 175, in get_template
    template, origin = self.find_template(template_name)
  File "D:\Python 3\lib\site-packages\django\template\engine.py", line 157, in find_template
    template = loader.get_template(name, skip=skip)
  File "D:\Python 3\lib\site-packages\django\template\loaders\cached.py", line 57, in get_template
    template = super().get_template(template_name, skip)
  File "D:\Python 3\lib\site-packages\django\template\loaders\base.py", line 28, in get_template
    return Template(
  File "D:\Python 3\lib\site-packages\django\template\base.py", line 154, in __init__
    self.nodelist = self.compile_nodelist()
  File "D:\Python 3\lib\site-packages\django\template\base.py", line 200, in compile_nodelist
    return parser.parse()
  File "D:\Python 3\lib\site-packages\django\template\base.py", line 513, in parse
    raise self.error(token, e)
  File "D:\Python 3\lib\site-packages\django\template\base.py", line 511, in parse
    compiled_result = compile_func(self, token)
  File "D:\Python 3\lib\site-packages\django\template\loader_tags.py", line 293, in do_extends
    nodelist = parser.parse()
  File "D:\Python 3\lib\site-packages\django\template\base.py", line 513, in parse
    raise self.error(token, e)
  File "D:\Python 3\lib\site-packages\django\template\base.py", line 511, in parse
    compiled_result = compile_func(self, token)
  File "D:\Python 3\lib\site-packages\django\template\loader_tags.py", line 232, in do_block
    nodelist = parser.parse(("endblock",))
  File "D:\Python 3\lib\site-packages\django\template\base.py", line 507, in parse
    self.invalid_block_tag(token, command, parse_until)
  File "D:\Python 3\lib\site-packages\django\template\base.py", line 558, in invalid_block_tag
    raise self.error(
django.template.exceptions.TemplateSyntaxError: Invalid block tag on line 17: 'static', expected 'endblock'. Did you forget to register or load this tag?
2023-09-13 14:28:08,840 ERROR    Internal Server Error: /funnypage
Traceback (most recent call last):
  File "D:\Python 3\lib\site-packages\django\template\base.py", line 505, in parse
    compile_func = self.tags[command]
KeyError: 'static'

During handling of the above exception, another exception occurred:

Traceback (most recent call last):
  File "D:\Python 3\lib\site-packages\django\core\handlers\exception.py", line 55, in inner
    response = get_response(request)
  File "D:\Python 3\lib\site-packages\django\core\handlers\base.py", line 197, in _get_response
    response = wrapped_callback(request, *callback_args, **callback_kwargs)
  File "D:\SCI2\SCI\lab4\mainapp\views.py", line 550, in funnypage
    return render(request, "funnypage.html")
  File "D:\Python 3\lib\site-packages\django\shortcuts.py", line 24, in render
    content = loader.render_to_string(template_name, context, request, using=using)
  File "D:\Python 3\lib\site-packages\django\template\loader.py", line 61, in render_to_string
    template = get_template(template_name, using=using)
  File "D:\Python 3\lib\site-packages\django\template\loader.py", line 15, in get_template
    return engine.get_template(template_name)
  File "D:\Python 3\lib\site-packages\django\template\backends\django.py", line 33, in get_template
    return Template(self.engine.get_template(template_name), self)
  File "D:\Python 3\lib\site-packages\django\template\engine.py", line 175, in get_template
    template, origin = self.find_template(template_name)
  File "D:\Python 3\lib\site-packages\django\template\engine.py", line 157, in find_template
    template = loader.get_template(name, skip=skip)
  File "D:\Python 3\lib\site-packages\django\template\loaders\cached.py", line 57, in get_template
    template = super().get_template(template_name, skip)
  File "D:\Python 3\lib\site-packages\django\template\loaders\base.py", line 28, in get_template
    return Template(
  File "D:\Python 3\lib\site-packages\django\template\base.py", line 154, in __init__
    self.nodelist = self.compile_nodelist()
  File "D:\Python 3\lib\site-packages\django\template\base.py", line 200, in compile_nodelist
    return parser.parse()
  File "D:\Python 3\lib\site-packages\django\template\base.py", line 513, in parse
    raise self.error(token, e)
  File "D:\Python 3\lib\site-packages\django\template\base.py", line 511, in parse
    compiled_result = compile_func(self, token)
  File "D:\Python 3\lib\site-packages\django\template\loader_tags.py", line 293, in do_extends
    nodelist = parser.parse()
  File "D:\Python 3\lib\site-packages\django\template\base.py", line 513, in parse
    raise self.error(token, e)
  File "D:\Python 3\lib\site-packages\django\template\base.py", line 511, in parse
    compiled_result = compile_func(self, token)
  File "D:\Python 3\lib\site-packages\django\template\loader_tags.py", line 232, in do_block
    nodelist = parser.parse(("endblock",))
  File "D:\Python 3\lib\site-packages\django\template\base.py", line 507, in parse
    self.invalid_block_tag(token, command, parse_until)
  File "D:\Python 3\lib\site-packages\django\template\base.py", line 558, in invalid_block_tag
    raise self.error(
django.template.exceptions.TemplateSyntaxError: Invalid block tag on line 17: 'static', expected 'endblock'. Did you forget to register or load this tag?
2023-09-13 14:28:09,293 ERROR    Internal Server Error: /funnypage
Traceback (most recent call last):
  File "D:\Python 3\lib\site-packages\django\template\base.py", line 505, in parse
    compile_func = self.tags[command]
KeyError: 'static'

During handling of the above exception, another exception occurred:

Traceback (most recent call last):
  File "D:\Python 3\lib\site-packages\django\core\handlers\exception.py", line 55, in inner
    response = get_response(request)
  File "D:\Python 3\lib\site-packages\django\core\handlers\base.py", line 197, in _get_response
    response = wrapped_callback(request, *callback_args, **callback_kwargs)
  File "D:\SCI2\SCI\lab4\mainapp\views.py", line 550, in funnypage
    return render(request, "funnypage.html")
  File "D:\Python 3\lib\site-packages\django\shortcuts.py", line 24, in render
    content = loader.render_to_string(template_name, context, request, using=using)
  File "D:\Python 3\lib\site-packages\django\template\loader.py", line 61, in render_to_string
    template = get_template(template_name, using=using)
  File "D:\Python 3\lib\site-packages\django\template\loader.py", line 15, in get_template
    return engine.get_template(template_name)
  File "D:\Python 3\lib\site-packages\django\template\backends\django.py", line 33, in get_template
    return Template(self.engine.get_template(template_name), self)
  File "D:\Python 3\lib\site-packages\django\template\engine.py", line 175, in get_template
    template, origin = self.find_template(template_name)
  File "D:\Python 3\lib\site-packages\django\template\engine.py", line 157, in find_template
    template = loader.get_template(name, skip=skip)
  File "D:\Python 3\lib\site-packages\django\template\loaders\cached.py", line 57, in get_template
    template = super().get_template(template_name, skip)
  File "D:\Python 3\lib\site-packages\django\template\loaders\base.py", line 28, in get_template
    return Template(
  File "D:\Python 3\lib\site-packages\django\template\base.py", line 154, in __init__
    self.nodelist = self.compile_nodelist()
  File "D:\Python 3\lib\site-packages\django\template\base.py", line 200, in compile_nodelist
    return parser.parse()
  File "D:\Python 3\lib\site-packages\django\template\base.py", line 513, in parse
    raise self.error(token, e)
  File "D:\Python 3\lib\site-packages\django\template\base.py", line 511, in parse
    compiled_result = compile_func(self, token)
  File "D:\Python 3\lib\site-packages\django\template\loader_tags.py", line 293, in do_extends
    nodelist = parser.parse()
  File "D:\Python 3\lib\site-packages\django\template\base.py", line 513, in parse
    raise self.error(token, e)
  File "D:\Python 3\lib\site-packages\django\template\base.py", line 511, in parse
    compiled_result = compile_func(self, token)
  File "D:\Python 3\lib\site-packages\django\template\loader_tags.py", line 232, in do_block
    nodelist = parser.parse(("endblock",))
  File "D:\Python 3\lib\site-packages\django\template\base.py", line 507, in parse
    self.invalid_block_tag(token, command, parse_until)
  File "D:\Python 3\lib\site-packages\django\template\base.py", line 558, in invalid_block_tag
    raise self.error(
django.template.exceptions.TemplateSyntaxError: Invalid block tag on line 17: 'static', expected 'endblock'. Did you forget to register or load this tag?
2023-09-13 14:28:09,498 ERROR    Internal Server Error: /funnypage
Traceback (most recent call last):
  File "D:\Python 3\lib\site-packages\django\template\base.py", line 505, in parse
    compile_func = self.tags[command]
KeyError: 'static'

During handling of the above exception, another exception occurred:

Traceback (most recent call last):
  File "D:\Python 3\lib\site-packages\django\core\handlers\exception.py", line 55, in inner
    response = get_response(request)
  File "D:\Python 3\lib\site-packages\django\core\handlers\base.py", line 197, in _get_response
    response = wrapped_callback(request, *callback_args, **callback_kwargs)
  File "D:\SCI2\SCI\lab4\mainapp\views.py", line 550, in funnypage
    return render(request, "funnypage.html")
  File "D:\Python 3\lib\site-packages\django\shortcuts.py", line 24, in render
    content = loader.render_to_string(template_name, context, request, using=using)
  File "D:\Python 3\lib\site-packages\django\template\loader.py", line 61, in render_to_string
    template = get_template(template_name, using=using)
  File "D:\Python 3\lib\site-packages\django\template\loader.py", line 15, in get_template
    return engine.get_template(template_name)
  File "D:\Python 3\lib\site-packages\django\template\backends\django.py", line 33, in get_template
    return Template(self.engine.get_template(template_name), self)
  File "D:\Python 3\lib\site-packages\django\template\engine.py", line 175, in get_template
    template, origin = self.find_template(template_name)
  File "D:\Python 3\lib\site-packages\django\template\engine.py", line 157, in find_template
    template = loader.get_template(name, skip=skip)
  File "D:\Python 3\lib\site-packages\django\template\loaders\cached.py", line 57, in get_template
    template = super().get_template(template_name, skip)
  File "D:\Python 3\lib\site-packages\django\template\loaders\base.py", line 28, in get_template
    return Template(
  File "D:\Python 3\lib\site-packages\django\template\base.py", line 154, in __init__
    self.nodelist = self.compile_nodelist()
  File "D:\Python 3\lib\site-packages\django\template\base.py", line 200, in compile_nodelist
    return parser.parse()
  File "D:\Python 3\lib\site-packages\django\template\base.py", line 513, in parse
    raise self.error(token, e)
  File "D:\Python 3\lib\site-packages\django\template\base.py", line 511, in parse
    compiled_result = compile_func(self, token)
  File "D:\Python 3\lib\site-packages\django\template\loader_tags.py", line 293, in do_extends
    nodelist = parser.parse()
  File "D:\Python 3\lib\site-packages\django\template\base.py", line 513, in parse
    raise self.error(token, e)
  File "D:\Python 3\lib\site-packages\django\template\base.py", line 511, in parse
    compiled_result = compile_func(self, token)
  File "D:\Python 3\lib\site-packages\django\template\loader_tags.py", line 232, in do_block
    nodelist = parser.parse(("endblock",))
  File "D:\Python 3\lib\site-packages\django\template\base.py", line 507, in parse
    self.invalid_block_tag(token, command, parse_until)
  File "D:\Python 3\lib\site-packages\django\template\base.py", line 558, in invalid_block_tag
    raise self.error(
django.template.exceptions.TemplateSyntaxError: Invalid block tag on line 17: 'static', expected 'endblock'. Did you forget to register or load this tag?
2023-09-13 14:28:11,253 ERROR    Internal Server Error: /funnypage
Traceback (most recent call last):
  File "D:\Python 3\lib\site-packages\django\template\base.py", line 505, in parse
    compile_func = self.tags[command]
KeyError: 'static'

During handling of the above exception, another exception occurred:

Traceback (most recent call last):
  File "D:\Python 3\lib\site-packages\django\core\handlers\exception.py", line 55, in inner
    response = get_response(request)
  File "D:\Python 3\lib\site-packages\django\core\handlers\base.py", line 197, in _get_response
    response = wrapped_callback(request, *callback_args, **callback_kwargs)
  File "D:\SCI2\SCI\lab4\mainapp\views.py", line 550, in funnypage
    return render(request, "funnypage.html")
  File "D:\Python 3\lib\site-packages\django\shortcuts.py", line 24, in render
    content = loader.render_to_string(template_name, context, request, using=using)
  File "D:\Python 3\lib\site-packages\django\template\loader.py", line 61, in render_to_string
    template = get_template(template_name, using=using)
  File "D:\Python 3\lib\site-packages\django\template\loader.py", line 15, in get_template
    return engine.get_template(template_name)
  File "D:\Python 3\lib\site-packages\django\template\backends\django.py", line 33, in get_template
    return Template(self.engine.get_template(template_name), self)
  File "D:\Python 3\lib\site-packages\django\template\engine.py", line 175, in get_template
    template, origin = self.find_template(template_name)
  File "D:\Python 3\lib\site-packages\django\template\engine.py", line 157, in find_template
    template = loader.get_template(name, skip=skip)
  File "D:\Python 3\lib\site-packages\django\template\loaders\cached.py", line 57, in get_template
    template = super().get_template(template_name, skip)
  File "D:\Python 3\lib\site-packages\django\template\loaders\base.py", line 28, in get_template
    return Template(
  File "D:\Python 3\lib\site-packages\django\template\base.py", line 154, in __init__
    self.nodelist = self.compile_nodelist()
  File "D:\Python 3\lib\site-packages\django\template\base.py", line 200, in compile_nodelist
    return parser.parse()
  File "D:\Python 3\lib\site-packages\django\template\base.py", line 513, in parse
    raise self.error(token, e)
  File "D:\Python 3\lib\site-packages\django\template\base.py", line 511, in parse
    compiled_result = compile_func(self, token)
  File "D:\Python 3\lib\site-packages\django\template\loader_tags.py", line 293, in do_extends
    nodelist = parser.parse()
  File "D:\Python 3\lib\site-packages\django\template\base.py", line 513, in parse
    raise self.error(token, e)
  File "D:\Python 3\lib\site-packages\django\template\base.py", line 511, in parse
    compiled_result = compile_func(self, token)
  File "D:\Python 3\lib\site-packages\django\template\loader_tags.py", line 232, in do_block
    nodelist = parser.parse(("endblock",))
  File "D:\Python 3\lib\site-packages\django\template\base.py", line 507, in parse
    self.invalid_block_tag(token, command, parse_until)
  File "D:\Python 3\lib\site-packages\django\template\base.py", line 558, in invalid_block_tag
    raise self.error(
django.template.exceptions.TemplateSyntaxError: Invalid block tag on line 17: 'static', expected 'endblock'. Did you forget to register or load this tag?
2023-09-13 14:28:11,454 ERROR    Internal Server Error: /funnypage
Traceback (most recent call last):
  File "D:\Python 3\lib\site-packages\django\template\base.py", line 505, in parse
    compile_func = self.tags[command]
KeyError: 'static'

During handling of the above exception, another exception occurred:

Traceback (most recent call last):
  File "D:\Python 3\lib\site-packages\django\core\handlers\exception.py", line 55, in inner
    response = get_response(request)
  File "D:\Python 3\lib\site-packages\django\core\handlers\base.py", line 197, in _get_response
    response = wrapped_callback(request, *callback_args, **callback_kwargs)
  File "D:\SCI2\SCI\lab4\mainapp\views.py", line 550, in funnypage
    return render(request, "funnypage.html")
  File "D:\Python 3\lib\site-packages\django\shortcuts.py", line 24, in render
    content = loader.render_to_string(template_name, context, request, using=using)
  File "D:\Python 3\lib\site-packages\django\template\loader.py", line 61, in render_to_string
    template = get_template(template_name, using=using)
  File "D:\Python 3\lib\site-packages\django\template\loader.py", line 15, in get_template
    return engine.get_template(template_name)
  File "D:\Python 3\lib\site-packages\django\template\backends\django.py", line 33, in get_template
    return Template(self.engine.get_template(template_name), self)
  File "D:\Python 3\lib\site-packages\django\template\engine.py", line 175, in get_template
    template, origin = self.find_template(template_name)
  File "D:\Python 3\lib\site-packages\django\template\engine.py", line 157, in find_template
    template = loader.get_template(name, skip=skip)
  File "D:\Python 3\lib\site-packages\django\template\loaders\cached.py", line 57, in get_template
    template = super().get_template(template_name, skip)
  File "D:\Python 3\lib\site-packages\django\template\loaders\base.py", line 28, in get_template
    return Template(
  File "D:\Python 3\lib\site-packages\django\template\base.py", line 154, in __init__
    self.nodelist = self.compile_nodelist()
  File "D:\Python 3\lib\site-packages\django\template\base.py", line 200, in compile_nodelist
    return parser.parse()
  File "D:\Python 3\lib\site-packages\django\template\base.py", line 513, in parse
    raise self.error(token, e)
  File "D:\Python 3\lib\site-packages\django\template\base.py", line 511, in parse
    compiled_result = compile_func(self, token)
  File "D:\Python 3\lib\site-packages\django\template\loader_tags.py", line 293, in do_extends
    nodelist = parser.parse()
  File "D:\Python 3\lib\site-packages\django\template\base.py", line 513, in parse
    raise self.error(token, e)
  File "D:\Python 3\lib\site-packages\django\template\base.py", line 511, in parse
    compiled_result = compile_func(self, token)
  File "D:\Python 3\lib\site-packages\django\template\loader_tags.py", line 232, in do_block
    nodelist = parser.parse(("endblock",))
  File "D:\Python 3\lib\site-packages\django\template\base.py", line 507, in parse
    self.invalid_block_tag(token, command, parse_until)
  File "D:\Python 3\lib\site-packages\django\template\base.py", line 558, in invalid_block_tag
    raise self.error(
django.template.exceptions.TemplateSyntaxError: Invalid block tag on line 17: 'static', expected 'endblock'. Did you forget to register or load this tag?
2023-09-13 14:28:11,669 ERROR    Internal Server Error: /funnypage
Traceback (most recent call last):
  File "D:\Python 3\lib\site-packages\django\template\base.py", line 505, in parse
    compile_func = self.tags[command]
KeyError: 'static'

During handling of the above exception, another exception occurred:

Traceback (most recent call last):
  File "D:\Python 3\lib\site-packages\django\core\handlers\exception.py", line 55, in inner
    response = get_response(request)
  File "D:\Python 3\lib\site-packages\django\core\handlers\base.py", line 197, in _get_response
    response = wrapped_callback(request, *callback_args, **callback_kwargs)
  File "D:\SCI2\SCI\lab4\mainapp\views.py", line 550, in funnypage
    return render(request, "funnypage.html")
  File "D:\Python 3\lib\site-packages\django\shortcuts.py", line 24, in render
    content = loader.render_to_string(template_name, context, request, using=using)
  File "D:\Python 3\lib\site-packages\django\template\loader.py", line 61, in render_to_string
    template = get_template(template_name, using=using)
  File "D:\Python 3\lib\site-packages\django\template\loader.py", line 15, in get_template
    return engine.get_template(template_name)
  File "D:\Python 3\lib\site-packages\django\template\backends\django.py", line 33, in get_template
    return Template(self.engine.get_template(template_name), self)
  File "D:\Python 3\lib\site-packages\django\template\engine.py", line 175, in get_template
    template, origin = self.find_template(template_name)
  File "D:\Python 3\lib\site-packages\django\template\engine.py", line 157, in find_template
    template = loader.get_template(name, skip=skip)
  File "D:\Python 3\lib\site-packages\django\template\loaders\cached.py", line 57, in get_template
    template = super().get_template(template_name, skip)
  File "D:\Python 3\lib\site-packages\django\template\loaders\base.py", line 28, in get_template
    return Template(
  File "D:\Python 3\lib\site-packages\django\template\base.py", line 154, in __init__
    self.nodelist = self.compile_nodelist()
  File "D:\Python 3\lib\site-packages\django\template\base.py", line 200, in compile_nodelist
    return parser.parse()
  File "D:\Python 3\lib\site-packages\django\template\base.py", line 513, in parse
    raise self.error(token, e)
  File "D:\Python 3\lib\site-packages\django\template\base.py", line 511, in parse
    compiled_result = compile_func(self, token)
  File "D:\Python 3\lib\site-packages\django\template\loader_tags.py", line 293, in do_extends
    nodelist = parser.parse()
  File "D:\Python 3\lib\site-packages\django\template\base.py", line 513, in parse
    raise self.error(token, e)
  File "D:\Python 3\lib\site-packages\django\template\base.py", line 511, in parse
    compiled_result = compile_func(self, token)
  File "D:\Python 3\lib\site-packages\django\template\loader_tags.py", line 232, in do_block
    nodelist = parser.parse(("endblock",))
  File "D:\Python 3\lib\site-packages\django\template\base.py", line 507, in parse
    self.invalid_block_tag(token, command, parse_until)
  File "D:\Python 3\lib\site-packages\django\template\base.py", line 558, in invalid_block_tag
    raise self.error(
django.template.exceptions.TemplateSyntaxError: Invalid block tag on line 17: 'static', expected 'endblock'. Did you forget to register or load this tag?
2023-09-13 14:28:35,163 ERROR    Internal Server Error: /funnypage
Traceback (most recent call last):
  File "D:\Python 3\lib\site-packages\django\template\base.py", line 505, in parse
    compile_func = self.tags[command]
KeyError: 'static'

During handling of the above exception, another exception occurred:

Traceback (most recent call last):
  File "D:\Python 3\lib\site-packages\django\core\handlers\exception.py", line 55, in inner
    response = get_response(request)
  File "D:\Python 3\lib\site-packages\django\core\handlers\base.py", line 197, in _get_response
    response = wrapped_callback(request, *callback_args, **callback_kwargs)
  File "D:\SCI2\SCI\lab4\mainapp\views.py", line 550, in funnypage
    return render(request, "funnypage.html")
  File "D:\Python 3\lib\site-packages\django\shortcuts.py", line 24, in render
    content = loader.render_to_string(template_name, context, request, using=using)
  File "D:\Python 3\lib\site-packages\django\template\loader.py", line 61, in render_to_string
    template = get_template(template_name, using=using)
  File "D:\Python 3\lib\site-packages\django\template\loader.py", line 15, in get_template
    return engine.get_template(template_name)
  File "D:\Python 3\lib\site-packages\django\template\backends\django.py", line 33, in get_template
    return Template(self.engine.get_template(template_name), self)
  File "D:\Python 3\lib\site-packages\django\template\engine.py", line 175, in get_template
    template, origin = self.find_template(template_name)
  File "D:\Python 3\lib\site-packages\django\template\engine.py", line 157, in find_template
    template = loader.get_template(name, skip=skip)
  File "D:\Python 3\lib\site-packages\django\template\loaders\cached.py", line 57, in get_template
    template = super().get_template(template_name, skip)
  File "D:\Python 3\lib\site-packages\django\template\loaders\base.py", line 28, in get_template
    return Template(
  File "D:\Python 3\lib\site-packages\django\template\base.py", line 154, in __init__
    self.nodelist = self.compile_nodelist()
  File "D:\Python 3\lib\site-packages\django\template\base.py", line 200, in compile_nodelist
    return parser.parse()
  File "D:\Python 3\lib\site-packages\django\template\base.py", line 513, in parse
    raise self.error(token, e)
  File "D:\Python 3\lib\site-packages\django\template\base.py", line 511, in parse
    compiled_result = compile_func(self, token)
  File "D:\Python 3\lib\site-packages\django\template\loader_tags.py", line 293, in do_extends
    nodelist = parser.parse()
  File "D:\Python 3\lib\site-packages\django\template\base.py", line 513, in parse
    raise self.error(token, e)
  File "D:\Python 3\lib\site-packages\django\template\base.py", line 511, in parse
    compiled_result = compile_func(self, token)
  File "D:\Python 3\lib\site-packages\django\template\loader_tags.py", line 232, in do_block
    nodelist = parser.parse(("endblock",))
  File "D:\Python 3\lib\site-packages\django\template\base.py", line 507, in parse
    self.invalid_block_tag(token, command, parse_until)
  File "D:\Python 3\lib\site-packages\django\template\base.py", line 558, in invalid_block_tag
    raise self.error(
django.template.exceptions.TemplateSyntaxError: Invalid block tag on line 17: 'static', expected 'endblock'. Did you forget to register or load this tag?
2023-09-13 14:28:36,894 ERROR    Internal Server Error: /funnypage
Traceback (most recent call last):
  File "D:\Python 3\lib\site-packages\django\template\base.py", line 505, in parse
    compile_func = self.tags[command]
KeyError: 'static'

During handling of the above exception, another exception occurred:

Traceback (most recent call last):
  File "D:\Python 3\lib\site-packages\django\core\handlers\exception.py", line 55, in inner
    response = get_response(request)
  File "D:\Python 3\lib\site-packages\django\core\handlers\base.py", line 197, in _get_response
    response = wrapped_callback(request, *callback_args, **callback_kwargs)
  File "D:\SCI2\SCI\lab4\mainapp\views.py", line 550, in funnypage
    return render(request, "funnypage.html")
  File "D:\Python 3\lib\site-packages\django\shortcuts.py", line 24, in render
    content = loader.render_to_string(template_name, context, request, using=using)
  File "D:\Python 3\lib\site-packages\django\template\loader.py", line 61, in render_to_string
    template = get_template(template_name, using=using)
  File "D:\Python 3\lib\site-packages\django\template\loader.py", line 15, in get_template
    return engine.get_template(template_name)
  File "D:\Python 3\lib\site-packages\django\template\backends\django.py", line 33, in get_template
    return Template(self.engine.get_template(template_name), self)
  File "D:\Python 3\lib\site-packages\django\template\engine.py", line 175, in get_template
    template, origin = self.find_template(template_name)
  File "D:\Python 3\lib\site-packages\django\template\engine.py", line 157, in find_template
    template = loader.get_template(name, skip=skip)
  File "D:\Python 3\lib\site-packages\django\template\loaders\cached.py", line 57, in get_template
    template = super().get_template(template_name, skip)
  File "D:\Python 3\lib\site-packages\django\template\loaders\base.py", line 28, in get_template
    return Template(
  File "D:\Python 3\lib\site-packages\django\template\base.py", line 154, in __init__
    self.nodelist = self.compile_nodelist()
  File "D:\Python 3\lib\site-packages\django\template\base.py", line 200, in compile_nodelist
    return parser.parse()
  File "D:\Python 3\lib\site-packages\django\template\base.py", line 513, in parse
    raise self.error(token, e)
  File "D:\Python 3\lib\site-packages\django\template\base.py", line 511, in parse
    compiled_result = compile_func(self, token)
  File "D:\Python 3\lib\site-packages\django\template\loader_tags.py", line 293, in do_extends
    nodelist = parser.parse()
  File "D:\Python 3\lib\site-packages\django\template\base.py", line 513, in parse
    raise self.error(token, e)
  File "D:\Python 3\lib\site-packages\django\template\base.py", line 511, in parse
    compiled_result = compile_func(self, token)
  File "D:\Python 3\lib\site-packages\django\template\loader_tags.py", line 232, in do_block
    nodelist = parser.parse(("endblock",))
  File "D:\Python 3\lib\site-packages\django\template\base.py", line 507, in parse
    self.invalid_block_tag(token, command, parse_until)
  File "D:\Python 3\lib\site-packages\django\template\base.py", line 558, in invalid_block_tag
    raise self.error(
django.template.exceptions.TemplateSyntaxError: Invalid block tag on line 17: 'static', expected 'endblock'. Did you forget to register or load this tag?
2023-09-13 15:12:00,219 INFO     D:\SCI2\SCI\Lab4\mainapp\views.py changed, reloading.
2023-09-13 15:12:01,603 INFO     Watching for file changes with StatReloader
2023-09-13 15:28:05,371 INFO     Watching for file changes with StatReloader
2023-09-13 15:28:07,497 INFO     somebody on the main page
2023-09-13 15:28:07,505 DEBUG    Starting new HTTPS connection (1): official-joke-api.appspot.com:443
2023-09-13 15:28:08,594 DEBUG    https://official-joke-api.appspot.com:443 "GET /random_joke HTTP/1.1" 200 None
2023-09-13 15:28:08,598 DEBUG    Starting new HTTPS connection (1): catfact.ninja:443
2023-09-13 15:28:09,351 DEBUG    https://catfact.ninja:443 "GET /fact HTTP/1.1" 200 None
